ARM GAS  /tmp/cclILAf6.s 			page 1


   1              		.cpu cortex-m4
   2              		.arch armv7e-m
   3              		.fpu fpv4-sp-d16
   4              		.eabi_attribute 27, 1
   5              		.eabi_attribute 28, 1
   6              		.eabi_attribute 20, 1
   7              		.eabi_attribute 21, 1
   8              		.eabi_attribute 23, 3
   9              		.eabi_attribute 24, 1
  10              		.eabi_attribute 25, 1
  11              		.eabi_attribute 26, 1
  12              		.eabi_attribute 30, 1
  13              		.eabi_attribute 34, 1
  14              		.eabi_attribute 18, 4
  15              		.file	"FreeRTOS-openocd.c"
  16              		.text
  17              	.Ltext0:
  18              		.cfi_sections	.debug_frame
  19              		.global	uxTopUsedPriority
  20              		.section	.rodata.uxTopUsedPriority,"a"
  21              		.align	2
  24              	uxTopUsedPriority:
  25 0000 06000000 		.word	6
  26              		.text
  27              	.Letext0:
  28              		.file 1 "FreeRTOS-openocd.c"
ARM GAS  /tmp/cclILAf6.s 			page 2


DEFINED SYMBOLS
                            *ABS*:0000000000000000 FreeRTOS-openocd.c
     /tmp/cclILAf6.s:24     .rodata.uxTopUsedPriority:0000000000000000 uxTopUsedPriority
     /tmp/cclILAf6.s:21     .rodata.uxTopUsedPriority:0000000000000000 $d

NO UNDEFINED SYMBOLS
