ARM GAS  /tmp/cc0irJ85.s 			page 1


   1              		.cpu cortex-m4
   2              		.arch armv7e-m
   3              		.fpu fpv4-sp-d16
   4              		.eabi_attribute 27, 1
   5              		.eabi_attribute 28, 1
   6              		.eabi_attribute 20, 1
   7              		.eabi_attribute 21, 1
   8              		.eabi_attribute 23, 3
   9              		.eabi_attribute 24, 1
  10              		.eabi_attribute 25, 1
  11              		.eabi_attribute 26, 1
  12              		.eabi_attribute 30, 1
  13              		.eabi_attribute 34, 1
  14              		.eabi_attribute 18, 4
  15              		.file	"stm32f4xx_hal_timebase_TIM.c"
  16              		.text
  17              	.Ltext0:
  18              		.cfi_sections	.debug_frame
  19              		.section	.text.HAL_InitTick,"ax",%progbits
  20              		.align	1
  21              		.global	HAL_InitTick
  22              		.syntax unified
  23              		.thumb
  24              		.thumb_func
  26              	HAL_InitTick:
  27              	.LVL0:
  28              	.LFB133:
  29              		.file 1 "Board/v3/Src/stm32f4xx_hal_timebase_TIM.c"
   1:Board/v3/Src/stm32f4xx_hal_timebase_TIM.c **** /**
   2:Board/v3/Src/stm32f4xx_hal_timebase_TIM.c ****   ******************************************************************************
   3:Board/v3/Src/stm32f4xx_hal_timebase_TIM.c ****   * @file    stm32f4xx_hal_timebase_TIM.c 
   4:Board/v3/Src/stm32f4xx_hal_timebase_TIM.c ****   * @brief   HAL time base based on the hardware TIM.
   5:Board/v3/Src/stm32f4xx_hal_timebase_TIM.c ****   ******************************************************************************
   6:Board/v3/Src/stm32f4xx_hal_timebase_TIM.c ****   * This notice applies to any and all portions of this file
   7:Board/v3/Src/stm32f4xx_hal_timebase_TIM.c ****   * that are not between comment pairs USER CODE BEGIN and
   8:Board/v3/Src/stm32f4xx_hal_timebase_TIM.c ****   * USER CODE END. Other portions of this file, whether 
   9:Board/v3/Src/stm32f4xx_hal_timebase_TIM.c ****   * inserted by the user or by software development tools
  10:Board/v3/Src/stm32f4xx_hal_timebase_TIM.c ****   * are owned by their respective copyright owners.
  11:Board/v3/Src/stm32f4xx_hal_timebase_TIM.c ****   *
  12:Board/v3/Src/stm32f4xx_hal_timebase_TIM.c ****   * Copyright (c) 2018 STMicroelectronics International N.V. 
  13:Board/v3/Src/stm32f4xx_hal_timebase_TIM.c ****   * All rights reserved.
  14:Board/v3/Src/stm32f4xx_hal_timebase_TIM.c ****   *
  15:Board/v3/Src/stm32f4xx_hal_timebase_TIM.c ****   * Redistribution and use in source and binary forms, with or without 
  16:Board/v3/Src/stm32f4xx_hal_timebase_TIM.c ****   * modification, are permitted, provided that the following conditions are met:
  17:Board/v3/Src/stm32f4xx_hal_timebase_TIM.c ****   *
  18:Board/v3/Src/stm32f4xx_hal_timebase_TIM.c ****   * 1. Redistribution of source code must retain the above copyright notice, 
  19:Board/v3/Src/stm32f4xx_hal_timebase_TIM.c ****   *    this list of conditions and the following disclaimer.
  20:Board/v3/Src/stm32f4xx_hal_timebase_TIM.c ****   * 2. Redistributions in binary form must reproduce the above copyright notice,
  21:Board/v3/Src/stm32f4xx_hal_timebase_TIM.c ****   *    this list of conditions and the following disclaimer in the documentation
  22:Board/v3/Src/stm32f4xx_hal_timebase_TIM.c ****   *    and/or other materials provided with the distribution.
  23:Board/v3/Src/stm32f4xx_hal_timebase_TIM.c ****   * 3. Neither the name of STMicroelectronics nor the names of other 
  24:Board/v3/Src/stm32f4xx_hal_timebase_TIM.c ****   *    contributors to this software may be used to endorse or promote products 
  25:Board/v3/Src/stm32f4xx_hal_timebase_TIM.c ****   *    derived from this software without specific written permission.
  26:Board/v3/Src/stm32f4xx_hal_timebase_TIM.c ****   * 4. This software, including modifications and/or derivative works of this 
  27:Board/v3/Src/stm32f4xx_hal_timebase_TIM.c ****   *    software, must execute solely and exclusively on microcontroller or
  28:Board/v3/Src/stm32f4xx_hal_timebase_TIM.c ****   *    microprocessor devices manufactured by or for STMicroelectronics.
  29:Board/v3/Src/stm32f4xx_hal_timebase_TIM.c ****   * 5. Redistribution and use of this software other than as permitted under 
ARM GAS  /tmp/cc0irJ85.s 			page 2


  30:Board/v3/Src/stm32f4xx_hal_timebase_TIM.c ****   *    this license is void and will automatically terminate your rights under 
  31:Board/v3/Src/stm32f4xx_hal_timebase_TIM.c ****   *    this license. 
  32:Board/v3/Src/stm32f4xx_hal_timebase_TIM.c ****   *
  33:Board/v3/Src/stm32f4xx_hal_timebase_TIM.c ****   * THIS SOFTWARE IS PROVIDED BY STMICROELECTRONICS AND CONTRIBUTORS "AS IS" 
  34:Board/v3/Src/stm32f4xx_hal_timebase_TIM.c ****   * AND ANY EXPRESS, IMPLIED OR STATUTORY WARRANTIES, INCLUDING, BUT NOT 
  35:Board/v3/Src/stm32f4xx_hal_timebase_TIM.c ****   * LIMITED TO, THE IMPLIED WARRANTIES OF MERCHANTABILITY, FITNESS FOR A 
  36:Board/v3/Src/stm32f4xx_hal_timebase_TIM.c ****   * PARTICULAR PURPOSE AND NON-INFRINGEMENT OF THIRD PARTY INTELLECTUAL PROPERTY
  37:Board/v3/Src/stm32f4xx_hal_timebase_TIM.c ****   * RIGHTS ARE DISCLAIMED TO THE FULLEST EXTENT PERMITTED BY LAW. IN NO EVENT 
  38:Board/v3/Src/stm32f4xx_hal_timebase_TIM.c ****   * SHALL STMICROELECTRONICS OR CONTRIBUTORS BE LIABLE FOR ANY DIRECT, INDIRECT,
  39:Board/v3/Src/stm32f4xx_hal_timebase_TIM.c ****   * INCIDENTAL, SPECIAL, EXEMPLARY, OR CONSEQUENTIAL DAMAGES (INCLUDING, BUT NOT
  40:Board/v3/Src/stm32f4xx_hal_timebase_TIM.c ****   * LIMITED TO, PROCUREMENT OF SUBSTITUTE GOODS OR SERVICES; LOSS OF USE, DATA, 
  41:Board/v3/Src/stm32f4xx_hal_timebase_TIM.c ****   * OR PROFITS; OR BUSINESS INTERRUPTION) HOWEVER CAUSED AND ON ANY THEORY OF 
  42:Board/v3/Src/stm32f4xx_hal_timebase_TIM.c ****   * LIABILITY, WHETHER IN CONTRACT, STRICT LIABILITY, OR TORT (INCLUDING 
  43:Board/v3/Src/stm32f4xx_hal_timebase_TIM.c ****   * NEGLIGENCE OR OTHERWISE) ARISING IN ANY WAY OUT OF THE USE OF THIS SOFTWARE,
  44:Board/v3/Src/stm32f4xx_hal_timebase_TIM.c ****   * EVEN IF ADVISED OF THE POSSIBILITY OF SUCH DAMAGE.
  45:Board/v3/Src/stm32f4xx_hal_timebase_TIM.c ****   *
  46:Board/v3/Src/stm32f4xx_hal_timebase_TIM.c ****   ******************************************************************************
  47:Board/v3/Src/stm32f4xx_hal_timebase_TIM.c ****   */
  48:Board/v3/Src/stm32f4xx_hal_timebase_TIM.c **** 
  49:Board/v3/Src/stm32f4xx_hal_timebase_TIM.c **** /* Includes ------------------------------------------------------------------*/
  50:Board/v3/Src/stm32f4xx_hal_timebase_TIM.c **** #include "stm32f4xx_hal.h"
  51:Board/v3/Src/stm32f4xx_hal_timebase_TIM.c **** #include "stm32f4xx_hal_tim.h"
  52:Board/v3/Src/stm32f4xx_hal_timebase_TIM.c **** /** @addtogroup STM32F7xx_HAL_Examples
  53:Board/v3/Src/stm32f4xx_hal_timebase_TIM.c ****   * @{
  54:Board/v3/Src/stm32f4xx_hal_timebase_TIM.c ****   */
  55:Board/v3/Src/stm32f4xx_hal_timebase_TIM.c **** 
  56:Board/v3/Src/stm32f4xx_hal_timebase_TIM.c **** /** @addtogroup HAL_TimeBase
  57:Board/v3/Src/stm32f4xx_hal_timebase_TIM.c ****   * @{
  58:Board/v3/Src/stm32f4xx_hal_timebase_TIM.c ****   */ 
  59:Board/v3/Src/stm32f4xx_hal_timebase_TIM.c **** 
  60:Board/v3/Src/stm32f4xx_hal_timebase_TIM.c **** /* Private typedef -----------------------------------------------------------*/
  61:Board/v3/Src/stm32f4xx_hal_timebase_TIM.c **** /* Private define ------------------------------------------------------------*/
  62:Board/v3/Src/stm32f4xx_hal_timebase_TIM.c **** /* Private macro -------------------------------------------------------------*/
  63:Board/v3/Src/stm32f4xx_hal_timebase_TIM.c **** /* Private variables ---------------------------------------------------------*/
  64:Board/v3/Src/stm32f4xx_hal_timebase_TIM.c **** TIM_HandleTypeDef        htim14; 
  65:Board/v3/Src/stm32f4xx_hal_timebase_TIM.c **** uint32_t                 uwIncrementState = 0;
  66:Board/v3/Src/stm32f4xx_hal_timebase_TIM.c **** /* Private function prototypes -----------------------------------------------*/
  67:Board/v3/Src/stm32f4xx_hal_timebase_TIM.c **** /* Private functions ---------------------------------------------------------*/
  68:Board/v3/Src/stm32f4xx_hal_timebase_TIM.c **** 
  69:Board/v3/Src/stm32f4xx_hal_timebase_TIM.c **** /**
  70:Board/v3/Src/stm32f4xx_hal_timebase_TIM.c ****   * @brief  This function configures the TIM14 as a time base source. 
  71:Board/v3/Src/stm32f4xx_hal_timebase_TIM.c ****   *         The time source is configured  to have 1ms time base with a dedicated 
  72:Board/v3/Src/stm32f4xx_hal_timebase_TIM.c ****   *         Tick interrupt priority. 
  73:Board/v3/Src/stm32f4xx_hal_timebase_TIM.c ****   * @note   This function is called  automatically at the beginning of program after
  74:Board/v3/Src/stm32f4xx_hal_timebase_TIM.c ****   *         reset by HAL_Init() or at any time when clock is configured, by HAL_RCC_ClockConfig(). 
  75:Board/v3/Src/stm32f4xx_hal_timebase_TIM.c ****   * @param  TickPriority: Tick interrupt priorty.
  76:Board/v3/Src/stm32f4xx_hal_timebase_TIM.c ****   * @retval HAL status
  77:Board/v3/Src/stm32f4xx_hal_timebase_TIM.c ****   */
  78:Board/v3/Src/stm32f4xx_hal_timebase_TIM.c **** HAL_StatusTypeDef HAL_InitTick(uint32_t TickPriority)
  79:Board/v3/Src/stm32f4xx_hal_timebase_TIM.c **** {
  30              		.loc 1 79 1 view -0
  31              		.cfi_startproc
  32              		@ args = 0, pretend = 0, frame = 32
  33              		@ frame_needed = 0, uses_anonymous_args = 0
  34              		.loc 1 79 1 is_stmt 0 view .LVU1
  35 0000 10B5     		push	{r4, lr}
  36              	.LCFI0:
ARM GAS  /tmp/cc0irJ85.s 			page 3


  37              		.cfi_def_cfa_offset 8
  38              		.cfi_offset 4, -8
  39              		.cfi_offset 14, -4
  40 0002 88B0     		sub	sp, sp, #32
  41              	.LCFI1:
  42              		.cfi_def_cfa_offset 40
  43 0004 0146     		mov	r1, r0
  80:Board/v3/Src/stm32f4xx_hal_timebase_TIM.c ****   RCC_ClkInitTypeDef    clkconfig;
  44              		.loc 1 80 3 is_stmt 1 view .LVU2
  81:Board/v3/Src/stm32f4xx_hal_timebase_TIM.c ****   uint32_t              uwTimclock = 0;
  45              		.loc 1 81 3 view .LVU3
  46              	.LVL1:
  82:Board/v3/Src/stm32f4xx_hal_timebase_TIM.c ****   uint32_t              uwPrescalerValue = 0;
  47              		.loc 1 82 3 view .LVU4
  83:Board/v3/Src/stm32f4xx_hal_timebase_TIM.c ****   uint32_t              pFLatency;
  48              		.loc 1 83 3 view .LVU5
  84:Board/v3/Src/stm32f4xx_hal_timebase_TIM.c ****   
  85:Board/v3/Src/stm32f4xx_hal_timebase_TIM.c ****   /*Configure the TIM14 IRQ priority */
  86:Board/v3/Src/stm32f4xx_hal_timebase_TIM.c ****   HAL_NVIC_SetPriority(TIM8_TRG_COM_TIM14_IRQn, TickPriority ,0); 
  49              		.loc 1 86 3 view .LVU6
  50 0006 0022     		movs	r2, #0
  51 0008 2D20     		movs	r0, #45
  52              	.LVL2:
  53              		.loc 1 86 3 is_stmt 0 view .LVU7
  54 000a FFF7FEFF 		bl	HAL_NVIC_SetPriority
  55              	.LVL3:
  87:Board/v3/Src/stm32f4xx_hal_timebase_TIM.c ****   
  88:Board/v3/Src/stm32f4xx_hal_timebase_TIM.c ****   /* Enable the TIM14 global Interrupt */
  89:Board/v3/Src/stm32f4xx_hal_timebase_TIM.c ****   HAL_NVIC_EnableIRQ(TIM8_TRG_COM_TIM14_IRQn); 
  56              		.loc 1 89 3 is_stmt 1 view .LVU8
  57 000e 2D20     		movs	r0, #45
  58 0010 FFF7FEFF 		bl	HAL_NVIC_EnableIRQ
  59              	.LVL4:
  90:Board/v3/Src/stm32f4xx_hal_timebase_TIM.c ****   
  91:Board/v3/Src/stm32f4xx_hal_timebase_TIM.c ****   /* Enable TIM14 clock */
  92:Board/v3/Src/stm32f4xx_hal_timebase_TIM.c ****   __HAL_RCC_TIM14_CLK_ENABLE();
  60              		.loc 1 92 3 view .LVU9
  61              	.LBB2:
  62              		.loc 1 92 3 view .LVU10
  63 0014 0024     		movs	r4, #0
  64 0016 0194     		str	r4, [sp, #4]
  65              		.loc 1 92 3 view .LVU11
  66 0018 144B     		ldr	r3, .L6
  67 001a 1A6C     		ldr	r2, [r3, #64]
  68 001c 42F48072 		orr	r2, r2, #256
  69 0020 1A64     		str	r2, [r3, #64]
  70              		.loc 1 92 3 view .LVU12
  71 0022 1B6C     		ldr	r3, [r3, #64]
  72 0024 03F48073 		and	r3, r3, #256
  73 0028 0193     		str	r3, [sp, #4]
  74              		.loc 1 92 3 view .LVU13
  75 002a 019B     		ldr	r3, [sp, #4]
  76              	.LBE2:
  77              		.loc 1 92 3 view .LVU14
  93:Board/v3/Src/stm32f4xx_hal_timebase_TIM.c ****   
  94:Board/v3/Src/stm32f4xx_hal_timebase_TIM.c ****   /* Get clock configuration */
  95:Board/v3/Src/stm32f4xx_hal_timebase_TIM.c ****   HAL_RCC_GetClockConfig(&clkconfig, &pFLatency);
ARM GAS  /tmp/cc0irJ85.s 			page 4


  78              		.loc 1 95 3 view .LVU15
  79 002c 02A9     		add	r1, sp, #8
  80 002e 03A8     		add	r0, sp, #12
  81 0030 FFF7FEFF 		bl	HAL_RCC_GetClockConfig
  82              	.LVL5:
  96:Board/v3/Src/stm32f4xx_hal_timebase_TIM.c ****   
  97:Board/v3/Src/stm32f4xx_hal_timebase_TIM.c ****   /* Compute TIM14 clock */
  98:Board/v3/Src/stm32f4xx_hal_timebase_TIM.c ****   uwTimclock = 2*HAL_RCC_GetPCLK1Freq();
  83              		.loc 1 98 3 view .LVU16
  84              		.loc 1 98 18 is_stmt 0 view .LVU17
  85 0034 FFF7FEFF 		bl	HAL_RCC_GetPCLK1Freq
  86              	.LVL6:
  87              		.loc 1 98 14 view .LVU18
  88 0038 4300     		lsls	r3, r0, #1
  89              	.LVL7:
  99:Board/v3/Src/stm32f4xx_hal_timebase_TIM.c ****    
 100:Board/v3/Src/stm32f4xx_hal_timebase_TIM.c ****   /* Compute the prescaler value to have TIM14 counter clock equal to 1MHz */
 101:Board/v3/Src/stm32f4xx_hal_timebase_TIM.c ****   uwPrescalerValue = (uint32_t) ((uwTimclock / 1000000) - 1);
  90              		.loc 1 101 3 is_stmt 1 view .LVU19
  91              		.loc 1 101 46 is_stmt 0 view .LVU20
  92 003a 0D48     		ldr	r0, .L6+4
  93 003c A0FB0323 		umull	r2, r3, r0, r3
  94              	.LVL8:
  95              		.loc 1 101 46 view .LVU21
  96 0040 9B0C     		lsrs	r3, r3, #18
  97              		.loc 1 101 20 view .LVU22
  98 0042 013B     		subs	r3, r3, #1
  99              	.LVL9:
 102:Board/v3/Src/stm32f4xx_hal_timebase_TIM.c ****   
 103:Board/v3/Src/stm32f4xx_hal_timebase_TIM.c ****   /* Initialize TIM14 */
 104:Board/v3/Src/stm32f4xx_hal_timebase_TIM.c ****   htim14.Instance = TIM14;
 100              		.loc 1 104 3 is_stmt 1 view .LVU23
 101              		.loc 1 104 19 is_stmt 0 view .LVU24
 102 0044 0B48     		ldr	r0, .L6+8
 103 0046 0C4A     		ldr	r2, .L6+12
 104 0048 0260     		str	r2, [r0]
 105:Board/v3/Src/stm32f4xx_hal_timebase_TIM.c ****   
 106:Board/v3/Src/stm32f4xx_hal_timebase_TIM.c ****   /* Initialize TIMx peripheral as follow:
 107:Board/v3/Src/stm32f4xx_hal_timebase_TIM.c ****   + Period = [(TIM14CLK/1000) - 1]. to have a (1/1000) s time base.
 108:Board/v3/Src/stm32f4xx_hal_timebase_TIM.c ****   + Prescaler = (uwTimclock/1000000 - 1) to have a 1MHz counter clock.
 109:Board/v3/Src/stm32f4xx_hal_timebase_TIM.c ****   + ClockDivision = 0
 110:Board/v3/Src/stm32f4xx_hal_timebase_TIM.c ****   + Counter direction = Up
 111:Board/v3/Src/stm32f4xx_hal_timebase_TIM.c ****   */
 112:Board/v3/Src/stm32f4xx_hal_timebase_TIM.c ****   htim14.Init.Period = (1000000 / 1000) - 1;
 105              		.loc 1 112 3 is_stmt 1 view .LVU25
 106              		.loc 1 112 22 is_stmt 0 view .LVU26
 107 004a 40F2E732 		movw	r2, #999
 108 004e C260     		str	r2, [r0, #12]
 113:Board/v3/Src/stm32f4xx_hal_timebase_TIM.c ****   htim14.Init.Prescaler = uwPrescalerValue;
 109              		.loc 1 113 3 is_stmt 1 view .LVU27
 110              		.loc 1 113 25 is_stmt 0 view .LVU28
 111 0050 4360     		str	r3, [r0, #4]
 114:Board/v3/Src/stm32f4xx_hal_timebase_TIM.c ****   htim14.Init.ClockDivision = 0;
 112              		.loc 1 114 3 is_stmt 1 view .LVU29
 113              		.loc 1 114 29 is_stmt 0 view .LVU30
 114 0052 0461     		str	r4, [r0, #16]
 115:Board/v3/Src/stm32f4xx_hal_timebase_TIM.c ****   htim14.Init.CounterMode = TIM_COUNTERMODE_UP;
ARM GAS  /tmp/cc0irJ85.s 			page 5


 115              		.loc 1 115 3 is_stmt 1 view .LVU31
 116              		.loc 1 115 27 is_stmt 0 view .LVU32
 117 0054 8460     		str	r4, [r0, #8]
 116:Board/v3/Src/stm32f4xx_hal_timebase_TIM.c ****   if(HAL_TIM_Base_Init(&htim14) == HAL_OK)
 118              		.loc 1 116 3 is_stmt 1 view .LVU33
 119              		.loc 1 116 6 is_stmt 0 view .LVU34
 120 0056 FFF7FEFF 		bl	HAL_TIM_Base_Init
 121              	.LVL10:
 122              		.loc 1 116 5 view .LVU35
 123 005a 10B1     		cbz	r0, .L5
 117:Board/v3/Src/stm32f4xx_hal_timebase_TIM.c ****   {
 118:Board/v3/Src/stm32f4xx_hal_timebase_TIM.c ****     /* Start the TIM time Base generation in interrupt mode */
 119:Board/v3/Src/stm32f4xx_hal_timebase_TIM.c ****     return HAL_TIM_Base_Start_IT(&htim14);
 120:Board/v3/Src/stm32f4xx_hal_timebase_TIM.c ****   }
 121:Board/v3/Src/stm32f4xx_hal_timebase_TIM.c ****   
 122:Board/v3/Src/stm32f4xx_hal_timebase_TIM.c ****   /* Return function status */
 123:Board/v3/Src/stm32f4xx_hal_timebase_TIM.c ****   return HAL_ERROR;
 124              		.loc 1 123 10 view .LVU36
 125 005c 0120     		movs	r0, #1
 126              	.L2:
 124:Board/v3/Src/stm32f4xx_hal_timebase_TIM.c **** }
 127              		.loc 1 124 1 view .LVU37
 128 005e 08B0     		add	sp, sp, #32
 129              	.LCFI2:
 130              		.cfi_remember_state
 131              		.cfi_def_cfa_offset 8
 132              		@ sp needed
 133 0060 10BD     		pop	{r4, pc}
 134              	.L5:
 135              	.LCFI3:
 136              		.cfi_restore_state
 119:Board/v3/Src/stm32f4xx_hal_timebase_TIM.c ****   }
 137              		.loc 1 119 5 is_stmt 1 view .LVU38
 119:Board/v3/Src/stm32f4xx_hal_timebase_TIM.c ****   }
 138              		.loc 1 119 12 is_stmt 0 view .LVU39
 139 0062 0448     		ldr	r0, .L6+8
 140 0064 FFF7FEFF 		bl	HAL_TIM_Base_Start_IT
 141              	.LVL11:
 142 0068 F9E7     		b	.L2
 143              	.L7:
 144 006a 00BF     		.align	2
 145              	.L6:
 146 006c 00380240 		.word	1073887232
 147 0070 83DE1B43 		.word	1125899907
 148 0074 00000000 		.word	.LANCHOR0
 149 0078 00200040 		.word	1073750016
 150              		.cfi_endproc
 151              	.LFE133:
 153              		.section	.text.HAL_SuspendTick,"ax",%progbits
 154              		.align	1
 155              		.global	HAL_SuspendTick
 156              		.syntax unified
 157              		.thumb
 158              		.thumb_func
 160              	HAL_SuspendTick:
 161              	.LFB134:
 125:Board/v3/Src/stm32f4xx_hal_timebase_TIM.c **** 
ARM GAS  /tmp/cc0irJ85.s 			page 6


 126:Board/v3/Src/stm32f4xx_hal_timebase_TIM.c **** /**
 127:Board/v3/Src/stm32f4xx_hal_timebase_TIM.c ****   * @brief  Suspend Tick increment.
 128:Board/v3/Src/stm32f4xx_hal_timebase_TIM.c ****   * @note   Disable the tick increment by disabling TIM14 update interrupt.
 129:Board/v3/Src/stm32f4xx_hal_timebase_TIM.c ****   * @param  None
 130:Board/v3/Src/stm32f4xx_hal_timebase_TIM.c ****   * @retval None
 131:Board/v3/Src/stm32f4xx_hal_timebase_TIM.c ****   */
 132:Board/v3/Src/stm32f4xx_hal_timebase_TIM.c **** void HAL_SuspendTick(void)
 133:Board/v3/Src/stm32f4xx_hal_timebase_TIM.c **** {
 162              		.loc 1 133 1 is_stmt 1 view -0
 163              		.cfi_startproc
 164              		@ args = 0, pretend = 0, frame = 0
 165              		@ frame_needed = 0, uses_anonymous_args = 0
 166              		@ link register save eliminated.
 134:Board/v3/Src/stm32f4xx_hal_timebase_TIM.c ****   /* Disable TIM14 update Interrupt */
 135:Board/v3/Src/stm32f4xx_hal_timebase_TIM.c ****   __HAL_TIM_DISABLE_IT(&htim14, TIM_IT_UPDATE);                                                  
 167              		.loc 1 135 3 view .LVU41
 168 0000 034B     		ldr	r3, .L9
 169 0002 1A68     		ldr	r2, [r3]
 170 0004 D368     		ldr	r3, [r2, #12]
 171 0006 23F00103 		bic	r3, r3, #1
 172 000a D360     		str	r3, [r2, #12]
 136:Board/v3/Src/stm32f4xx_hal_timebase_TIM.c **** }
 173              		.loc 1 136 1 is_stmt 0 view .LVU42
 174 000c 7047     		bx	lr
 175              	.L10:
 176 000e 00BF     		.align	2
 177              	.L9:
 178 0010 00000000 		.word	.LANCHOR0
 179              		.cfi_endproc
 180              	.LFE134:
 182              		.section	.text.HAL_ResumeTick,"ax",%progbits
 183              		.align	1
 184              		.global	HAL_ResumeTick
 185              		.syntax unified
 186              		.thumb
 187              		.thumb_func
 189              	HAL_ResumeTick:
 190              	.LFB135:
 137:Board/v3/Src/stm32f4xx_hal_timebase_TIM.c **** 
 138:Board/v3/Src/stm32f4xx_hal_timebase_TIM.c **** /**
 139:Board/v3/Src/stm32f4xx_hal_timebase_TIM.c ****   * @brief  Resume Tick increment.
 140:Board/v3/Src/stm32f4xx_hal_timebase_TIM.c ****   * @note   Enable the tick increment by Enabling TIM14 update interrupt.
 141:Board/v3/Src/stm32f4xx_hal_timebase_TIM.c ****   * @param  None
 142:Board/v3/Src/stm32f4xx_hal_timebase_TIM.c ****   * @retval None
 143:Board/v3/Src/stm32f4xx_hal_timebase_TIM.c ****   */
 144:Board/v3/Src/stm32f4xx_hal_timebase_TIM.c **** void HAL_ResumeTick(void)
 145:Board/v3/Src/stm32f4xx_hal_timebase_TIM.c **** {
 191              		.loc 1 145 1 is_stmt 1 view -0
 192              		.cfi_startproc
 193              		@ args = 0, pretend = 0, frame = 0
 194              		@ frame_needed = 0, uses_anonymous_args = 0
 195              		@ link register save eliminated.
 146:Board/v3/Src/stm32f4xx_hal_timebase_TIM.c ****   /* Enable TIM14 Update interrupt */
 147:Board/v3/Src/stm32f4xx_hal_timebase_TIM.c ****   __HAL_TIM_ENABLE_IT(&htim14, TIM_IT_UPDATE);
 196              		.loc 1 147 3 view .LVU44
 197 0000 034B     		ldr	r3, .L12
 198 0002 1A68     		ldr	r2, [r3]
ARM GAS  /tmp/cc0irJ85.s 			page 7


 199 0004 D368     		ldr	r3, [r2, #12]
 200 0006 43F00103 		orr	r3, r3, #1
 201 000a D360     		str	r3, [r2, #12]
 148:Board/v3/Src/stm32f4xx_hal_timebase_TIM.c **** }
 202              		.loc 1 148 1 is_stmt 0 view .LVU45
 203 000c 7047     		bx	lr
 204              	.L13:
 205 000e 00BF     		.align	2
 206              	.L12:
 207 0010 00000000 		.word	.LANCHOR0
 208              		.cfi_endproc
 209              	.LFE135:
 211              		.global	uwIncrementState
 212              		.global	htim14
 213              		.section	.bss.htim14,"aw",%nobits
 214              		.align	2
 215              		.set	.LANCHOR0,. + 0
 218              	htim14:
 219 0000 00000000 		.space	60
 219      00000000 
 219      00000000 
 219      00000000 
 219      00000000 
 220              		.section	.bss.uwIncrementState,"aw",%nobits
 221              		.align	2
 224              	uwIncrementState:
 225 0000 00000000 		.space	4
 226              		.text
 227              	.Letext0:
 228              		.file 2 "/opt/gcc-arm-none-eabi/arm-none-eabi/include/machine/_default_types.h"
 229              		.file 3 "/opt/gcc-arm-none-eabi/arm-none-eabi/include/sys/_stdint.h"
 230              		.file 4 "ThirdParty/CMSIS/Device/ST/STM32F4xx/Include/stm32f405xx.h"
 231              		.file 5 "ThirdParty/STM32F4xx_HAL_Driver/Inc/stm32f4xx_hal_def.h"
 232              		.file 6 "ThirdParty/STM32F4xx_HAL_Driver/Inc/stm32f4xx_hal_rcc.h"
 233              		.file 7 "ThirdParty/STM32F4xx_HAL_Driver/Inc/stm32f4xx_hal_dma.h"
 234              		.file 8 "ThirdParty/STM32F4xx_HAL_Driver/Inc/stm32f4xx_hal_tim.h"
 235              		.file 9 "ThirdParty/STM32F4xx_HAL_Driver/Inc/stm32f4xx_hal_cortex.h"
ARM GAS  /tmp/cc0irJ85.s 			page 8


DEFINED SYMBOLS
                            *ABS*:0000000000000000 stm32f4xx_hal_timebase_TIM.c
     /tmp/cc0irJ85.s:20     .text.HAL_InitTick:0000000000000000 $t
     /tmp/cc0irJ85.s:26     .text.HAL_InitTick:0000000000000000 HAL_InitTick
     /tmp/cc0irJ85.s:146    .text.HAL_InitTick:000000000000006c $d
     /tmp/cc0irJ85.s:154    .text.HAL_SuspendTick:0000000000000000 $t
     /tmp/cc0irJ85.s:160    .text.HAL_SuspendTick:0000000000000000 HAL_SuspendTick
     /tmp/cc0irJ85.s:178    .text.HAL_SuspendTick:0000000000000010 $d
     /tmp/cc0irJ85.s:183    .text.HAL_ResumeTick:0000000000000000 $t
     /tmp/cc0irJ85.s:189    .text.HAL_ResumeTick:0000000000000000 HAL_ResumeTick
     /tmp/cc0irJ85.s:207    .text.HAL_ResumeTick:0000000000000010 $d
     /tmp/cc0irJ85.s:224    .bss.uwIncrementState:0000000000000000 uwIncrementState
     /tmp/cc0irJ85.s:218    .bss.htim14:0000000000000000 htim14
     /tmp/cc0irJ85.s:214    .bss.htim14:0000000000000000 $d
     /tmp/cc0irJ85.s:221    .bss.uwIncrementState:0000000000000000 $d

UNDEFINED SYMBOLS
HAL_NVIC_SetPriority
HAL_NVIC_EnableIRQ
HAL_RCC_GetClockConfig
HAL_RCC_GetPCLK1Freq
HAL_TIM_Base_Init
HAL_TIM_Base_Start_IT
