ARM GAS  /tmp/ccmu43FC.s 			page 1


   1              		.cpu cortex-m4
   2              		.arch armv7e-m
   3              		.fpu fpv4-sp-d16
   4              		.eabi_attribute 27, 1
   5              		.eabi_attribute 28, 1
   6              		.eabi_attribute 20, 1
   7              		.eabi_attribute 21, 1
   8              		.eabi_attribute 23, 3
   9              		.eabi_attribute 24, 1
  10              		.eabi_attribute 25, 1
  11              		.eabi_attribute 26, 1
  12              		.eabi_attribute 30, 1
  13              		.eabi_attribute 34, 1
  14              		.eabi_attribute 18, 4
  15              		.file	"stm32f4xx_hal.c"
  16              		.text
  17              	.Ltext0:
  18              		.cfi_sections	.debug_frame
  19              		.section	.text.HAL_MspInit,"ax",%progbits
  20              		.align	1
  21              		.weak	HAL_MspInit
  22              		.syntax unified
  23              		.thumb
  24              		.thumb_func
  26              	HAL_MspInit:
  27              	.LFB135:
  28              		.file 1 "ThirdParty/STM32F4xx_HAL_Driver/Src/stm32f4xx_hal.c"
   1:ThirdParty/STM32F4xx_HAL_Driver/Src/stm32f4xx_hal.c **** /**
   2:ThirdParty/STM32F4xx_HAL_Driver/Src/stm32f4xx_hal.c ****   ******************************************************************************
   3:ThirdParty/STM32F4xx_HAL_Driver/Src/stm32f4xx_hal.c ****   * @file    stm32f4xx_hal.c
   4:ThirdParty/STM32F4xx_HAL_Driver/Src/stm32f4xx_hal.c ****   * @author  MCD Application Team
   5:ThirdParty/STM32F4xx_HAL_Driver/Src/stm32f4xx_hal.c ****   * @brief   HAL module driver.
   6:ThirdParty/STM32F4xx_HAL_Driver/Src/stm32f4xx_hal.c ****   *          This is the common part of the HAL initialization
   7:ThirdParty/STM32F4xx_HAL_Driver/Src/stm32f4xx_hal.c ****   *
   8:ThirdParty/STM32F4xx_HAL_Driver/Src/stm32f4xx_hal.c ****   @verbatim
   9:ThirdParty/STM32F4xx_HAL_Driver/Src/stm32f4xx_hal.c ****   ==============================================================================
  10:ThirdParty/STM32F4xx_HAL_Driver/Src/stm32f4xx_hal.c ****                      ##### How to use this driver #####
  11:ThirdParty/STM32F4xx_HAL_Driver/Src/stm32f4xx_hal.c ****   ==============================================================================
  12:ThirdParty/STM32F4xx_HAL_Driver/Src/stm32f4xx_hal.c ****     [..]
  13:ThirdParty/STM32F4xx_HAL_Driver/Src/stm32f4xx_hal.c ****     The common HAL driver contains a set of generic and common APIs that can be
  14:ThirdParty/STM32F4xx_HAL_Driver/Src/stm32f4xx_hal.c ****     used by the PPP peripheral drivers and the user to start using the HAL. 
  15:ThirdParty/STM32F4xx_HAL_Driver/Src/stm32f4xx_hal.c ****     [..]
  16:ThirdParty/STM32F4xx_HAL_Driver/Src/stm32f4xx_hal.c ****     The HAL contains two APIs' categories: 
  17:ThirdParty/STM32F4xx_HAL_Driver/Src/stm32f4xx_hal.c ****          (+) Common HAL APIs
  18:ThirdParty/STM32F4xx_HAL_Driver/Src/stm32f4xx_hal.c ****          (+) Services HAL APIs
  19:ThirdParty/STM32F4xx_HAL_Driver/Src/stm32f4xx_hal.c **** 
  20:ThirdParty/STM32F4xx_HAL_Driver/Src/stm32f4xx_hal.c ****   @endverbatim
  21:ThirdParty/STM32F4xx_HAL_Driver/Src/stm32f4xx_hal.c ****   ******************************************************************************
  22:ThirdParty/STM32F4xx_HAL_Driver/Src/stm32f4xx_hal.c ****   * @attention
  23:ThirdParty/STM32F4xx_HAL_Driver/Src/stm32f4xx_hal.c ****   *
  24:ThirdParty/STM32F4xx_HAL_Driver/Src/stm32f4xx_hal.c ****   * <h2><center>&copy; COPYRIGHT(c) 2017 STMicroelectronics</center></h2>
  25:ThirdParty/STM32F4xx_HAL_Driver/Src/stm32f4xx_hal.c ****   *
  26:ThirdParty/STM32F4xx_HAL_Driver/Src/stm32f4xx_hal.c ****   * Redistribution and use in source and binary forms, with or without modification,
  27:ThirdParty/STM32F4xx_HAL_Driver/Src/stm32f4xx_hal.c ****   * are permitted provided that the following conditions are met:
  28:ThirdParty/STM32F4xx_HAL_Driver/Src/stm32f4xx_hal.c ****   *   1. Redistributions of source code must retain the above copyright notice,
  29:ThirdParty/STM32F4xx_HAL_Driver/Src/stm32f4xx_hal.c ****   *      this list of conditions and the following disclaimer.
  30:ThirdParty/STM32F4xx_HAL_Driver/Src/stm32f4xx_hal.c ****   *   2. Redistributions in binary form must reproduce the above copyright notice,
ARM GAS  /tmp/ccmu43FC.s 			page 2


  31:ThirdParty/STM32F4xx_HAL_Driver/Src/stm32f4xx_hal.c ****   *      this list of conditions and the following disclaimer in the documentation
  32:ThirdParty/STM32F4xx_HAL_Driver/Src/stm32f4xx_hal.c ****   *      and/or other materials provided with the distribution.
  33:ThirdParty/STM32F4xx_HAL_Driver/Src/stm32f4xx_hal.c ****   *   3. Neither the name of STMicroelectronics nor the names of its contributors
  34:ThirdParty/STM32F4xx_HAL_Driver/Src/stm32f4xx_hal.c ****   *      may be used to endorse or promote products derived from this software
  35:ThirdParty/STM32F4xx_HAL_Driver/Src/stm32f4xx_hal.c ****   *      without specific prior written permission.
  36:ThirdParty/STM32F4xx_HAL_Driver/Src/stm32f4xx_hal.c ****   *
  37:ThirdParty/STM32F4xx_HAL_Driver/Src/stm32f4xx_hal.c ****   * THIS SOFTWARE IS PROVIDED BY THE COPYRIGHT HOLDERS AND CONTRIBUTORS "AS IS"
  38:ThirdParty/STM32F4xx_HAL_Driver/Src/stm32f4xx_hal.c ****   * AND ANY EXPRESS OR IMPLIED WARRANTIES, INCLUDING, BUT NOT LIMITED TO, THE
  39:ThirdParty/STM32F4xx_HAL_Driver/Src/stm32f4xx_hal.c ****   * IMPLIED WARRANTIES OF MERCHANTABILITY AND FITNESS FOR A PARTICULAR PURPOSE ARE
  40:ThirdParty/STM32F4xx_HAL_Driver/Src/stm32f4xx_hal.c ****   * DISCLAIMED. IN NO EVENT SHALL THE COPYRIGHT HOLDER OR CONTRIBUTORS BE LIABLE
  41:ThirdParty/STM32F4xx_HAL_Driver/Src/stm32f4xx_hal.c ****   * FOR ANY DIRECT, INDIRECT, INCIDENTAL, SPECIAL, EXEMPLARY, OR CONSEQUENTIAL
  42:ThirdParty/STM32F4xx_HAL_Driver/Src/stm32f4xx_hal.c ****   * DAMAGES (INCLUDING, BUT NOT LIMITED TO, PROCUREMENT OF SUBSTITUTE GOODS OR
  43:ThirdParty/STM32F4xx_HAL_Driver/Src/stm32f4xx_hal.c ****   * SERVICES; LOSS OF USE, DATA, OR PROFITS; OR BUSINESS INTERRUPTION) HOWEVER
  44:ThirdParty/STM32F4xx_HAL_Driver/Src/stm32f4xx_hal.c ****   * CAUSED AND ON ANY THEORY OF LIABILITY, WHETHER IN CONTRACT, STRICT LIABILITY,
  45:ThirdParty/STM32F4xx_HAL_Driver/Src/stm32f4xx_hal.c ****   * OR TORT (INCLUDING NEGLIGENCE OR OTHERWISE) ARISING IN ANY WAY OUT OF THE USE
  46:ThirdParty/STM32F4xx_HAL_Driver/Src/stm32f4xx_hal.c ****   * OF THIS SOFTWARE, EVEN IF ADVISED OF THE POSSIBILITY OF SUCH DAMAGE.
  47:ThirdParty/STM32F4xx_HAL_Driver/Src/stm32f4xx_hal.c ****   *
  48:ThirdParty/STM32F4xx_HAL_Driver/Src/stm32f4xx_hal.c ****   ******************************************************************************
  49:ThirdParty/STM32F4xx_HAL_Driver/Src/stm32f4xx_hal.c ****   */ 
  50:ThirdParty/STM32F4xx_HAL_Driver/Src/stm32f4xx_hal.c **** 
  51:ThirdParty/STM32F4xx_HAL_Driver/Src/stm32f4xx_hal.c **** /* Includes ------------------------------------------------------------------*/
  52:ThirdParty/STM32F4xx_HAL_Driver/Src/stm32f4xx_hal.c **** #include "stm32f4xx_hal.h"
  53:ThirdParty/STM32F4xx_HAL_Driver/Src/stm32f4xx_hal.c **** 
  54:ThirdParty/STM32F4xx_HAL_Driver/Src/stm32f4xx_hal.c **** /** @addtogroup STM32F4xx_HAL_Driver
  55:ThirdParty/STM32F4xx_HAL_Driver/Src/stm32f4xx_hal.c ****   * @{
  56:ThirdParty/STM32F4xx_HAL_Driver/Src/stm32f4xx_hal.c ****   */
  57:ThirdParty/STM32F4xx_HAL_Driver/Src/stm32f4xx_hal.c **** 
  58:ThirdParty/STM32F4xx_HAL_Driver/Src/stm32f4xx_hal.c **** /** @defgroup HAL HAL
  59:ThirdParty/STM32F4xx_HAL_Driver/Src/stm32f4xx_hal.c ****   * @brief HAL module driver.
  60:ThirdParty/STM32F4xx_HAL_Driver/Src/stm32f4xx_hal.c ****   * @{
  61:ThirdParty/STM32F4xx_HAL_Driver/Src/stm32f4xx_hal.c ****   */
  62:ThirdParty/STM32F4xx_HAL_Driver/Src/stm32f4xx_hal.c **** 
  63:ThirdParty/STM32F4xx_HAL_Driver/Src/stm32f4xx_hal.c **** /* Private typedef -----------------------------------------------------------*/
  64:ThirdParty/STM32F4xx_HAL_Driver/Src/stm32f4xx_hal.c **** /* Private define ------------------------------------------------------------*/
  65:ThirdParty/STM32F4xx_HAL_Driver/Src/stm32f4xx_hal.c **** /** @addtogroup HAL_Private_Constants
  66:ThirdParty/STM32F4xx_HAL_Driver/Src/stm32f4xx_hal.c ****   * @{
  67:ThirdParty/STM32F4xx_HAL_Driver/Src/stm32f4xx_hal.c ****   */
  68:ThirdParty/STM32F4xx_HAL_Driver/Src/stm32f4xx_hal.c **** /**
  69:ThirdParty/STM32F4xx_HAL_Driver/Src/stm32f4xx_hal.c ****   * @brief STM32F4xx HAL Driver version number V1.7.4
  70:ThirdParty/STM32F4xx_HAL_Driver/Src/stm32f4xx_hal.c ****   */
  71:ThirdParty/STM32F4xx_HAL_Driver/Src/stm32f4xx_hal.c **** #define __STM32F4xx_HAL_VERSION_MAIN   (0x01U) /*!< [31:24] main version */
  72:ThirdParty/STM32F4xx_HAL_Driver/Src/stm32f4xx_hal.c **** #define __STM32F4xx_HAL_VERSION_SUB1   (0x07U) /*!< [23:16] sub1 version */
  73:ThirdParty/STM32F4xx_HAL_Driver/Src/stm32f4xx_hal.c **** #define __STM32F4xx_HAL_VERSION_SUB2   (0x04U) /*!< [15:8]  sub2 version */
  74:ThirdParty/STM32F4xx_HAL_Driver/Src/stm32f4xx_hal.c **** #define __STM32F4xx_HAL_VERSION_RC     (0x00U) /*!< [7:0]  release candidate */ 
  75:ThirdParty/STM32F4xx_HAL_Driver/Src/stm32f4xx_hal.c **** #define __STM32F4xx_HAL_VERSION         ((__STM32F4xx_HAL_VERSION_MAIN << 24U)\
  76:ThirdParty/STM32F4xx_HAL_Driver/Src/stm32f4xx_hal.c ****                                         |(__STM32F4xx_HAL_VERSION_SUB1 << 16U)\
  77:ThirdParty/STM32F4xx_HAL_Driver/Src/stm32f4xx_hal.c ****                                         |(__STM32F4xx_HAL_VERSION_SUB2 << 8U )\
  78:ThirdParty/STM32F4xx_HAL_Driver/Src/stm32f4xx_hal.c ****                                         |(__STM32F4xx_HAL_VERSION_RC))
  79:ThirdParty/STM32F4xx_HAL_Driver/Src/stm32f4xx_hal.c ****                                         
  80:ThirdParty/STM32F4xx_HAL_Driver/Src/stm32f4xx_hal.c **** #define IDCODE_DEVID_MASK    0x00000FFFU
  81:ThirdParty/STM32F4xx_HAL_Driver/Src/stm32f4xx_hal.c **** 
  82:ThirdParty/STM32F4xx_HAL_Driver/Src/stm32f4xx_hal.c **** /* ------------ RCC registers bit address in the alias region ----------- */
  83:ThirdParty/STM32F4xx_HAL_Driver/Src/stm32f4xx_hal.c **** #define SYSCFG_OFFSET             (SYSCFG_BASE - PERIPH_BASE)
  84:ThirdParty/STM32F4xx_HAL_Driver/Src/stm32f4xx_hal.c **** /* ---  MEMRMP Register ---*/ 
  85:ThirdParty/STM32F4xx_HAL_Driver/Src/stm32f4xx_hal.c **** /* Alias word address of UFB_MODE bit */ 
  86:ThirdParty/STM32F4xx_HAL_Driver/Src/stm32f4xx_hal.c **** #define MEMRMP_OFFSET             SYSCFG_OFFSET 
  87:ThirdParty/STM32F4xx_HAL_Driver/Src/stm32f4xx_hal.c **** #define UFB_MODE_BIT_NUMBER       SYSCFG_MEMRMP_UFB_MODE_Pos
ARM GAS  /tmp/ccmu43FC.s 			page 3


  88:ThirdParty/STM32F4xx_HAL_Driver/Src/stm32f4xx_hal.c **** #define UFB_MODE_BB               (uint32_t)(PERIPH_BB_BASE + (MEMRMP_OFFSET * 32U) + (UFB_MODE_BIT
  89:ThirdParty/STM32F4xx_HAL_Driver/Src/stm32f4xx_hal.c **** 
  90:ThirdParty/STM32F4xx_HAL_Driver/Src/stm32f4xx_hal.c **** /* ---  CMPCR Register ---*/ 
  91:ThirdParty/STM32F4xx_HAL_Driver/Src/stm32f4xx_hal.c **** /* Alias word address of CMP_PD bit */ 
  92:ThirdParty/STM32F4xx_HAL_Driver/Src/stm32f4xx_hal.c **** #define CMPCR_OFFSET              (SYSCFG_OFFSET + 0x20U) 
  93:ThirdParty/STM32F4xx_HAL_Driver/Src/stm32f4xx_hal.c **** #define CMP_PD_BIT_NUMBER         SYSCFG_CMPCR_CMP_PD_Pos
  94:ThirdParty/STM32F4xx_HAL_Driver/Src/stm32f4xx_hal.c **** #define CMPCR_CMP_PD_BB           (uint32_t)(PERIPH_BB_BASE + (CMPCR_OFFSET * 32U) + (CMP_PD_BIT_NU
  95:ThirdParty/STM32F4xx_HAL_Driver/Src/stm32f4xx_hal.c **** 
  96:ThirdParty/STM32F4xx_HAL_Driver/Src/stm32f4xx_hal.c **** /* ---  MCHDLYCR Register ---*/ 
  97:ThirdParty/STM32F4xx_HAL_Driver/Src/stm32f4xx_hal.c **** /* Alias word address of BSCKSEL bit */ 
  98:ThirdParty/STM32F4xx_HAL_Driver/Src/stm32f4xx_hal.c **** #define MCHDLYCR_OFFSET            (SYSCFG_OFFSET + 0x30U) 
  99:ThirdParty/STM32F4xx_HAL_Driver/Src/stm32f4xx_hal.c **** #define BSCKSEL_BIT_NUMBER         SYSCFG_MCHDLYCR_BSCKSEL_Pos
 100:ThirdParty/STM32F4xx_HAL_Driver/Src/stm32f4xx_hal.c **** #define MCHDLYCR_BSCKSEL_BB        (uint32_t)(PERIPH_BB_BASE + (MCHDLYCR_OFFSET * 32U) + (BSCKSEL_B
 101:ThirdParty/STM32F4xx_HAL_Driver/Src/stm32f4xx_hal.c **** /**
 102:ThirdParty/STM32F4xx_HAL_Driver/Src/stm32f4xx_hal.c ****   * @}
 103:ThirdParty/STM32F4xx_HAL_Driver/Src/stm32f4xx_hal.c ****   */
 104:ThirdParty/STM32F4xx_HAL_Driver/Src/stm32f4xx_hal.c **** 
 105:ThirdParty/STM32F4xx_HAL_Driver/Src/stm32f4xx_hal.c **** /* Private macro -------------------------------------------------------------*/
 106:ThirdParty/STM32F4xx_HAL_Driver/Src/stm32f4xx_hal.c **** /* Private variables ---------------------------------------------------------*/
 107:ThirdParty/STM32F4xx_HAL_Driver/Src/stm32f4xx_hal.c **** /** @addtogroup HAL_Private_Variables
 108:ThirdParty/STM32F4xx_HAL_Driver/Src/stm32f4xx_hal.c ****   * @{
 109:ThirdParty/STM32F4xx_HAL_Driver/Src/stm32f4xx_hal.c ****   */
 110:ThirdParty/STM32F4xx_HAL_Driver/Src/stm32f4xx_hal.c **** __IO uint32_t uwTick;
 111:ThirdParty/STM32F4xx_HAL_Driver/Src/stm32f4xx_hal.c **** uint32_t uwTickPrio   = (1UL << __NVIC_PRIO_BITS); /* Invalid PRIO */
 112:ThirdParty/STM32F4xx_HAL_Driver/Src/stm32f4xx_hal.c **** HAL_TickFreqTypeDef uwTickFreq = HAL_TICK_FREQ_DEFAULT;  /* 1KHz */
 113:ThirdParty/STM32F4xx_HAL_Driver/Src/stm32f4xx_hal.c **** /**
 114:ThirdParty/STM32F4xx_HAL_Driver/Src/stm32f4xx_hal.c ****   * @}
 115:ThirdParty/STM32F4xx_HAL_Driver/Src/stm32f4xx_hal.c ****   */
 116:ThirdParty/STM32F4xx_HAL_Driver/Src/stm32f4xx_hal.c **** /* Private function prototypes -----------------------------------------------*/
 117:ThirdParty/STM32F4xx_HAL_Driver/Src/stm32f4xx_hal.c **** /* Private functions ---------------------------------------------------------*/
 118:ThirdParty/STM32F4xx_HAL_Driver/Src/stm32f4xx_hal.c **** 
 119:ThirdParty/STM32F4xx_HAL_Driver/Src/stm32f4xx_hal.c **** /** @defgroup HAL_Exported_Functions HAL Exported Functions
 120:ThirdParty/STM32F4xx_HAL_Driver/Src/stm32f4xx_hal.c ****   * @{
 121:ThirdParty/STM32F4xx_HAL_Driver/Src/stm32f4xx_hal.c ****   */
 122:ThirdParty/STM32F4xx_HAL_Driver/Src/stm32f4xx_hal.c **** 
 123:ThirdParty/STM32F4xx_HAL_Driver/Src/stm32f4xx_hal.c **** /** @defgroup HAL_Exported_Functions_Group1 Initialization and de-initialization Functions 
 124:ThirdParty/STM32F4xx_HAL_Driver/Src/stm32f4xx_hal.c ****  *  @brief    Initialization and de-initialization functions
 125:ThirdParty/STM32F4xx_HAL_Driver/Src/stm32f4xx_hal.c ****  *
 126:ThirdParty/STM32F4xx_HAL_Driver/Src/stm32f4xx_hal.c **** @verbatim    
 127:ThirdParty/STM32F4xx_HAL_Driver/Src/stm32f4xx_hal.c ****  ===============================================================================
 128:ThirdParty/STM32F4xx_HAL_Driver/Src/stm32f4xx_hal.c ****               ##### Initialization and Configuration functions #####
 129:ThirdParty/STM32F4xx_HAL_Driver/Src/stm32f4xx_hal.c ****  ===============================================================================
 130:ThirdParty/STM32F4xx_HAL_Driver/Src/stm32f4xx_hal.c ****     [..]  This section provides functions allowing to:
 131:ThirdParty/STM32F4xx_HAL_Driver/Src/stm32f4xx_hal.c ****       (+) Initializes the Flash interface the NVIC allocation and initial clock 
 132:ThirdParty/STM32F4xx_HAL_Driver/Src/stm32f4xx_hal.c ****           configuration. It initializes the systick also when timeout is needed 
 133:ThirdParty/STM32F4xx_HAL_Driver/Src/stm32f4xx_hal.c ****           and the backup domain when enabled.
 134:ThirdParty/STM32F4xx_HAL_Driver/Src/stm32f4xx_hal.c ****       (+) De-Initializes common part of the HAL.
 135:ThirdParty/STM32F4xx_HAL_Driver/Src/stm32f4xx_hal.c ****       (+) Configure the time base source to have 1ms time base with a dedicated 
 136:ThirdParty/STM32F4xx_HAL_Driver/Src/stm32f4xx_hal.c ****           Tick interrupt priority. 
 137:ThirdParty/STM32F4xx_HAL_Driver/Src/stm32f4xx_hal.c ****         (++) SysTick timer is used by default as source of time base, but user
 138:ThirdParty/STM32F4xx_HAL_Driver/Src/stm32f4xx_hal.c ****              can eventually implement his proper time base source (a general purpose 
 139:ThirdParty/STM32F4xx_HAL_Driver/Src/stm32f4xx_hal.c ****              timer for example or other time source), keeping in mind that Time base 
 140:ThirdParty/STM32F4xx_HAL_Driver/Src/stm32f4xx_hal.c ****              duration should be kept 1ms since PPP_TIMEOUT_VALUEs are defined and 
 141:ThirdParty/STM32F4xx_HAL_Driver/Src/stm32f4xx_hal.c ****              handled in milliseconds basis.
 142:ThirdParty/STM32F4xx_HAL_Driver/Src/stm32f4xx_hal.c ****         (++) Time base configuration function (HAL_InitTick ()) is called automatically 
 143:ThirdParty/STM32F4xx_HAL_Driver/Src/stm32f4xx_hal.c ****              at the beginning of the program after reset by HAL_Init() or at any time 
 144:ThirdParty/STM32F4xx_HAL_Driver/Src/stm32f4xx_hal.c ****              when clock is configured, by HAL_RCC_ClockConfig(). 
ARM GAS  /tmp/ccmu43FC.s 			page 4


 145:ThirdParty/STM32F4xx_HAL_Driver/Src/stm32f4xx_hal.c ****         (++) Source of time base is configured  to generate interrupts at regular 
 146:ThirdParty/STM32F4xx_HAL_Driver/Src/stm32f4xx_hal.c ****              time intervals. Care must be taken if HAL_Delay() is called from a 
 147:ThirdParty/STM32F4xx_HAL_Driver/Src/stm32f4xx_hal.c ****              peripheral ISR process, the Tick interrupt line must have higher priority 
 148:ThirdParty/STM32F4xx_HAL_Driver/Src/stm32f4xx_hal.c ****             (numerically lower) than the peripheral interrupt. Otherwise the caller 
 149:ThirdParty/STM32F4xx_HAL_Driver/Src/stm32f4xx_hal.c ****             ISR process will be blocked. 
 150:ThirdParty/STM32F4xx_HAL_Driver/Src/stm32f4xx_hal.c ****        (++) functions affecting time base configurations are declared as __weak  
 151:ThirdParty/STM32F4xx_HAL_Driver/Src/stm32f4xx_hal.c ****              to make  override possible  in case of other  implementations in user file.
 152:ThirdParty/STM32F4xx_HAL_Driver/Src/stm32f4xx_hal.c **** @endverbatim
 153:ThirdParty/STM32F4xx_HAL_Driver/Src/stm32f4xx_hal.c ****   * @{
 154:ThirdParty/STM32F4xx_HAL_Driver/Src/stm32f4xx_hal.c ****   */
 155:ThirdParty/STM32F4xx_HAL_Driver/Src/stm32f4xx_hal.c **** 
 156:ThirdParty/STM32F4xx_HAL_Driver/Src/stm32f4xx_hal.c **** /**
 157:ThirdParty/STM32F4xx_HAL_Driver/Src/stm32f4xx_hal.c ****   * @brief  This function is used to initialize the HAL Library; it must be the first 
 158:ThirdParty/STM32F4xx_HAL_Driver/Src/stm32f4xx_hal.c ****   *         instruction to be executed in the main program (before to call any other
 159:ThirdParty/STM32F4xx_HAL_Driver/Src/stm32f4xx_hal.c ****   *         HAL function), it performs the following:
 160:ThirdParty/STM32F4xx_HAL_Driver/Src/stm32f4xx_hal.c ****   *           Configure the Flash prefetch, instruction and Data caches.
 161:ThirdParty/STM32F4xx_HAL_Driver/Src/stm32f4xx_hal.c ****   *           Configures the SysTick to generate an interrupt each 1 millisecond,
 162:ThirdParty/STM32F4xx_HAL_Driver/Src/stm32f4xx_hal.c ****   *           which is clocked by the HSI (at this stage, the clock is not yet
 163:ThirdParty/STM32F4xx_HAL_Driver/Src/stm32f4xx_hal.c ****   *           configured and thus the system is running from the internal HSI at 16 MHz).
 164:ThirdParty/STM32F4xx_HAL_Driver/Src/stm32f4xx_hal.c ****   *           Set NVIC Group Priority to 4.
 165:ThirdParty/STM32F4xx_HAL_Driver/Src/stm32f4xx_hal.c ****   *           Calls the HAL_MspInit() callback function defined in user file 
 166:ThirdParty/STM32F4xx_HAL_Driver/Src/stm32f4xx_hal.c ****   *           "stm32f4xx_hal_msp.c" to do the global low level hardware initialization 
 167:ThirdParty/STM32F4xx_HAL_Driver/Src/stm32f4xx_hal.c ****   *            
 168:ThirdParty/STM32F4xx_HAL_Driver/Src/stm32f4xx_hal.c ****   * @note   SysTick is used as time base for the HAL_Delay() function, the application
 169:ThirdParty/STM32F4xx_HAL_Driver/Src/stm32f4xx_hal.c ****   *         need to ensure that the SysTick time base is always set to 1 millisecond
 170:ThirdParty/STM32F4xx_HAL_Driver/Src/stm32f4xx_hal.c ****   *         to have correct HAL operation.
 171:ThirdParty/STM32F4xx_HAL_Driver/Src/stm32f4xx_hal.c ****   * @retval HAL status
 172:ThirdParty/STM32F4xx_HAL_Driver/Src/stm32f4xx_hal.c ****   */
 173:ThirdParty/STM32F4xx_HAL_Driver/Src/stm32f4xx_hal.c **** HAL_StatusTypeDef HAL_Init(void)
 174:ThirdParty/STM32F4xx_HAL_Driver/Src/stm32f4xx_hal.c **** {
 175:ThirdParty/STM32F4xx_HAL_Driver/Src/stm32f4xx_hal.c ****   /* Configure Flash prefetch, Instruction cache, Data cache */ 
 176:ThirdParty/STM32F4xx_HAL_Driver/Src/stm32f4xx_hal.c **** #if (INSTRUCTION_CACHE_ENABLE != 0U)
 177:ThirdParty/STM32F4xx_HAL_Driver/Src/stm32f4xx_hal.c ****   __HAL_FLASH_INSTRUCTION_CACHE_ENABLE();
 178:ThirdParty/STM32F4xx_HAL_Driver/Src/stm32f4xx_hal.c **** #endif /* INSTRUCTION_CACHE_ENABLE */
 179:ThirdParty/STM32F4xx_HAL_Driver/Src/stm32f4xx_hal.c **** 
 180:ThirdParty/STM32F4xx_HAL_Driver/Src/stm32f4xx_hal.c **** #if (DATA_CACHE_ENABLE != 0U)
 181:ThirdParty/STM32F4xx_HAL_Driver/Src/stm32f4xx_hal.c ****   __HAL_FLASH_DATA_CACHE_ENABLE();
 182:ThirdParty/STM32F4xx_HAL_Driver/Src/stm32f4xx_hal.c **** #endif /* DATA_CACHE_ENABLE */
 183:ThirdParty/STM32F4xx_HAL_Driver/Src/stm32f4xx_hal.c **** 
 184:ThirdParty/STM32F4xx_HAL_Driver/Src/stm32f4xx_hal.c **** #if (PREFETCH_ENABLE != 0U)
 185:ThirdParty/STM32F4xx_HAL_Driver/Src/stm32f4xx_hal.c ****   __HAL_FLASH_PREFETCH_BUFFER_ENABLE();
 186:ThirdParty/STM32F4xx_HAL_Driver/Src/stm32f4xx_hal.c **** #endif /* PREFETCH_ENABLE */
 187:ThirdParty/STM32F4xx_HAL_Driver/Src/stm32f4xx_hal.c **** 
 188:ThirdParty/STM32F4xx_HAL_Driver/Src/stm32f4xx_hal.c ****   /* Set Interrupt Group Priority */
 189:ThirdParty/STM32F4xx_HAL_Driver/Src/stm32f4xx_hal.c ****   HAL_NVIC_SetPriorityGrouping(NVIC_PRIORITYGROUP_4);
 190:ThirdParty/STM32F4xx_HAL_Driver/Src/stm32f4xx_hal.c **** 
 191:ThirdParty/STM32F4xx_HAL_Driver/Src/stm32f4xx_hal.c ****   /* Use systick as time base source and configure 1ms tick (default clock after Reset is HSI) */
 192:ThirdParty/STM32F4xx_HAL_Driver/Src/stm32f4xx_hal.c ****   HAL_InitTick(TICK_INT_PRIORITY);
 193:ThirdParty/STM32F4xx_HAL_Driver/Src/stm32f4xx_hal.c **** 
 194:ThirdParty/STM32F4xx_HAL_Driver/Src/stm32f4xx_hal.c ****   /* Init the low level hardware */
 195:ThirdParty/STM32F4xx_HAL_Driver/Src/stm32f4xx_hal.c ****   HAL_MspInit();
 196:ThirdParty/STM32F4xx_HAL_Driver/Src/stm32f4xx_hal.c **** 
 197:ThirdParty/STM32F4xx_HAL_Driver/Src/stm32f4xx_hal.c ****   /* Return function status */
 198:ThirdParty/STM32F4xx_HAL_Driver/Src/stm32f4xx_hal.c ****   return HAL_OK;
 199:ThirdParty/STM32F4xx_HAL_Driver/Src/stm32f4xx_hal.c **** }
 200:ThirdParty/STM32F4xx_HAL_Driver/Src/stm32f4xx_hal.c **** 
 201:ThirdParty/STM32F4xx_HAL_Driver/Src/stm32f4xx_hal.c **** /**
ARM GAS  /tmp/ccmu43FC.s 			page 5


 202:ThirdParty/STM32F4xx_HAL_Driver/Src/stm32f4xx_hal.c ****   * @brief  This function de-Initializes common part of the HAL and stops the systick.
 203:ThirdParty/STM32F4xx_HAL_Driver/Src/stm32f4xx_hal.c ****   *         This function is optional.   
 204:ThirdParty/STM32F4xx_HAL_Driver/Src/stm32f4xx_hal.c ****   * @retval HAL status
 205:ThirdParty/STM32F4xx_HAL_Driver/Src/stm32f4xx_hal.c ****   */
 206:ThirdParty/STM32F4xx_HAL_Driver/Src/stm32f4xx_hal.c **** HAL_StatusTypeDef HAL_DeInit(void)
 207:ThirdParty/STM32F4xx_HAL_Driver/Src/stm32f4xx_hal.c **** {
 208:ThirdParty/STM32F4xx_HAL_Driver/Src/stm32f4xx_hal.c ****   /* Reset of all peripherals */
 209:ThirdParty/STM32F4xx_HAL_Driver/Src/stm32f4xx_hal.c ****   __HAL_RCC_APB1_FORCE_RESET();
 210:ThirdParty/STM32F4xx_HAL_Driver/Src/stm32f4xx_hal.c ****   __HAL_RCC_APB1_RELEASE_RESET();
 211:ThirdParty/STM32F4xx_HAL_Driver/Src/stm32f4xx_hal.c **** 
 212:ThirdParty/STM32F4xx_HAL_Driver/Src/stm32f4xx_hal.c ****   __HAL_RCC_APB2_FORCE_RESET();
 213:ThirdParty/STM32F4xx_HAL_Driver/Src/stm32f4xx_hal.c ****   __HAL_RCC_APB2_RELEASE_RESET();
 214:ThirdParty/STM32F4xx_HAL_Driver/Src/stm32f4xx_hal.c **** 
 215:ThirdParty/STM32F4xx_HAL_Driver/Src/stm32f4xx_hal.c ****   __HAL_RCC_AHB1_FORCE_RESET();
 216:ThirdParty/STM32F4xx_HAL_Driver/Src/stm32f4xx_hal.c ****   __HAL_RCC_AHB1_RELEASE_RESET();
 217:ThirdParty/STM32F4xx_HAL_Driver/Src/stm32f4xx_hal.c **** 
 218:ThirdParty/STM32F4xx_HAL_Driver/Src/stm32f4xx_hal.c ****   __HAL_RCC_AHB2_FORCE_RESET();
 219:ThirdParty/STM32F4xx_HAL_Driver/Src/stm32f4xx_hal.c ****   __HAL_RCC_AHB2_RELEASE_RESET();
 220:ThirdParty/STM32F4xx_HAL_Driver/Src/stm32f4xx_hal.c **** 
 221:ThirdParty/STM32F4xx_HAL_Driver/Src/stm32f4xx_hal.c ****   __HAL_RCC_AHB3_FORCE_RESET();
 222:ThirdParty/STM32F4xx_HAL_Driver/Src/stm32f4xx_hal.c ****   __HAL_RCC_AHB3_RELEASE_RESET();
 223:ThirdParty/STM32F4xx_HAL_Driver/Src/stm32f4xx_hal.c **** 
 224:ThirdParty/STM32F4xx_HAL_Driver/Src/stm32f4xx_hal.c ****   /* De-Init the low level hardware */
 225:ThirdParty/STM32F4xx_HAL_Driver/Src/stm32f4xx_hal.c ****   HAL_MspDeInit();
 226:ThirdParty/STM32F4xx_HAL_Driver/Src/stm32f4xx_hal.c ****     
 227:ThirdParty/STM32F4xx_HAL_Driver/Src/stm32f4xx_hal.c ****   /* Return function status */
 228:ThirdParty/STM32F4xx_HAL_Driver/Src/stm32f4xx_hal.c ****   return HAL_OK;
 229:ThirdParty/STM32F4xx_HAL_Driver/Src/stm32f4xx_hal.c **** }
 230:ThirdParty/STM32F4xx_HAL_Driver/Src/stm32f4xx_hal.c **** 
 231:ThirdParty/STM32F4xx_HAL_Driver/Src/stm32f4xx_hal.c **** /**
 232:ThirdParty/STM32F4xx_HAL_Driver/Src/stm32f4xx_hal.c ****   * @brief  Initialize the MSP.
 233:ThirdParty/STM32F4xx_HAL_Driver/Src/stm32f4xx_hal.c ****   * @retval None
 234:ThirdParty/STM32F4xx_HAL_Driver/Src/stm32f4xx_hal.c ****   */
 235:ThirdParty/STM32F4xx_HAL_Driver/Src/stm32f4xx_hal.c **** __weak void HAL_MspInit(void)
 236:ThirdParty/STM32F4xx_HAL_Driver/Src/stm32f4xx_hal.c **** {
  29              		.loc 1 236 1 view -0
  30              		.cfi_startproc
  31              		@ args = 0, pretend = 0, frame = 0
  32              		@ frame_needed = 0, uses_anonymous_args = 0
  33              		@ link register save eliminated.
 237:ThirdParty/STM32F4xx_HAL_Driver/Src/stm32f4xx_hal.c ****   /* NOTE : This function should not be modified, when the callback is needed,
 238:ThirdParty/STM32F4xx_HAL_Driver/Src/stm32f4xx_hal.c ****             the HAL_MspInit could be implemented in the user file
 239:ThirdParty/STM32F4xx_HAL_Driver/Src/stm32f4xx_hal.c ****    */
 240:ThirdParty/STM32F4xx_HAL_Driver/Src/stm32f4xx_hal.c **** }
  34              		.loc 1 240 1 view .LVU1
  35 0000 7047     		bx	lr
  36              		.cfi_endproc
  37              	.LFE135:
  39              		.section	.text.HAL_MspDeInit,"ax",%progbits
  40              		.align	1
  41              		.weak	HAL_MspDeInit
  42              		.syntax unified
  43              		.thumb
  44              		.thumb_func
  46              	HAL_MspDeInit:
  47              	.LFB136:
 241:ThirdParty/STM32F4xx_HAL_Driver/Src/stm32f4xx_hal.c **** 
ARM GAS  /tmp/ccmu43FC.s 			page 6


 242:ThirdParty/STM32F4xx_HAL_Driver/Src/stm32f4xx_hal.c **** /**
 243:ThirdParty/STM32F4xx_HAL_Driver/Src/stm32f4xx_hal.c ****   * @brief  DeInitializes the MSP.
 244:ThirdParty/STM32F4xx_HAL_Driver/Src/stm32f4xx_hal.c ****   * @retval None
 245:ThirdParty/STM32F4xx_HAL_Driver/Src/stm32f4xx_hal.c ****   */
 246:ThirdParty/STM32F4xx_HAL_Driver/Src/stm32f4xx_hal.c **** __weak void HAL_MspDeInit(void)
 247:ThirdParty/STM32F4xx_HAL_Driver/Src/stm32f4xx_hal.c **** {
  48              		.loc 1 247 1 view -0
  49              		.cfi_startproc
  50              		@ args = 0, pretend = 0, frame = 0
  51              		@ frame_needed = 0, uses_anonymous_args = 0
  52              		@ link register save eliminated.
 248:ThirdParty/STM32F4xx_HAL_Driver/Src/stm32f4xx_hal.c ****   /* NOTE : This function should not be modified, when the callback is needed,
 249:ThirdParty/STM32F4xx_HAL_Driver/Src/stm32f4xx_hal.c ****             the HAL_MspDeInit could be implemented in the user file
 250:ThirdParty/STM32F4xx_HAL_Driver/Src/stm32f4xx_hal.c ****    */ 
 251:ThirdParty/STM32F4xx_HAL_Driver/Src/stm32f4xx_hal.c **** }
  53              		.loc 1 251 1 view .LVU3
  54 0000 7047     		bx	lr
  55              		.cfi_endproc
  56              	.LFE136:
  58              		.section	.text.HAL_DeInit,"ax",%progbits
  59              		.align	1
  60              		.global	HAL_DeInit
  61              		.syntax unified
  62              		.thumb
  63              		.thumb_func
  65              	HAL_DeInit:
  66              	.LFB134:
 207:ThirdParty/STM32F4xx_HAL_Driver/Src/stm32f4xx_hal.c ****   /* Reset of all peripherals */
  67              		.loc 1 207 1 view -0
  68              		.cfi_startproc
  69              		@ args = 0, pretend = 0, frame = 0
  70              		@ frame_needed = 0, uses_anonymous_args = 0
  71 0000 10B5     		push	{r4, lr}
  72              	.LCFI0:
  73              		.cfi_def_cfa_offset 8
  74              		.cfi_offset 4, -8
  75              		.cfi_offset 14, -4
 209:ThirdParty/STM32F4xx_HAL_Driver/Src/stm32f4xx_hal.c ****   __HAL_RCC_APB1_RELEASE_RESET();
  76              		.loc 1 209 3 view .LVU5
  77 0002 094B     		ldr	r3, .L5
  78 0004 4FF0FF32 		mov	r2, #-1
  79 0008 1A62     		str	r2, [r3, #32]
 210:ThirdParty/STM32F4xx_HAL_Driver/Src/stm32f4xx_hal.c **** 
  80              		.loc 1 210 3 view .LVU6
  81 000a 0024     		movs	r4, #0
  82 000c 1C62     		str	r4, [r3, #32]
 212:ThirdParty/STM32F4xx_HAL_Driver/Src/stm32f4xx_hal.c ****   __HAL_RCC_APB2_RELEASE_RESET();
  83              		.loc 1 212 3 view .LVU7
  84 000e 5A62     		str	r2, [r3, #36]
 213:ThirdParty/STM32F4xx_HAL_Driver/Src/stm32f4xx_hal.c **** 
  85              		.loc 1 213 3 view .LVU8
  86 0010 5C62     		str	r4, [r3, #36]
 215:ThirdParty/STM32F4xx_HAL_Driver/Src/stm32f4xx_hal.c ****   __HAL_RCC_AHB1_RELEASE_RESET();
  87              		.loc 1 215 3 view .LVU9
  88 0012 1A61     		str	r2, [r3, #16]
 216:ThirdParty/STM32F4xx_HAL_Driver/Src/stm32f4xx_hal.c **** 
  89              		.loc 1 216 3 view .LVU10
ARM GAS  /tmp/ccmu43FC.s 			page 7


  90 0014 1C61     		str	r4, [r3, #16]
 218:ThirdParty/STM32F4xx_HAL_Driver/Src/stm32f4xx_hal.c ****   __HAL_RCC_AHB2_RELEASE_RESET();
  91              		.loc 1 218 3 view .LVU11
  92 0016 5A61     		str	r2, [r3, #20]
 219:ThirdParty/STM32F4xx_HAL_Driver/Src/stm32f4xx_hal.c **** 
  93              		.loc 1 219 3 view .LVU12
  94 0018 5C61     		str	r4, [r3, #20]
 221:ThirdParty/STM32F4xx_HAL_Driver/Src/stm32f4xx_hal.c ****   __HAL_RCC_AHB3_RELEASE_RESET();
  95              		.loc 1 221 3 view .LVU13
  96 001a 9A61     		str	r2, [r3, #24]
 222:ThirdParty/STM32F4xx_HAL_Driver/Src/stm32f4xx_hal.c **** 
  97              		.loc 1 222 3 view .LVU14
  98 001c 9C61     		str	r4, [r3, #24]
 225:ThirdParty/STM32F4xx_HAL_Driver/Src/stm32f4xx_hal.c ****     
  99              		.loc 1 225 3 view .LVU15
 100 001e FFF7FEFF 		bl	HAL_MspDeInit
 101              	.LVL0:
 228:ThirdParty/STM32F4xx_HAL_Driver/Src/stm32f4xx_hal.c **** }
 102              		.loc 1 228 3 view .LVU16
 229:ThirdParty/STM32F4xx_HAL_Driver/Src/stm32f4xx_hal.c **** 
 103              		.loc 1 229 1 is_stmt 0 view .LVU17
 104 0022 2046     		mov	r0, r4
 105 0024 10BD     		pop	{r4, pc}
 106              	.L6:
 107 0026 00BF     		.align	2
 108              	.L5:
 109 0028 00380240 		.word	1073887232
 110              		.cfi_endproc
 111              	.LFE134:
 113              		.section	.text.HAL_InitTick,"ax",%progbits
 114              		.align	1
 115              		.weak	HAL_InitTick
 116              		.syntax unified
 117              		.thumb
 118              		.thumb_func
 120              	HAL_InitTick:
 121              	.LVL1:
 122              	.LFB137:
 252:ThirdParty/STM32F4xx_HAL_Driver/Src/stm32f4xx_hal.c **** 
 253:ThirdParty/STM32F4xx_HAL_Driver/Src/stm32f4xx_hal.c **** /**
 254:ThirdParty/STM32F4xx_HAL_Driver/Src/stm32f4xx_hal.c ****   * @brief This function configures the source of the time base.
 255:ThirdParty/STM32F4xx_HAL_Driver/Src/stm32f4xx_hal.c ****   *        The time source is configured  to have 1ms time base with a dedicated 
 256:ThirdParty/STM32F4xx_HAL_Driver/Src/stm32f4xx_hal.c ****   *        Tick interrupt priority.
 257:ThirdParty/STM32F4xx_HAL_Driver/Src/stm32f4xx_hal.c ****   * @note This function is called  automatically at the beginning of program after
 258:ThirdParty/STM32F4xx_HAL_Driver/Src/stm32f4xx_hal.c ****   *       reset by HAL_Init() or at any time when clock is reconfigured  by HAL_RCC_ClockConfig().
 259:ThirdParty/STM32F4xx_HAL_Driver/Src/stm32f4xx_hal.c ****   * @note In the default implementation, SysTick timer is the source of time base. 
 260:ThirdParty/STM32F4xx_HAL_Driver/Src/stm32f4xx_hal.c ****   *       It is used to generate interrupts at regular time intervals. 
 261:ThirdParty/STM32F4xx_HAL_Driver/Src/stm32f4xx_hal.c ****   *       Care must be taken if HAL_Delay() is called from a peripheral ISR process, 
 262:ThirdParty/STM32F4xx_HAL_Driver/Src/stm32f4xx_hal.c ****   *       The SysTick interrupt must have higher priority (numerically lower)
 263:ThirdParty/STM32F4xx_HAL_Driver/Src/stm32f4xx_hal.c ****   *       than the peripheral interrupt. Otherwise the caller ISR process will be blocked.
 264:ThirdParty/STM32F4xx_HAL_Driver/Src/stm32f4xx_hal.c ****   *       The function is declared as __weak  to be overwritten  in case of other
 265:ThirdParty/STM32F4xx_HAL_Driver/Src/stm32f4xx_hal.c ****   *       implementation  in user file.
 266:ThirdParty/STM32F4xx_HAL_Driver/Src/stm32f4xx_hal.c ****   * @param TickPriority Tick interrupt priority.
 267:ThirdParty/STM32F4xx_HAL_Driver/Src/stm32f4xx_hal.c ****   * @retval HAL status
 268:ThirdParty/STM32F4xx_HAL_Driver/Src/stm32f4xx_hal.c ****   */
 269:ThirdParty/STM32F4xx_HAL_Driver/Src/stm32f4xx_hal.c **** __weak HAL_StatusTypeDef HAL_InitTick(uint32_t TickPriority)
 270:ThirdParty/STM32F4xx_HAL_Driver/Src/stm32f4xx_hal.c **** {
ARM GAS  /tmp/ccmu43FC.s 			page 8


 123              		.loc 1 270 1 is_stmt 1 view -0
 124              		.cfi_startproc
 125              		@ args = 0, pretend = 0, frame = 0
 126              		@ frame_needed = 0, uses_anonymous_args = 0
 127              		.loc 1 270 1 is_stmt 0 view .LVU19
 128 0000 10B5     		push	{r4, lr}
 129              	.LCFI1:
 130              		.cfi_def_cfa_offset 8
 131              		.cfi_offset 4, -8
 132              		.cfi_offset 14, -4
 133 0002 0446     		mov	r4, r0
 271:ThirdParty/STM32F4xx_HAL_Driver/Src/stm32f4xx_hal.c ****   /* Configure the SysTick to have interrupt in 1ms time basis*/
 272:ThirdParty/STM32F4xx_HAL_Driver/Src/stm32f4xx_hal.c ****   if (HAL_SYSTICK_Config(SystemCoreClock / (1000U / uwTickFreq)) > 0U)
 134              		.loc 1 272 3 is_stmt 1 view .LVU20
 135              		.loc 1 272 51 is_stmt 0 view .LVU21
 136 0004 0E4B     		ldr	r3, .L13
 137 0006 1878     		ldrb	r0, [r3]	@ zero_extendqisi2
 138              	.LVL2:
 139              		.loc 1 272 51 view .LVU22
 140 0008 4FF47A73 		mov	r3, #1000
 141 000c B3FBF0F3 		udiv	r3, r3, r0
 142              		.loc 1 272 7 view .LVU23
 143 0010 0C4A     		ldr	r2, .L13+4
 144 0012 1068     		ldr	r0, [r2]
 145 0014 B0FBF3F0 		udiv	r0, r0, r3
 146 0018 FFF7FEFF 		bl	HAL_SYSTICK_Config
 147              	.LVL3:
 148              		.loc 1 272 6 view .LVU24
 149 001c 68B9     		cbnz	r0, .L9
 273:ThirdParty/STM32F4xx_HAL_Driver/Src/stm32f4xx_hal.c ****   {
 274:ThirdParty/STM32F4xx_HAL_Driver/Src/stm32f4xx_hal.c ****     return HAL_ERROR;
 275:ThirdParty/STM32F4xx_HAL_Driver/Src/stm32f4xx_hal.c ****   }
 276:ThirdParty/STM32F4xx_HAL_Driver/Src/stm32f4xx_hal.c **** 
 277:ThirdParty/STM32F4xx_HAL_Driver/Src/stm32f4xx_hal.c ****   /* Configure the SysTick IRQ priority */
 278:ThirdParty/STM32F4xx_HAL_Driver/Src/stm32f4xx_hal.c ****   if (TickPriority < (1UL << __NVIC_PRIO_BITS))
 150              		.loc 1 278 3 is_stmt 1 view .LVU25
 151              		.loc 1 278 6 is_stmt 0 view .LVU26
 152 001e 0F2C     		cmp	r4, #15
 153 0020 01D9     		bls	.L12
 279:ThirdParty/STM32F4xx_HAL_Driver/Src/stm32f4xx_hal.c ****   {
 280:ThirdParty/STM32F4xx_HAL_Driver/Src/stm32f4xx_hal.c ****     HAL_NVIC_SetPriority(SysTick_IRQn, TickPriority, 0U);
 281:ThirdParty/STM32F4xx_HAL_Driver/Src/stm32f4xx_hal.c ****     uwTickPrio = TickPriority;
 282:ThirdParty/STM32F4xx_HAL_Driver/Src/stm32f4xx_hal.c ****   }
 283:ThirdParty/STM32F4xx_HAL_Driver/Src/stm32f4xx_hal.c ****   else
 284:ThirdParty/STM32F4xx_HAL_Driver/Src/stm32f4xx_hal.c ****   {
 285:ThirdParty/STM32F4xx_HAL_Driver/Src/stm32f4xx_hal.c ****     return HAL_ERROR;
 154              		.loc 1 285 12 view .LVU27
 155 0022 0120     		movs	r0, #1
 156 0024 0AE0     		b	.L8
 157              	.L12:
 280:ThirdParty/STM32F4xx_HAL_Driver/Src/stm32f4xx_hal.c ****     uwTickPrio = TickPriority;
 158              		.loc 1 280 5 is_stmt 1 view .LVU28
 159 0026 0022     		movs	r2, #0
 160 0028 2146     		mov	r1, r4
 161 002a 4FF0FF30 		mov	r0, #-1
 162 002e FFF7FEFF 		bl	HAL_NVIC_SetPriority
 163              	.LVL4:
ARM GAS  /tmp/ccmu43FC.s 			page 9


 281:ThirdParty/STM32F4xx_HAL_Driver/Src/stm32f4xx_hal.c ****   }
 164              		.loc 1 281 5 view .LVU29
 281:ThirdParty/STM32F4xx_HAL_Driver/Src/stm32f4xx_hal.c ****   }
 165              		.loc 1 281 16 is_stmt 0 view .LVU30
 166 0032 054B     		ldr	r3, .L13+8
 167 0034 1C60     		str	r4, [r3]
 286:ThirdParty/STM32F4xx_HAL_Driver/Src/stm32f4xx_hal.c ****   }
 287:ThirdParty/STM32F4xx_HAL_Driver/Src/stm32f4xx_hal.c **** 
 288:ThirdParty/STM32F4xx_HAL_Driver/Src/stm32f4xx_hal.c ****   /* Return function status */
 289:ThirdParty/STM32F4xx_HAL_Driver/Src/stm32f4xx_hal.c ****   return HAL_OK;
 168              		.loc 1 289 3 is_stmt 1 view .LVU31
 169              		.loc 1 289 10 is_stmt 0 view .LVU32
 170 0036 0020     		movs	r0, #0
 171 0038 00E0     		b	.L8
 172              	.L9:
 274:ThirdParty/STM32F4xx_HAL_Driver/Src/stm32f4xx_hal.c ****   }
 173              		.loc 1 274 12 view .LVU33
 174 003a 0120     		movs	r0, #1
 175              	.L8:
 290:ThirdParty/STM32F4xx_HAL_Driver/Src/stm32f4xx_hal.c **** }
 176              		.loc 1 290 1 view .LVU34
 177 003c 10BD     		pop	{r4, pc}
 178              	.LVL5:
 179              	.L14:
 180              		.loc 1 290 1 view .LVU35
 181 003e 00BF     		.align	2
 182              	.L13:
 183 0040 00000000 		.word	.LANCHOR0
 184 0044 00000000 		.word	SystemCoreClock
 185 0048 00000000 		.word	.LANCHOR1
 186              		.cfi_endproc
 187              	.LFE137:
 189              		.section	.text.HAL_Init,"ax",%progbits
 190              		.align	1
 191              		.global	HAL_Init
 192              		.syntax unified
 193              		.thumb
 194              		.thumb_func
 196              	HAL_Init:
 197              	.LFB133:
 174:ThirdParty/STM32F4xx_HAL_Driver/Src/stm32f4xx_hal.c ****   /* Configure Flash prefetch, Instruction cache, Data cache */ 
 198              		.loc 1 174 1 is_stmt 1 view -0
 199              		.cfi_startproc
 200              		@ args = 0, pretend = 0, frame = 0
 201              		@ frame_needed = 0, uses_anonymous_args = 0
 202 0000 08B5     		push	{r3, lr}
 203              	.LCFI2:
 204              		.cfi_def_cfa_offset 8
 205              		.cfi_offset 3, -8
 206              		.cfi_offset 14, -4
 177:ThirdParty/STM32F4xx_HAL_Driver/Src/stm32f4xx_hal.c **** #endif /* INSTRUCTION_CACHE_ENABLE */
 207              		.loc 1 177 3 view .LVU37
 208 0002 0B4B     		ldr	r3, .L17
 209 0004 1A68     		ldr	r2, [r3]
 210 0006 42F40072 		orr	r2, r2, #512
 211 000a 1A60     		str	r2, [r3]
 181:ThirdParty/STM32F4xx_HAL_Driver/Src/stm32f4xx_hal.c **** #endif /* DATA_CACHE_ENABLE */
ARM GAS  /tmp/ccmu43FC.s 			page 10


 212              		.loc 1 181 3 view .LVU38
 213 000c 1A68     		ldr	r2, [r3]
 214 000e 42F48062 		orr	r2, r2, #1024
 215 0012 1A60     		str	r2, [r3]
 185:ThirdParty/STM32F4xx_HAL_Driver/Src/stm32f4xx_hal.c **** #endif /* PREFETCH_ENABLE */
 216              		.loc 1 185 3 view .LVU39
 217 0014 1A68     		ldr	r2, [r3]
 218 0016 42F48072 		orr	r2, r2, #256
 219 001a 1A60     		str	r2, [r3]
 189:ThirdParty/STM32F4xx_HAL_Driver/Src/stm32f4xx_hal.c **** 
 220              		.loc 1 189 3 view .LVU40
 221 001c 0320     		movs	r0, #3
 222 001e FFF7FEFF 		bl	HAL_NVIC_SetPriorityGrouping
 223              	.LVL6:
 192:ThirdParty/STM32F4xx_HAL_Driver/Src/stm32f4xx_hal.c **** 
 224              		.loc 1 192 3 view .LVU41
 225 0022 0620     		movs	r0, #6
 226 0024 FFF7FEFF 		bl	HAL_InitTick
 227              	.LVL7:
 195:ThirdParty/STM32F4xx_HAL_Driver/Src/stm32f4xx_hal.c **** 
 228              		.loc 1 195 3 view .LVU42
 229 0028 FFF7FEFF 		bl	HAL_MspInit
 230              	.LVL8:
 198:ThirdParty/STM32F4xx_HAL_Driver/Src/stm32f4xx_hal.c **** }
 231              		.loc 1 198 3 view .LVU43
 199:ThirdParty/STM32F4xx_HAL_Driver/Src/stm32f4xx_hal.c **** 
 232              		.loc 1 199 1 is_stmt 0 view .LVU44
 233 002c 0020     		movs	r0, #0
 234 002e 08BD     		pop	{r3, pc}
 235              	.L18:
 236              		.align	2
 237              	.L17:
 238 0030 003C0240 		.word	1073888256
 239              		.cfi_endproc
 240              	.LFE133:
 242              		.section	.text.HAL_IncTick,"ax",%progbits
 243              		.align	1
 244              		.weak	HAL_IncTick
 245              		.syntax unified
 246              		.thumb
 247              		.thumb_func
 249              	HAL_IncTick:
 250              	.LFB138:
 291:ThirdParty/STM32F4xx_HAL_Driver/Src/stm32f4xx_hal.c **** 
 292:ThirdParty/STM32F4xx_HAL_Driver/Src/stm32f4xx_hal.c **** /**
 293:ThirdParty/STM32F4xx_HAL_Driver/Src/stm32f4xx_hal.c ****   * @}
 294:ThirdParty/STM32F4xx_HAL_Driver/Src/stm32f4xx_hal.c ****   */
 295:ThirdParty/STM32F4xx_HAL_Driver/Src/stm32f4xx_hal.c **** 
 296:ThirdParty/STM32F4xx_HAL_Driver/Src/stm32f4xx_hal.c **** /** @defgroup HAL_Exported_Functions_Group2 HAL Control functions 
 297:ThirdParty/STM32F4xx_HAL_Driver/Src/stm32f4xx_hal.c ****  *  @brief    HAL Control functions
 298:ThirdParty/STM32F4xx_HAL_Driver/Src/stm32f4xx_hal.c ****  *
 299:ThirdParty/STM32F4xx_HAL_Driver/Src/stm32f4xx_hal.c **** @verbatim
 300:ThirdParty/STM32F4xx_HAL_Driver/Src/stm32f4xx_hal.c ****  ===============================================================================
 301:ThirdParty/STM32F4xx_HAL_Driver/Src/stm32f4xx_hal.c ****                       ##### HAL Control functions #####
 302:ThirdParty/STM32F4xx_HAL_Driver/Src/stm32f4xx_hal.c ****  ===============================================================================
 303:ThirdParty/STM32F4xx_HAL_Driver/Src/stm32f4xx_hal.c ****     [..]  This section provides functions allowing to:
 304:ThirdParty/STM32F4xx_HAL_Driver/Src/stm32f4xx_hal.c ****       (+) Provide a tick value in millisecond
ARM GAS  /tmp/ccmu43FC.s 			page 11


 305:ThirdParty/STM32F4xx_HAL_Driver/Src/stm32f4xx_hal.c ****       (+) Provide a blocking delay in millisecond
 306:ThirdParty/STM32F4xx_HAL_Driver/Src/stm32f4xx_hal.c ****       (+) Suspend the time base source interrupt
 307:ThirdParty/STM32F4xx_HAL_Driver/Src/stm32f4xx_hal.c ****       (+) Resume the time base source interrupt
 308:ThirdParty/STM32F4xx_HAL_Driver/Src/stm32f4xx_hal.c ****       (+) Get the HAL API driver version
 309:ThirdParty/STM32F4xx_HAL_Driver/Src/stm32f4xx_hal.c ****       (+) Get the device identifier
 310:ThirdParty/STM32F4xx_HAL_Driver/Src/stm32f4xx_hal.c ****       (+) Get the device revision identifier
 311:ThirdParty/STM32F4xx_HAL_Driver/Src/stm32f4xx_hal.c ****       (+) Enable/Disable Debug module during SLEEP mode
 312:ThirdParty/STM32F4xx_HAL_Driver/Src/stm32f4xx_hal.c ****       (+) Enable/Disable Debug module during STOP mode
 313:ThirdParty/STM32F4xx_HAL_Driver/Src/stm32f4xx_hal.c ****       (+) Enable/Disable Debug module during STANDBY mode
 314:ThirdParty/STM32F4xx_HAL_Driver/Src/stm32f4xx_hal.c **** 
 315:ThirdParty/STM32F4xx_HAL_Driver/Src/stm32f4xx_hal.c **** @endverbatim
 316:ThirdParty/STM32F4xx_HAL_Driver/Src/stm32f4xx_hal.c ****   * @{
 317:ThirdParty/STM32F4xx_HAL_Driver/Src/stm32f4xx_hal.c ****   */
 318:ThirdParty/STM32F4xx_HAL_Driver/Src/stm32f4xx_hal.c **** 
 319:ThirdParty/STM32F4xx_HAL_Driver/Src/stm32f4xx_hal.c **** /**
 320:ThirdParty/STM32F4xx_HAL_Driver/Src/stm32f4xx_hal.c ****   * @brief This function is called to increment  a global variable "uwTick"
 321:ThirdParty/STM32F4xx_HAL_Driver/Src/stm32f4xx_hal.c ****   *        used as application time base.
 322:ThirdParty/STM32F4xx_HAL_Driver/Src/stm32f4xx_hal.c ****   * @note In the default implementation, this variable is incremented each 1ms
 323:ThirdParty/STM32F4xx_HAL_Driver/Src/stm32f4xx_hal.c ****   *       in SysTick ISR.
 324:ThirdParty/STM32F4xx_HAL_Driver/Src/stm32f4xx_hal.c ****  * @note This function is declared as __weak to be overwritten in case of other 
 325:ThirdParty/STM32F4xx_HAL_Driver/Src/stm32f4xx_hal.c ****   *      implementations in user file.
 326:ThirdParty/STM32F4xx_HAL_Driver/Src/stm32f4xx_hal.c ****   * @retval None
 327:ThirdParty/STM32F4xx_HAL_Driver/Src/stm32f4xx_hal.c ****   */
 328:ThirdParty/STM32F4xx_HAL_Driver/Src/stm32f4xx_hal.c **** __weak void HAL_IncTick(void)
 329:ThirdParty/STM32F4xx_HAL_Driver/Src/stm32f4xx_hal.c **** {
 251              		.loc 1 329 1 is_stmt 1 view -0
 252              		.cfi_startproc
 253              		@ args = 0, pretend = 0, frame = 0
 254              		@ frame_needed = 0, uses_anonymous_args = 0
 255              		@ link register save eliminated.
 330:ThirdParty/STM32F4xx_HAL_Driver/Src/stm32f4xx_hal.c ****   uwTick += uwTickFreq;
 256              		.loc 1 330 3 view .LVU46
 257              		.loc 1 330 10 is_stmt 0 view .LVU47
 258 0000 034A     		ldr	r2, .L20
 259 0002 1168     		ldr	r1, [r2]
 260 0004 034B     		ldr	r3, .L20+4
 261 0006 1B78     		ldrb	r3, [r3]	@ zero_extendqisi2
 262 0008 0B44     		add	r3, r3, r1
 263 000a 1360     		str	r3, [r2]
 331:ThirdParty/STM32F4xx_HAL_Driver/Src/stm32f4xx_hal.c **** }
 264              		.loc 1 331 1 view .LVU48
 265 000c 7047     		bx	lr
 266              	.L21:
 267 000e 00BF     		.align	2
 268              	.L20:
 269 0010 00000000 		.word	.LANCHOR2
 270 0014 00000000 		.word	.LANCHOR0
 271              		.cfi_endproc
 272              	.LFE138:
 274              		.section	.text.HAL_GetTick,"ax",%progbits
 275              		.align	1
 276              		.weak	HAL_GetTick
 277              		.syntax unified
 278              		.thumb
 279              		.thumb_func
 281              	HAL_GetTick:
 282              	.LFB139:
ARM GAS  /tmp/ccmu43FC.s 			page 12


 332:ThirdParty/STM32F4xx_HAL_Driver/Src/stm32f4xx_hal.c **** 
 333:ThirdParty/STM32F4xx_HAL_Driver/Src/stm32f4xx_hal.c **** /**
 334:ThirdParty/STM32F4xx_HAL_Driver/Src/stm32f4xx_hal.c ****   * @brief Provides a tick value in millisecond.
 335:ThirdParty/STM32F4xx_HAL_Driver/Src/stm32f4xx_hal.c ****   * @note This function is declared as __weak to be overwritten in case of other 
 336:ThirdParty/STM32F4xx_HAL_Driver/Src/stm32f4xx_hal.c ****   *       implementations in user file.
 337:ThirdParty/STM32F4xx_HAL_Driver/Src/stm32f4xx_hal.c ****   * @retval tick value
 338:ThirdParty/STM32F4xx_HAL_Driver/Src/stm32f4xx_hal.c ****   */
 339:ThirdParty/STM32F4xx_HAL_Driver/Src/stm32f4xx_hal.c **** __weak uint32_t HAL_GetTick(void)
 340:ThirdParty/STM32F4xx_HAL_Driver/Src/stm32f4xx_hal.c **** {
 283              		.loc 1 340 1 is_stmt 1 view -0
 284              		.cfi_startproc
 285              		@ args = 0, pretend = 0, frame = 0
 286              		@ frame_needed = 0, uses_anonymous_args = 0
 287              		@ link register save eliminated.
 341:ThirdParty/STM32F4xx_HAL_Driver/Src/stm32f4xx_hal.c ****   return uwTick;
 288              		.loc 1 341 3 view .LVU50
 289              		.loc 1 341 10 is_stmt 0 view .LVU51
 290 0000 014B     		ldr	r3, .L23
 291 0002 1868     		ldr	r0, [r3]
 342:ThirdParty/STM32F4xx_HAL_Driver/Src/stm32f4xx_hal.c **** }
 292              		.loc 1 342 1 view .LVU52
 293 0004 7047     		bx	lr
 294              	.L24:
 295 0006 00BF     		.align	2
 296              	.L23:
 297 0008 00000000 		.word	.LANCHOR2
 298              		.cfi_endproc
 299              	.LFE139:
 301              		.section	.text.HAL_GetTickPrio,"ax",%progbits
 302              		.align	1
 303              		.global	HAL_GetTickPrio
 304              		.syntax unified
 305              		.thumb
 306              		.thumb_func
 308              	HAL_GetTickPrio:
 309              	.LFB140:
 343:ThirdParty/STM32F4xx_HAL_Driver/Src/stm32f4xx_hal.c **** 
 344:ThirdParty/STM32F4xx_HAL_Driver/Src/stm32f4xx_hal.c **** /**
 345:ThirdParty/STM32F4xx_HAL_Driver/Src/stm32f4xx_hal.c ****   * @brief This function returns a tick priority.
 346:ThirdParty/STM32F4xx_HAL_Driver/Src/stm32f4xx_hal.c ****   * @retval tick priority
 347:ThirdParty/STM32F4xx_HAL_Driver/Src/stm32f4xx_hal.c ****   */
 348:ThirdParty/STM32F4xx_HAL_Driver/Src/stm32f4xx_hal.c **** uint32_t HAL_GetTickPrio(void)
 349:ThirdParty/STM32F4xx_HAL_Driver/Src/stm32f4xx_hal.c **** {
 310              		.loc 1 349 1 is_stmt 1 view -0
 311              		.cfi_startproc
 312              		@ args = 0, pretend = 0, frame = 0
 313              		@ frame_needed = 0, uses_anonymous_args = 0
 314              		@ link register save eliminated.
 350:ThirdParty/STM32F4xx_HAL_Driver/Src/stm32f4xx_hal.c ****   return uwTickPrio;
 315              		.loc 1 350 3 view .LVU54
 351:ThirdParty/STM32F4xx_HAL_Driver/Src/stm32f4xx_hal.c **** }
 316              		.loc 1 351 1 is_stmt 0 view .LVU55
 317 0000 014B     		ldr	r3, .L26
 318 0002 1868     		ldr	r0, [r3]
 319 0004 7047     		bx	lr
 320              	.L27:
 321 0006 00BF     		.align	2
ARM GAS  /tmp/ccmu43FC.s 			page 13


 322              	.L26:
 323 0008 00000000 		.word	.LANCHOR1
 324              		.cfi_endproc
 325              	.LFE140:
 327              		.section	.text.HAL_SetTickFreq,"ax",%progbits
 328              		.align	1
 329              		.global	HAL_SetTickFreq
 330              		.syntax unified
 331              		.thumb
 332              		.thumb_func
 334              	HAL_SetTickFreq:
 335              	.LVL9:
 336              	.LFB141:
 352:ThirdParty/STM32F4xx_HAL_Driver/Src/stm32f4xx_hal.c **** 
 353:ThirdParty/STM32F4xx_HAL_Driver/Src/stm32f4xx_hal.c **** /**
 354:ThirdParty/STM32F4xx_HAL_Driver/Src/stm32f4xx_hal.c ****   * @brief Set new tick Freq.
 355:ThirdParty/STM32F4xx_HAL_Driver/Src/stm32f4xx_hal.c ****   * @retval Status
 356:ThirdParty/STM32F4xx_HAL_Driver/Src/stm32f4xx_hal.c ****   */
 357:ThirdParty/STM32F4xx_HAL_Driver/Src/stm32f4xx_hal.c **** HAL_StatusTypeDef HAL_SetTickFreq(HAL_TickFreqTypeDef Freq)
 358:ThirdParty/STM32F4xx_HAL_Driver/Src/stm32f4xx_hal.c **** {
 337              		.loc 1 358 1 is_stmt 1 view -0
 338              		.cfi_startproc
 339              		@ args = 0, pretend = 0, frame = 0
 340              		@ frame_needed = 0, uses_anonymous_args = 0
 341              		.loc 1 358 1 is_stmt 0 view .LVU57
 342 0000 08B5     		push	{r3, lr}
 343              	.LCFI3:
 344              		.cfi_def_cfa_offset 8
 345              		.cfi_offset 3, -8
 346              		.cfi_offset 14, -4
 359:ThirdParty/STM32F4xx_HAL_Driver/Src/stm32f4xx_hal.c ****   HAL_StatusTypeDef status  = HAL_OK;
 347              		.loc 1 359 3 is_stmt 1 view .LVU58
 348              	.LVL10:
 360:ThirdParty/STM32F4xx_HAL_Driver/Src/stm32f4xx_hal.c ****   assert_param(IS_TICKFREQ(Freq));
 349              		.loc 1 360 3 view .LVU59
 361:ThirdParty/STM32F4xx_HAL_Driver/Src/stm32f4xx_hal.c **** 
 362:ThirdParty/STM32F4xx_HAL_Driver/Src/stm32f4xx_hal.c ****   if (uwTickFreq != Freq)
 350              		.loc 1 362 3 view .LVU60
 351              		.loc 1 362 18 is_stmt 0 view .LVU61
 352 0002 064B     		ldr	r3, .L33
 353 0004 1B78     		ldrb	r3, [r3]	@ zero_extendqisi2
 354              		.loc 1 362 6 view .LVU62
 355 0006 8342     		cmp	r3, r0
 356 0008 01D1     		bne	.L32
 359:ThirdParty/STM32F4xx_HAL_Driver/Src/stm32f4xx_hal.c ****   assert_param(IS_TICKFREQ(Freq));
 357              		.loc 1 359 21 view .LVU63
 358 000a 0020     		movs	r0, #0
 359              	.LVL11:
 360              	.L29:
 363:ThirdParty/STM32F4xx_HAL_Driver/Src/stm32f4xx_hal.c ****   {
 364:ThirdParty/STM32F4xx_HAL_Driver/Src/stm32f4xx_hal.c ****     uwTickFreq = Freq;
 365:ThirdParty/STM32F4xx_HAL_Driver/Src/stm32f4xx_hal.c **** 
 366:ThirdParty/STM32F4xx_HAL_Driver/Src/stm32f4xx_hal.c ****     /* Apply the new tick Freq  */
 367:ThirdParty/STM32F4xx_HAL_Driver/Src/stm32f4xx_hal.c ****     status = HAL_InitTick(uwTickPrio);
 368:ThirdParty/STM32F4xx_HAL_Driver/Src/stm32f4xx_hal.c ****   }
 369:ThirdParty/STM32F4xx_HAL_Driver/Src/stm32f4xx_hal.c **** 
 370:ThirdParty/STM32F4xx_HAL_Driver/Src/stm32f4xx_hal.c ****   return status;
ARM GAS  /tmp/ccmu43FC.s 			page 14


 361              		.loc 1 370 3 is_stmt 1 view .LVU64
 371:ThirdParty/STM32F4xx_HAL_Driver/Src/stm32f4xx_hal.c **** }
 362              		.loc 1 371 1 is_stmt 0 view .LVU65
 363 000c 08BD     		pop	{r3, pc}
 364              	.LVL12:
 365              	.L32:
 364:ThirdParty/STM32F4xx_HAL_Driver/Src/stm32f4xx_hal.c **** 
 366              		.loc 1 364 5 is_stmt 1 view .LVU66
 364:ThirdParty/STM32F4xx_HAL_Driver/Src/stm32f4xx_hal.c **** 
 367              		.loc 1 364 16 is_stmt 0 view .LVU67
 368 000e 034B     		ldr	r3, .L33
 369 0010 1870     		strb	r0, [r3]
 367:ThirdParty/STM32F4xx_HAL_Driver/Src/stm32f4xx_hal.c ****   }
 370              		.loc 1 367 5 is_stmt 1 view .LVU68
 367:ThirdParty/STM32F4xx_HAL_Driver/Src/stm32f4xx_hal.c ****   }
 371              		.loc 1 367 14 is_stmt 0 view .LVU69
 372 0012 034B     		ldr	r3, .L33+4
 373 0014 1868     		ldr	r0, [r3]
 374              	.LVL13:
 367:ThirdParty/STM32F4xx_HAL_Driver/Src/stm32f4xx_hal.c ****   }
 375              		.loc 1 367 14 view .LVU70
 376 0016 FFF7FEFF 		bl	HAL_InitTick
 377              	.LVL14:
 367:ThirdParty/STM32F4xx_HAL_Driver/Src/stm32f4xx_hal.c ****   }
 378              		.loc 1 367 14 view .LVU71
 379 001a F7E7     		b	.L29
 380              	.L34:
 381              		.align	2
 382              	.L33:
 383 001c 00000000 		.word	.LANCHOR0
 384 0020 00000000 		.word	.LANCHOR1
 385              		.cfi_endproc
 386              	.LFE141:
 388              		.section	.text.HAL_GetTickFreq,"ax",%progbits
 389              		.align	1
 390              		.global	HAL_GetTickFreq
 391              		.syntax unified
 392              		.thumb
 393              		.thumb_func
 395              	HAL_GetTickFreq:
 396              	.LFB142:
 372:ThirdParty/STM32F4xx_HAL_Driver/Src/stm32f4xx_hal.c **** 
 373:ThirdParty/STM32F4xx_HAL_Driver/Src/stm32f4xx_hal.c **** /**
 374:ThirdParty/STM32F4xx_HAL_Driver/Src/stm32f4xx_hal.c ****   * @brief Return tick frequency.
 375:ThirdParty/STM32F4xx_HAL_Driver/Src/stm32f4xx_hal.c ****   * @retval tick period in Hz
 376:ThirdParty/STM32F4xx_HAL_Driver/Src/stm32f4xx_hal.c ****   */
 377:ThirdParty/STM32F4xx_HAL_Driver/Src/stm32f4xx_hal.c **** HAL_TickFreqTypeDef HAL_GetTickFreq(void)
 378:ThirdParty/STM32F4xx_HAL_Driver/Src/stm32f4xx_hal.c **** {
 397              		.loc 1 378 1 is_stmt 1 view -0
 398              		.cfi_startproc
 399              		@ args = 0, pretend = 0, frame = 0
 400              		@ frame_needed = 0, uses_anonymous_args = 0
 401              		@ link register save eliminated.
 379:ThirdParty/STM32F4xx_HAL_Driver/Src/stm32f4xx_hal.c ****   return uwTickFreq;
 402              		.loc 1 379 3 view .LVU73
 380:ThirdParty/STM32F4xx_HAL_Driver/Src/stm32f4xx_hal.c **** }
 403              		.loc 1 380 1 is_stmt 0 view .LVU74
ARM GAS  /tmp/ccmu43FC.s 			page 15


 404 0000 014B     		ldr	r3, .L36
 405 0002 1878     		ldrb	r0, [r3]	@ zero_extendqisi2
 406 0004 7047     		bx	lr
 407              	.L37:
 408 0006 00BF     		.align	2
 409              	.L36:
 410 0008 00000000 		.word	.LANCHOR0
 411              		.cfi_endproc
 412              	.LFE142:
 414              		.section	.text.HAL_Delay,"ax",%progbits
 415              		.align	1
 416              		.weak	HAL_Delay
 417              		.syntax unified
 418              		.thumb
 419              		.thumb_func
 421              	HAL_Delay:
 422              	.LVL15:
 423              	.LFB143:
 381:ThirdParty/STM32F4xx_HAL_Driver/Src/stm32f4xx_hal.c **** 
 382:ThirdParty/STM32F4xx_HAL_Driver/Src/stm32f4xx_hal.c **** /**
 383:ThirdParty/STM32F4xx_HAL_Driver/Src/stm32f4xx_hal.c ****   * @brief This function provides minimum delay (in milliseconds) based 
 384:ThirdParty/STM32F4xx_HAL_Driver/Src/stm32f4xx_hal.c ****   *        on variable incremented.
 385:ThirdParty/STM32F4xx_HAL_Driver/Src/stm32f4xx_hal.c ****   * @note In the default implementation , SysTick timer is the source of time base.
 386:ThirdParty/STM32F4xx_HAL_Driver/Src/stm32f4xx_hal.c ****   *       It is used to generate interrupts at regular time intervals where uwTick
 387:ThirdParty/STM32F4xx_HAL_Driver/Src/stm32f4xx_hal.c ****   *       is incremented.
 388:ThirdParty/STM32F4xx_HAL_Driver/Src/stm32f4xx_hal.c ****   * @note This function is declared as __weak to be overwritten in case of other
 389:ThirdParty/STM32F4xx_HAL_Driver/Src/stm32f4xx_hal.c ****   *       implementations in user file.
 390:ThirdParty/STM32F4xx_HAL_Driver/Src/stm32f4xx_hal.c ****   * @param Delay specifies the delay time length, in milliseconds.
 391:ThirdParty/STM32F4xx_HAL_Driver/Src/stm32f4xx_hal.c ****   * @retval None
 392:ThirdParty/STM32F4xx_HAL_Driver/Src/stm32f4xx_hal.c ****   */
 393:ThirdParty/STM32F4xx_HAL_Driver/Src/stm32f4xx_hal.c **** __weak void HAL_Delay(uint32_t Delay)
 394:ThirdParty/STM32F4xx_HAL_Driver/Src/stm32f4xx_hal.c **** {
 424              		.loc 1 394 1 is_stmt 1 view -0
 425              		.cfi_startproc
 426              		@ args = 0, pretend = 0, frame = 0
 427              		@ frame_needed = 0, uses_anonymous_args = 0
 428              		.loc 1 394 1 is_stmt 0 view .LVU76
 429 0000 38B5     		push	{r3, r4, r5, lr}
 430              	.LCFI4:
 431              		.cfi_def_cfa_offset 16
 432              		.cfi_offset 3, -16
 433              		.cfi_offset 4, -12
 434              		.cfi_offset 5, -8
 435              		.cfi_offset 14, -4
 436 0002 0446     		mov	r4, r0
 395:ThirdParty/STM32F4xx_HAL_Driver/Src/stm32f4xx_hal.c ****   uint32_t tickstart = HAL_GetTick();
 437              		.loc 1 395 3 is_stmt 1 view .LVU77
 438              		.loc 1 395 24 is_stmt 0 view .LVU78
 439 0004 FFF7FEFF 		bl	HAL_GetTick
 440              	.LVL16:
 441              		.loc 1 395 24 view .LVU79
 442 0008 0546     		mov	r5, r0
 443              	.LVL17:
 396:ThirdParty/STM32F4xx_HAL_Driver/Src/stm32f4xx_hal.c ****   uint32_t wait = Delay;
 444              		.loc 1 396 3 is_stmt 1 view .LVU80
 397:ThirdParty/STM32F4xx_HAL_Driver/Src/stm32f4xx_hal.c **** 
 398:ThirdParty/STM32F4xx_HAL_Driver/Src/stm32f4xx_hal.c ****   /* Add a freq to guarantee minimum wait */
ARM GAS  /tmp/ccmu43FC.s 			page 16


 399:ThirdParty/STM32F4xx_HAL_Driver/Src/stm32f4xx_hal.c ****   if (wait < HAL_MAX_DELAY)
 445              		.loc 1 399 3 view .LVU81
 446              		.loc 1 399 6 is_stmt 0 view .LVU82
 447 000a B4F1FF3F 		cmp	r4, #-1
 448 000e 02D0     		beq	.L40
 400:ThirdParty/STM32F4xx_HAL_Driver/Src/stm32f4xx_hal.c ****   {
 401:ThirdParty/STM32F4xx_HAL_Driver/Src/stm32f4xx_hal.c ****     wait += (uint32_t)(uwTickFreq);
 449              		.loc 1 401 5 is_stmt 1 view .LVU83
 450              		.loc 1 401 13 is_stmt 0 view .LVU84
 451 0010 044B     		ldr	r3, .L42
 452 0012 1B78     		ldrb	r3, [r3]	@ zero_extendqisi2
 453              		.loc 1 401 10 view .LVU85
 454 0014 1C44     		add	r4, r4, r3
 455              	.LVL18:
 456              	.L40:
 402:ThirdParty/STM32F4xx_HAL_Driver/Src/stm32f4xx_hal.c ****   }
 403:ThirdParty/STM32F4xx_HAL_Driver/Src/stm32f4xx_hal.c **** 
 404:ThirdParty/STM32F4xx_HAL_Driver/Src/stm32f4xx_hal.c ****   while((HAL_GetTick() - tickstart) < wait)
 405:ThirdParty/STM32F4xx_HAL_Driver/Src/stm32f4xx_hal.c ****   {
 406:ThirdParty/STM32F4xx_HAL_Driver/Src/stm32f4xx_hal.c ****   }
 457              		.loc 1 406 3 is_stmt 1 discriminator 1 view .LVU86
 404:ThirdParty/STM32F4xx_HAL_Driver/Src/stm32f4xx_hal.c ****   {
 458              		.loc 1 404 8 discriminator 1 view .LVU87
 404:ThirdParty/STM32F4xx_HAL_Driver/Src/stm32f4xx_hal.c ****   {
 459              		.loc 1 404 10 is_stmt 0 discriminator 1 view .LVU88
 460 0016 FFF7FEFF 		bl	HAL_GetTick
 461              	.LVL19:
 404:ThirdParty/STM32F4xx_HAL_Driver/Src/stm32f4xx_hal.c ****   {
 462              		.loc 1 404 24 discriminator 1 view .LVU89
 463 001a 401B     		subs	r0, r0, r5
 404:ThirdParty/STM32F4xx_HAL_Driver/Src/stm32f4xx_hal.c ****   {
 464              		.loc 1 404 8 discriminator 1 view .LVU90
 465 001c A042     		cmp	r0, r4
 466 001e FAD3     		bcc	.L40
 407:ThirdParty/STM32F4xx_HAL_Driver/Src/stm32f4xx_hal.c **** }
 467              		.loc 1 407 1 view .LVU91
 468 0020 38BD     		pop	{r3, r4, r5, pc}
 469              	.LVL20:
 470              	.L43:
 471              		.loc 1 407 1 view .LVU92
 472 0022 00BF     		.align	2
 473              	.L42:
 474 0024 00000000 		.word	.LANCHOR0
 475              		.cfi_endproc
 476              	.LFE143:
 478              		.section	.text.HAL_SuspendTick,"ax",%progbits
 479              		.align	1
 480              		.weak	HAL_SuspendTick
 481              		.syntax unified
 482              		.thumb
 483              		.thumb_func
 485              	HAL_SuspendTick:
 486              	.LFB144:
 408:ThirdParty/STM32F4xx_HAL_Driver/Src/stm32f4xx_hal.c **** 
 409:ThirdParty/STM32F4xx_HAL_Driver/Src/stm32f4xx_hal.c **** /**
 410:ThirdParty/STM32F4xx_HAL_Driver/Src/stm32f4xx_hal.c ****   * @brief Suspend Tick increment.
 411:ThirdParty/STM32F4xx_HAL_Driver/Src/stm32f4xx_hal.c ****   * @note In the default implementation , SysTick timer is the source of time base. It is
ARM GAS  /tmp/ccmu43FC.s 			page 17


 412:ThirdParty/STM32F4xx_HAL_Driver/Src/stm32f4xx_hal.c ****   *       used to generate interrupts at regular time intervals. Once HAL_SuspendTick()
 413:ThirdParty/STM32F4xx_HAL_Driver/Src/stm32f4xx_hal.c ****   *       is called, the SysTick interrupt will be disabled and so Tick increment 
 414:ThirdParty/STM32F4xx_HAL_Driver/Src/stm32f4xx_hal.c ****   *       is suspended.
 415:ThirdParty/STM32F4xx_HAL_Driver/Src/stm32f4xx_hal.c ****   * @note This function is declared as __weak to be overwritten in case of other
 416:ThirdParty/STM32F4xx_HAL_Driver/Src/stm32f4xx_hal.c ****   *       implementations in user file.
 417:ThirdParty/STM32F4xx_HAL_Driver/Src/stm32f4xx_hal.c ****   * @retval None
 418:ThirdParty/STM32F4xx_HAL_Driver/Src/stm32f4xx_hal.c ****   */
 419:ThirdParty/STM32F4xx_HAL_Driver/Src/stm32f4xx_hal.c **** __weak void HAL_SuspendTick(void)
 420:ThirdParty/STM32F4xx_HAL_Driver/Src/stm32f4xx_hal.c **** {
 487              		.loc 1 420 1 is_stmt 1 view -0
 488              		.cfi_startproc
 489              		@ args = 0, pretend = 0, frame = 0
 490              		@ frame_needed = 0, uses_anonymous_args = 0
 491              		@ link register save eliminated.
 421:ThirdParty/STM32F4xx_HAL_Driver/Src/stm32f4xx_hal.c ****   /* Disable SysTick Interrupt */
 422:ThirdParty/STM32F4xx_HAL_Driver/Src/stm32f4xx_hal.c ****   SysTick->CTRL &= ~SysTick_CTRL_TICKINT_Msk;
 492              		.loc 1 422 3 view .LVU94
 493              		.loc 1 422 17 is_stmt 0 view .LVU95
 494 0000 4FF0E022 		mov	r2, #-536813568
 495 0004 1369     		ldr	r3, [r2, #16]
 496 0006 23F00203 		bic	r3, r3, #2
 497 000a 1361     		str	r3, [r2, #16]
 423:ThirdParty/STM32F4xx_HAL_Driver/Src/stm32f4xx_hal.c **** }
 498              		.loc 1 423 1 view .LVU96
 499 000c 7047     		bx	lr
 500              		.cfi_endproc
 501              	.LFE144:
 503              		.section	.text.HAL_ResumeTick,"ax",%progbits
 504              		.align	1
 505              		.weak	HAL_ResumeTick
 506              		.syntax unified
 507              		.thumb
 508              		.thumb_func
 510              	HAL_ResumeTick:
 511              	.LFB145:
 424:ThirdParty/STM32F4xx_HAL_Driver/Src/stm32f4xx_hal.c **** 
 425:ThirdParty/STM32F4xx_HAL_Driver/Src/stm32f4xx_hal.c **** /**
 426:ThirdParty/STM32F4xx_HAL_Driver/Src/stm32f4xx_hal.c ****   * @brief Resume Tick increment.
 427:ThirdParty/STM32F4xx_HAL_Driver/Src/stm32f4xx_hal.c ****   * @note In the default implementation , SysTick timer is the source of time base. It is
 428:ThirdParty/STM32F4xx_HAL_Driver/Src/stm32f4xx_hal.c ****   *       used to generate interrupts at regular time intervals. Once HAL_ResumeTick()
 429:ThirdParty/STM32F4xx_HAL_Driver/Src/stm32f4xx_hal.c ****   *       is called, the SysTick interrupt will be enabled and so Tick increment 
 430:ThirdParty/STM32F4xx_HAL_Driver/Src/stm32f4xx_hal.c ****   *       is resumed.
 431:ThirdParty/STM32F4xx_HAL_Driver/Src/stm32f4xx_hal.c ****   * @note This function is declared as __weak to be overwritten in case of other
 432:ThirdParty/STM32F4xx_HAL_Driver/Src/stm32f4xx_hal.c ****   *       implementations in user file.
 433:ThirdParty/STM32F4xx_HAL_Driver/Src/stm32f4xx_hal.c ****   * @retval None
 434:ThirdParty/STM32F4xx_HAL_Driver/Src/stm32f4xx_hal.c ****   */
 435:ThirdParty/STM32F4xx_HAL_Driver/Src/stm32f4xx_hal.c **** __weak void HAL_ResumeTick(void)
 436:ThirdParty/STM32F4xx_HAL_Driver/Src/stm32f4xx_hal.c **** {
 512              		.loc 1 436 1 is_stmt 1 view -0
 513              		.cfi_startproc
 514              		@ args = 0, pretend = 0, frame = 0
 515              		@ frame_needed = 0, uses_anonymous_args = 0
 516              		@ link register save eliminated.
 437:ThirdParty/STM32F4xx_HAL_Driver/Src/stm32f4xx_hal.c ****   /* Enable SysTick Interrupt */
 438:ThirdParty/STM32F4xx_HAL_Driver/Src/stm32f4xx_hal.c ****   SysTick->CTRL  |= SysTick_CTRL_TICKINT_Msk;
 517              		.loc 1 438 3 view .LVU98
 518              		.loc 1 438 18 is_stmt 0 view .LVU99
ARM GAS  /tmp/ccmu43FC.s 			page 18


 519 0000 4FF0E022 		mov	r2, #-536813568
 520 0004 1369     		ldr	r3, [r2, #16]
 521 0006 43F00203 		orr	r3, r3, #2
 522 000a 1361     		str	r3, [r2, #16]
 439:ThirdParty/STM32F4xx_HAL_Driver/Src/stm32f4xx_hal.c **** }
 523              		.loc 1 439 1 view .LVU100
 524 000c 7047     		bx	lr
 525              		.cfi_endproc
 526              	.LFE145:
 528              		.section	.text.HAL_GetHalVersion,"ax",%progbits
 529              		.align	1
 530              		.global	HAL_GetHalVersion
 531              		.syntax unified
 532              		.thumb
 533              		.thumb_func
 535              	HAL_GetHalVersion:
 536              	.LFB146:
 440:ThirdParty/STM32F4xx_HAL_Driver/Src/stm32f4xx_hal.c **** 
 441:ThirdParty/STM32F4xx_HAL_Driver/Src/stm32f4xx_hal.c **** /**
 442:ThirdParty/STM32F4xx_HAL_Driver/Src/stm32f4xx_hal.c ****   * @brief  Returns the HAL revision
 443:ThirdParty/STM32F4xx_HAL_Driver/Src/stm32f4xx_hal.c ****   * @retval version : 0xXYZR (8bits for each decimal, R for RC)
 444:ThirdParty/STM32F4xx_HAL_Driver/Src/stm32f4xx_hal.c ****   */
 445:ThirdParty/STM32F4xx_HAL_Driver/Src/stm32f4xx_hal.c **** uint32_t HAL_GetHalVersion(void)
 446:ThirdParty/STM32F4xx_HAL_Driver/Src/stm32f4xx_hal.c **** {
 537              		.loc 1 446 1 is_stmt 1 view -0
 538              		.cfi_startproc
 539              		@ args = 0, pretend = 0, frame = 0
 540              		@ frame_needed = 0, uses_anonymous_args = 0
 541              		@ link register save eliminated.
 447:ThirdParty/STM32F4xx_HAL_Driver/Src/stm32f4xx_hal.c ****   return __STM32F4xx_HAL_VERSION;
 542              		.loc 1 447 3 view .LVU102
 448:ThirdParty/STM32F4xx_HAL_Driver/Src/stm32f4xx_hal.c **** }
 543              		.loc 1 448 1 is_stmt 0 view .LVU103
 544 0000 0048     		ldr	r0, .L47
 545 0002 7047     		bx	lr
 546              	.L48:
 547              		.align	2
 548              	.L47:
 549 0004 00040701 		.word	17236992
 550              		.cfi_endproc
 551              	.LFE146:
 553              		.section	.text.HAL_GetREVID,"ax",%progbits
 554              		.align	1
 555              		.global	HAL_GetREVID
 556              		.syntax unified
 557              		.thumb
 558              		.thumb_func
 560              	HAL_GetREVID:
 561              	.LFB147:
 449:ThirdParty/STM32F4xx_HAL_Driver/Src/stm32f4xx_hal.c **** 
 450:ThirdParty/STM32F4xx_HAL_Driver/Src/stm32f4xx_hal.c **** /**
 451:ThirdParty/STM32F4xx_HAL_Driver/Src/stm32f4xx_hal.c ****   * @brief  Returns the device revision identifier.
 452:ThirdParty/STM32F4xx_HAL_Driver/Src/stm32f4xx_hal.c ****   * @retval Device revision identifier
 453:ThirdParty/STM32F4xx_HAL_Driver/Src/stm32f4xx_hal.c ****   */
 454:ThirdParty/STM32F4xx_HAL_Driver/Src/stm32f4xx_hal.c **** uint32_t HAL_GetREVID(void)
 455:ThirdParty/STM32F4xx_HAL_Driver/Src/stm32f4xx_hal.c **** {
 562              		.loc 1 455 1 is_stmt 1 view -0
ARM GAS  /tmp/ccmu43FC.s 			page 19


 563              		.cfi_startproc
 564              		@ args = 0, pretend = 0, frame = 0
 565              		@ frame_needed = 0, uses_anonymous_args = 0
 566              		@ link register save eliminated.
 456:ThirdParty/STM32F4xx_HAL_Driver/Src/stm32f4xx_hal.c ****   return((DBGMCU->IDCODE) >> 16U);
 567              		.loc 1 456 3 view .LVU105
 568              		.loc 1 456 17 is_stmt 0 view .LVU106
 569 0000 014B     		ldr	r3, .L50
 570 0002 1868     		ldr	r0, [r3]
 457:ThirdParty/STM32F4xx_HAL_Driver/Src/stm32f4xx_hal.c **** }
 571              		.loc 1 457 1 view .LVU107
 572 0004 000C     		lsrs	r0, r0, #16
 573 0006 7047     		bx	lr
 574              	.L51:
 575              		.align	2
 576              	.L50:
 577 0008 002004E0 		.word	-536600576
 578              		.cfi_endproc
 579              	.LFE147:
 581              		.section	.text.HAL_GetDEVID,"ax",%progbits
 582              		.align	1
 583              		.global	HAL_GetDEVID
 584              		.syntax unified
 585              		.thumb
 586              		.thumb_func
 588              	HAL_GetDEVID:
 589              	.LFB148:
 458:ThirdParty/STM32F4xx_HAL_Driver/Src/stm32f4xx_hal.c **** 
 459:ThirdParty/STM32F4xx_HAL_Driver/Src/stm32f4xx_hal.c **** /**
 460:ThirdParty/STM32F4xx_HAL_Driver/Src/stm32f4xx_hal.c ****   * @brief  Returns the device identifier.
 461:ThirdParty/STM32F4xx_HAL_Driver/Src/stm32f4xx_hal.c ****   * @retval Device identifier
 462:ThirdParty/STM32F4xx_HAL_Driver/Src/stm32f4xx_hal.c ****   */
 463:ThirdParty/STM32F4xx_HAL_Driver/Src/stm32f4xx_hal.c **** uint32_t HAL_GetDEVID(void)
 464:ThirdParty/STM32F4xx_HAL_Driver/Src/stm32f4xx_hal.c **** {
 590              		.loc 1 464 1 is_stmt 1 view -0
 591              		.cfi_startproc
 592              		@ args = 0, pretend = 0, frame = 0
 593              		@ frame_needed = 0, uses_anonymous_args = 0
 594              		@ link register save eliminated.
 465:ThirdParty/STM32F4xx_HAL_Driver/Src/stm32f4xx_hal.c ****   return((DBGMCU->IDCODE) & IDCODE_DEVID_MASK);
 595              		.loc 1 465 3 view .LVU109
 596              		.loc 1 465 17 is_stmt 0 view .LVU110
 597 0000 024B     		ldr	r3, .L53
 598 0002 1868     		ldr	r0, [r3]
 466:ThirdParty/STM32F4xx_HAL_Driver/Src/stm32f4xx_hal.c **** }
 599              		.loc 1 466 1 view .LVU111
 600 0004 C0F30B00 		ubfx	r0, r0, #0, #12
 601 0008 7047     		bx	lr
 602              	.L54:
 603 000a 00BF     		.align	2
 604              	.L53:
 605 000c 002004E0 		.word	-536600576
 606              		.cfi_endproc
 607              	.LFE148:
 609              		.section	.text.HAL_DBGMCU_EnableDBGSleepMode,"ax",%progbits
 610              		.align	1
 611              		.global	HAL_DBGMCU_EnableDBGSleepMode
ARM GAS  /tmp/ccmu43FC.s 			page 20


 612              		.syntax unified
 613              		.thumb
 614              		.thumb_func
 616              	HAL_DBGMCU_EnableDBGSleepMode:
 617              	.LFB149:
 467:ThirdParty/STM32F4xx_HAL_Driver/Src/stm32f4xx_hal.c **** 
 468:ThirdParty/STM32F4xx_HAL_Driver/Src/stm32f4xx_hal.c **** /**
 469:ThirdParty/STM32F4xx_HAL_Driver/Src/stm32f4xx_hal.c ****   * @brief  Enable the Debug Module during SLEEP mode
 470:ThirdParty/STM32F4xx_HAL_Driver/Src/stm32f4xx_hal.c ****   * @retval None
 471:ThirdParty/STM32F4xx_HAL_Driver/Src/stm32f4xx_hal.c ****   */
 472:ThirdParty/STM32F4xx_HAL_Driver/Src/stm32f4xx_hal.c **** void HAL_DBGMCU_EnableDBGSleepMode(void)
 473:ThirdParty/STM32F4xx_HAL_Driver/Src/stm32f4xx_hal.c **** {
 618              		.loc 1 473 1 is_stmt 1 view -0
 619              		.cfi_startproc
 620              		@ args = 0, pretend = 0, frame = 0
 621              		@ frame_needed = 0, uses_anonymous_args = 0
 622              		@ link register save eliminated.
 474:ThirdParty/STM32F4xx_HAL_Driver/Src/stm32f4xx_hal.c ****   SET_BIT(DBGMCU->CR, DBGMCU_CR_DBG_SLEEP);
 623              		.loc 1 474 3 view .LVU113
 624 0000 024A     		ldr	r2, .L56
 625 0002 5368     		ldr	r3, [r2, #4]
 626 0004 43F00103 		orr	r3, r3, #1
 627 0008 5360     		str	r3, [r2, #4]
 475:ThirdParty/STM32F4xx_HAL_Driver/Src/stm32f4xx_hal.c **** }
 628              		.loc 1 475 1 is_stmt 0 view .LVU114
 629 000a 7047     		bx	lr
 630              	.L57:
 631              		.align	2
 632              	.L56:
 633 000c 002004E0 		.word	-536600576
 634              		.cfi_endproc
 635              	.LFE149:
 637              		.section	.text.HAL_DBGMCU_DisableDBGSleepMode,"ax",%progbits
 638              		.align	1
 639              		.global	HAL_DBGMCU_DisableDBGSleepMode
 640              		.syntax unified
 641              		.thumb
 642              		.thumb_func
 644              	HAL_DBGMCU_DisableDBGSleepMode:
 645              	.LFB150:
 476:ThirdParty/STM32F4xx_HAL_Driver/Src/stm32f4xx_hal.c **** 
 477:ThirdParty/STM32F4xx_HAL_Driver/Src/stm32f4xx_hal.c **** /**
 478:ThirdParty/STM32F4xx_HAL_Driver/Src/stm32f4xx_hal.c ****   * @brief  Disable the Debug Module during SLEEP mode
 479:ThirdParty/STM32F4xx_HAL_Driver/Src/stm32f4xx_hal.c ****   * @retval None
 480:ThirdParty/STM32F4xx_HAL_Driver/Src/stm32f4xx_hal.c ****   */
 481:ThirdParty/STM32F4xx_HAL_Driver/Src/stm32f4xx_hal.c **** void HAL_DBGMCU_DisableDBGSleepMode(void)
 482:ThirdParty/STM32F4xx_HAL_Driver/Src/stm32f4xx_hal.c **** {
 646              		.loc 1 482 1 is_stmt 1 view -0
 647              		.cfi_startproc
 648              		@ args = 0, pretend = 0, frame = 0
 649              		@ frame_needed = 0, uses_anonymous_args = 0
 650              		@ link register save eliminated.
 483:ThirdParty/STM32F4xx_HAL_Driver/Src/stm32f4xx_hal.c ****   CLEAR_BIT(DBGMCU->CR, DBGMCU_CR_DBG_SLEEP);
 651              		.loc 1 483 3 view .LVU116
 652 0000 024A     		ldr	r2, .L59
 653 0002 5368     		ldr	r3, [r2, #4]
 654 0004 23F00103 		bic	r3, r3, #1
ARM GAS  /tmp/ccmu43FC.s 			page 21


 655 0008 5360     		str	r3, [r2, #4]
 484:ThirdParty/STM32F4xx_HAL_Driver/Src/stm32f4xx_hal.c **** }
 656              		.loc 1 484 1 is_stmt 0 view .LVU117
 657 000a 7047     		bx	lr
 658              	.L60:
 659              		.align	2
 660              	.L59:
 661 000c 002004E0 		.word	-536600576
 662              		.cfi_endproc
 663              	.LFE150:
 665              		.section	.text.HAL_DBGMCU_EnableDBGStopMode,"ax",%progbits
 666              		.align	1
 667              		.global	HAL_DBGMCU_EnableDBGStopMode
 668              		.syntax unified
 669              		.thumb
 670              		.thumb_func
 672              	HAL_DBGMCU_EnableDBGStopMode:
 673              	.LFB151:
 485:ThirdParty/STM32F4xx_HAL_Driver/Src/stm32f4xx_hal.c **** 
 486:ThirdParty/STM32F4xx_HAL_Driver/Src/stm32f4xx_hal.c **** /**
 487:ThirdParty/STM32F4xx_HAL_Driver/Src/stm32f4xx_hal.c ****   * @brief  Enable the Debug Module during STOP mode
 488:ThirdParty/STM32F4xx_HAL_Driver/Src/stm32f4xx_hal.c ****   * @retval None
 489:ThirdParty/STM32F4xx_HAL_Driver/Src/stm32f4xx_hal.c ****   */
 490:ThirdParty/STM32F4xx_HAL_Driver/Src/stm32f4xx_hal.c **** void HAL_DBGMCU_EnableDBGStopMode(void)
 491:ThirdParty/STM32F4xx_HAL_Driver/Src/stm32f4xx_hal.c **** {
 674              		.loc 1 491 1 is_stmt 1 view -0
 675              		.cfi_startproc
 676              		@ args = 0, pretend = 0, frame = 0
 677              		@ frame_needed = 0, uses_anonymous_args = 0
 678              		@ link register save eliminated.
 492:ThirdParty/STM32F4xx_HAL_Driver/Src/stm32f4xx_hal.c ****   SET_BIT(DBGMCU->CR, DBGMCU_CR_DBG_STOP);
 679              		.loc 1 492 3 view .LVU119
 680 0000 024A     		ldr	r2, .L62
 681 0002 5368     		ldr	r3, [r2, #4]
 682 0004 43F00203 		orr	r3, r3, #2
 683 0008 5360     		str	r3, [r2, #4]
 493:ThirdParty/STM32F4xx_HAL_Driver/Src/stm32f4xx_hal.c **** }
 684              		.loc 1 493 1 is_stmt 0 view .LVU120
 685 000a 7047     		bx	lr
 686              	.L63:
 687              		.align	2
 688              	.L62:
 689 000c 002004E0 		.word	-536600576
 690              		.cfi_endproc
 691              	.LFE151:
 693              		.section	.text.HAL_DBGMCU_DisableDBGStopMode,"ax",%progbits
 694              		.align	1
 695              		.global	HAL_DBGMCU_DisableDBGStopMode
 696              		.syntax unified
 697              		.thumb
 698              		.thumb_func
 700              	HAL_DBGMCU_DisableDBGStopMode:
 701              	.LFB152:
 494:ThirdParty/STM32F4xx_HAL_Driver/Src/stm32f4xx_hal.c **** 
 495:ThirdParty/STM32F4xx_HAL_Driver/Src/stm32f4xx_hal.c **** /**
 496:ThirdParty/STM32F4xx_HAL_Driver/Src/stm32f4xx_hal.c ****   * @brief  Disable the Debug Module during STOP mode
 497:ThirdParty/STM32F4xx_HAL_Driver/Src/stm32f4xx_hal.c ****   * @retval None
ARM GAS  /tmp/ccmu43FC.s 			page 22


 498:ThirdParty/STM32F4xx_HAL_Driver/Src/stm32f4xx_hal.c ****   */
 499:ThirdParty/STM32F4xx_HAL_Driver/Src/stm32f4xx_hal.c **** void HAL_DBGMCU_DisableDBGStopMode(void)
 500:ThirdParty/STM32F4xx_HAL_Driver/Src/stm32f4xx_hal.c **** {
 702              		.loc 1 500 1 is_stmt 1 view -0
 703              		.cfi_startproc
 704              		@ args = 0, pretend = 0, frame = 0
 705              		@ frame_needed = 0, uses_anonymous_args = 0
 706              		@ link register save eliminated.
 501:ThirdParty/STM32F4xx_HAL_Driver/Src/stm32f4xx_hal.c ****   CLEAR_BIT(DBGMCU->CR, DBGMCU_CR_DBG_STOP);
 707              		.loc 1 501 3 view .LVU122
 708 0000 024A     		ldr	r2, .L65
 709 0002 5368     		ldr	r3, [r2, #4]
 710 0004 23F00203 		bic	r3, r3, #2
 711 0008 5360     		str	r3, [r2, #4]
 502:ThirdParty/STM32F4xx_HAL_Driver/Src/stm32f4xx_hal.c **** }
 712              		.loc 1 502 1 is_stmt 0 view .LVU123
 713 000a 7047     		bx	lr
 714              	.L66:
 715              		.align	2
 716              	.L65:
 717 000c 002004E0 		.word	-536600576
 718              		.cfi_endproc
 719              	.LFE152:
 721              		.section	.text.HAL_DBGMCU_EnableDBGStandbyMode,"ax",%progbits
 722              		.align	1
 723              		.global	HAL_DBGMCU_EnableDBGStandbyMode
 724              		.syntax unified
 725              		.thumb
 726              		.thumb_func
 728              	HAL_DBGMCU_EnableDBGStandbyMode:
 729              	.LFB153:
 503:ThirdParty/STM32F4xx_HAL_Driver/Src/stm32f4xx_hal.c **** 
 504:ThirdParty/STM32F4xx_HAL_Driver/Src/stm32f4xx_hal.c **** /**
 505:ThirdParty/STM32F4xx_HAL_Driver/Src/stm32f4xx_hal.c ****   * @brief  Enable the Debug Module during STANDBY mode
 506:ThirdParty/STM32F4xx_HAL_Driver/Src/stm32f4xx_hal.c ****   * @retval None
 507:ThirdParty/STM32F4xx_HAL_Driver/Src/stm32f4xx_hal.c ****   */
 508:ThirdParty/STM32F4xx_HAL_Driver/Src/stm32f4xx_hal.c **** void HAL_DBGMCU_EnableDBGStandbyMode(void)
 509:ThirdParty/STM32F4xx_HAL_Driver/Src/stm32f4xx_hal.c **** {
 730              		.loc 1 509 1 is_stmt 1 view -0
 731              		.cfi_startproc
 732              		@ args = 0, pretend = 0, frame = 0
 733              		@ frame_needed = 0, uses_anonymous_args = 0
 734              		@ link register save eliminated.
 510:ThirdParty/STM32F4xx_HAL_Driver/Src/stm32f4xx_hal.c ****   SET_BIT(DBGMCU->CR, DBGMCU_CR_DBG_STANDBY);
 735              		.loc 1 510 3 view .LVU125
 736 0000 024A     		ldr	r2, .L68
 737 0002 5368     		ldr	r3, [r2, #4]
 738 0004 43F00403 		orr	r3, r3, #4
 739 0008 5360     		str	r3, [r2, #4]
 511:ThirdParty/STM32F4xx_HAL_Driver/Src/stm32f4xx_hal.c **** }
 740              		.loc 1 511 1 is_stmt 0 view .LVU126
 741 000a 7047     		bx	lr
 742              	.L69:
 743              		.align	2
 744              	.L68:
 745 000c 002004E0 		.word	-536600576
 746              		.cfi_endproc
ARM GAS  /tmp/ccmu43FC.s 			page 23


 747              	.LFE153:
 749              		.section	.text.HAL_DBGMCU_DisableDBGStandbyMode,"ax",%progbits
 750              		.align	1
 751              		.global	HAL_DBGMCU_DisableDBGStandbyMode
 752              		.syntax unified
 753              		.thumb
 754              		.thumb_func
 756              	HAL_DBGMCU_DisableDBGStandbyMode:
 757              	.LFB154:
 512:ThirdParty/STM32F4xx_HAL_Driver/Src/stm32f4xx_hal.c **** 
 513:ThirdParty/STM32F4xx_HAL_Driver/Src/stm32f4xx_hal.c **** /**
 514:ThirdParty/STM32F4xx_HAL_Driver/Src/stm32f4xx_hal.c ****   * @brief  Disable the Debug Module during STANDBY mode
 515:ThirdParty/STM32F4xx_HAL_Driver/Src/stm32f4xx_hal.c ****   * @retval None
 516:ThirdParty/STM32F4xx_HAL_Driver/Src/stm32f4xx_hal.c ****   */
 517:ThirdParty/STM32F4xx_HAL_Driver/Src/stm32f4xx_hal.c **** void HAL_DBGMCU_DisableDBGStandbyMode(void)
 518:ThirdParty/STM32F4xx_HAL_Driver/Src/stm32f4xx_hal.c **** {
 758              		.loc 1 518 1 is_stmt 1 view -0
 759              		.cfi_startproc
 760              		@ args = 0, pretend = 0, frame = 0
 761              		@ frame_needed = 0, uses_anonymous_args = 0
 762              		@ link register save eliminated.
 519:ThirdParty/STM32F4xx_HAL_Driver/Src/stm32f4xx_hal.c ****   CLEAR_BIT(DBGMCU->CR, DBGMCU_CR_DBG_STANDBY);
 763              		.loc 1 519 3 view .LVU128
 764 0000 024A     		ldr	r2, .L71
 765 0002 5368     		ldr	r3, [r2, #4]
 766 0004 23F00403 		bic	r3, r3, #4
 767 0008 5360     		str	r3, [r2, #4]
 520:ThirdParty/STM32F4xx_HAL_Driver/Src/stm32f4xx_hal.c **** }
 768              		.loc 1 520 1 is_stmt 0 view .LVU129
 769 000a 7047     		bx	lr
 770              	.L72:
 771              		.align	2
 772              	.L71:
 773 000c 002004E0 		.word	-536600576
 774              		.cfi_endproc
 775              	.LFE154:
 777              		.section	.text.HAL_EnableCompensationCell,"ax",%progbits
 778              		.align	1
 779              		.global	HAL_EnableCompensationCell
 780              		.syntax unified
 781              		.thumb
 782              		.thumb_func
 784              	HAL_EnableCompensationCell:
 785              	.LFB155:
 521:ThirdParty/STM32F4xx_HAL_Driver/Src/stm32f4xx_hal.c **** 
 522:ThirdParty/STM32F4xx_HAL_Driver/Src/stm32f4xx_hal.c **** /**
 523:ThirdParty/STM32F4xx_HAL_Driver/Src/stm32f4xx_hal.c ****   * @brief  Enables the I/O Compensation Cell.
 524:ThirdParty/STM32F4xx_HAL_Driver/Src/stm32f4xx_hal.c ****   * @note   The I/O compensation cell can be used only when the device supply
 525:ThirdParty/STM32F4xx_HAL_Driver/Src/stm32f4xx_hal.c ****   *         voltage ranges from 2.4 to 3.6 V.  
 526:ThirdParty/STM32F4xx_HAL_Driver/Src/stm32f4xx_hal.c ****   * @retval None
 527:ThirdParty/STM32F4xx_HAL_Driver/Src/stm32f4xx_hal.c ****   */
 528:ThirdParty/STM32F4xx_HAL_Driver/Src/stm32f4xx_hal.c **** void HAL_EnableCompensationCell(void)
 529:ThirdParty/STM32F4xx_HAL_Driver/Src/stm32f4xx_hal.c **** {
 786              		.loc 1 529 1 is_stmt 1 view -0
 787              		.cfi_startproc
 788              		@ args = 0, pretend = 0, frame = 0
 789              		@ frame_needed = 0, uses_anonymous_args = 0
ARM GAS  /tmp/ccmu43FC.s 			page 24


 790              		@ link register save eliminated.
 530:ThirdParty/STM32F4xx_HAL_Driver/Src/stm32f4xx_hal.c ****   *(__IO uint32_t *)CMPCR_CMP_PD_BB = (uint32_t)ENABLE;
 791              		.loc 1 530 3 view .LVU131
 792              		.loc 1 530 37 is_stmt 0 view .LVU132
 793 0000 024B     		ldr	r3, .L74
 794 0002 0122     		movs	r2, #1
 795 0004 C3F80024 		str	r2, [r3, #1024]
 531:ThirdParty/STM32F4xx_HAL_Driver/Src/stm32f4xx_hal.c **** }
 796              		.loc 1 531 1 view .LVU133
 797 0008 7047     		bx	lr
 798              	.L75:
 799 000a 00BF     		.align	2
 800              	.L74:
 801 000c 00002742 		.word	1109852160
 802              		.cfi_endproc
 803              	.LFE155:
 805              		.section	.text.HAL_DisableCompensationCell,"ax",%progbits
 806              		.align	1
 807              		.global	HAL_DisableCompensationCell
 808              		.syntax unified
 809              		.thumb
 810              		.thumb_func
 812              	HAL_DisableCompensationCell:
 813              	.LFB156:
 532:ThirdParty/STM32F4xx_HAL_Driver/Src/stm32f4xx_hal.c **** 
 533:ThirdParty/STM32F4xx_HAL_Driver/Src/stm32f4xx_hal.c **** /**
 534:ThirdParty/STM32F4xx_HAL_Driver/Src/stm32f4xx_hal.c ****   * @brief  Power-down the I/O Compensation Cell.
 535:ThirdParty/STM32F4xx_HAL_Driver/Src/stm32f4xx_hal.c ****   * @note   The I/O compensation cell can be used only when the device supply
 536:ThirdParty/STM32F4xx_HAL_Driver/Src/stm32f4xx_hal.c ****   *         voltage ranges from 2.4 to 3.6 V.  
 537:ThirdParty/STM32F4xx_HAL_Driver/Src/stm32f4xx_hal.c ****   * @retval None
 538:ThirdParty/STM32F4xx_HAL_Driver/Src/stm32f4xx_hal.c ****   */
 539:ThirdParty/STM32F4xx_HAL_Driver/Src/stm32f4xx_hal.c **** void HAL_DisableCompensationCell(void)
 540:ThirdParty/STM32F4xx_HAL_Driver/Src/stm32f4xx_hal.c **** {
 814              		.loc 1 540 1 is_stmt 1 view -0
 815              		.cfi_startproc
 816              		@ args = 0, pretend = 0, frame = 0
 817              		@ frame_needed = 0, uses_anonymous_args = 0
 818              		@ link register save eliminated.
 541:ThirdParty/STM32F4xx_HAL_Driver/Src/stm32f4xx_hal.c ****   *(__IO uint32_t *)CMPCR_CMP_PD_BB = (uint32_t)DISABLE;
 819              		.loc 1 541 3 view .LVU135
 820              		.loc 1 541 37 is_stmt 0 view .LVU136
 821 0000 024B     		ldr	r3, .L77
 822 0002 0022     		movs	r2, #0
 823 0004 C3F80024 		str	r2, [r3, #1024]
 542:ThirdParty/STM32F4xx_HAL_Driver/Src/stm32f4xx_hal.c **** }
 824              		.loc 1 542 1 view .LVU137
 825 0008 7047     		bx	lr
 826              	.L78:
 827 000a 00BF     		.align	2
 828              	.L77:
 829 000c 00002742 		.word	1109852160
 830              		.cfi_endproc
 831              	.LFE156:
 833              		.section	.text.HAL_GetUID,"ax",%progbits
 834              		.align	1
 835              		.global	HAL_GetUID
 836              		.syntax unified
ARM GAS  /tmp/ccmu43FC.s 			page 25


 837              		.thumb
 838              		.thumb_func
 840              	HAL_GetUID:
 841              	.LVL21:
 842              	.LFB157:
 543:ThirdParty/STM32F4xx_HAL_Driver/Src/stm32f4xx_hal.c **** 
 544:ThirdParty/STM32F4xx_HAL_Driver/Src/stm32f4xx_hal.c **** /**
 545:ThirdParty/STM32F4xx_HAL_Driver/Src/stm32f4xx_hal.c ****   * @brief Return the unique device identifier (UID based on 96 bits)
 546:ThirdParty/STM32F4xx_HAL_Driver/Src/stm32f4xx_hal.c ****   * @param UID pointer to 3 words array.
 547:ThirdParty/STM32F4xx_HAL_Driver/Src/stm32f4xx_hal.c ****   * @retval Device identifier
 548:ThirdParty/STM32F4xx_HAL_Driver/Src/stm32f4xx_hal.c ****   */
 549:ThirdParty/STM32F4xx_HAL_Driver/Src/stm32f4xx_hal.c **** void HAL_GetUID(uint32_t *UID)
 550:ThirdParty/STM32F4xx_HAL_Driver/Src/stm32f4xx_hal.c **** {
 843              		.loc 1 550 1 is_stmt 1 view -0
 844              		.cfi_startproc
 845              		@ args = 0, pretend = 0, frame = 0
 846              		@ frame_needed = 0, uses_anonymous_args = 0
 847              		@ link register save eliminated.
 551:ThirdParty/STM32F4xx_HAL_Driver/Src/stm32f4xx_hal.c ****   UID[0] = (uint32_t)(READ_REG(*((uint32_t *)UID_BASE)));
 848              		.loc 1 551 3 view .LVU139
 849              		.loc 1 551 12 is_stmt 0 view .LVU140
 850 0000 054B     		ldr	r3, .L80
 851 0002 D3F8102A 		ldr	r2, [r3, #2576]
 852              		.loc 1 551 10 view .LVU141
 853 0006 0260     		str	r2, [r0]
 552:ThirdParty/STM32F4xx_HAL_Driver/Src/stm32f4xx_hal.c ****   UID[1] = (uint32_t)(READ_REG(*((uint32_t *)(UID_BASE + 4U))));
 854              		.loc 1 552 3 is_stmt 1 view .LVU142
 855              		.loc 1 552 12 is_stmt 0 view .LVU143
 856 0008 D3F8142A 		ldr	r2, [r3, #2580]
 857              		.loc 1 552 10 view .LVU144
 858 000c 4260     		str	r2, [r0, #4]
 553:ThirdParty/STM32F4xx_HAL_Driver/Src/stm32f4xx_hal.c ****   UID[2] = (uint32_t)(READ_REG(*((uint32_t *)(UID_BASE + 8U))));
 859              		.loc 1 553 3 is_stmt 1 view .LVU145
 860              		.loc 1 553 12 is_stmt 0 view .LVU146
 861 000e D3F8183A 		ldr	r3, [r3, #2584]
 862              		.loc 1 553 10 view .LVU147
 863 0012 8360     		str	r3, [r0, #8]
 554:ThirdParty/STM32F4xx_HAL_Driver/Src/stm32f4xx_hal.c **** }
 864              		.loc 1 554 1 view .LVU148
 865 0014 7047     		bx	lr
 866              	.L81:
 867 0016 00BF     		.align	2
 868              	.L80:
 869 0018 0070FF1F 		.word	536834048
 870              		.cfi_endproc
 871              	.LFE157:
 873              		.global	uwTickFreq
 874              		.global	uwTickPrio
 875              		.global	uwTick
 876              		.section	.bss.uwTick,"aw",%nobits
 877              		.align	2
 878              		.set	.LANCHOR2,. + 0
 881              	uwTick:
 882 0000 00000000 		.space	4
 883              		.section	.data.uwTickFreq,"aw"
 884              		.set	.LANCHOR0,. + 0
 887              	uwTickFreq:
ARM GAS  /tmp/ccmu43FC.s 			page 26


 888 0000 01       		.byte	1
 889              		.section	.data.uwTickPrio,"aw"
 890              		.align	2
 891              		.set	.LANCHOR1,. + 0
 894              	uwTickPrio:
 895 0000 10000000 		.word	16
 896              		.text
 897              	.Letext0:
 898              		.file 2 "/opt/gcc-arm-none-eabi/arm-none-eabi/include/machine/_default_types.h"
 899              		.file 3 "/opt/gcc-arm-none-eabi/arm-none-eabi/include/sys/_stdint.h"
 900              		.file 4 "ThirdParty/CMSIS/Include/core_cm4.h"
 901              		.file 5 "ThirdParty/CMSIS/Device/ST/STM32F4xx/Include/stm32f405xx.h"
 902              		.file 6 "ThirdParty/CMSIS/Device/ST/STM32F4xx/Include/stm32f4xx.h"
 903              		.file 7 "ThirdParty/STM32F4xx_HAL_Driver/Inc/stm32f4xx_hal_def.h"
 904              		.file 8 "ThirdParty/STM32F4xx_HAL_Driver/Inc/stm32f4xx_hal.h"
 905              		.file 9 "ThirdParty/CMSIS/Device/ST/STM32F4xx/Include/system_stm32f4xx.h"
 906              		.file 10 "ThirdParty/STM32F4xx_HAL_Driver/Inc/stm32f4xx_hal_cortex.h"
ARM GAS  /tmp/ccmu43FC.s 			page 27


DEFINED SYMBOLS
                            *ABS*:0000000000000000 stm32f4xx_hal.c
     /tmp/ccmu43FC.s:20     .text.HAL_MspInit:0000000000000000 $t
     /tmp/ccmu43FC.s:26     .text.HAL_MspInit:0000000000000000 HAL_MspInit
     /tmp/ccmu43FC.s:40     .text.HAL_MspDeInit:0000000000000000 $t
     /tmp/ccmu43FC.s:46     .text.HAL_MspDeInit:0000000000000000 HAL_MspDeInit
     /tmp/ccmu43FC.s:59     .text.HAL_DeInit:0000000000000000 $t
     /tmp/ccmu43FC.s:65     .text.HAL_DeInit:0000000000000000 HAL_DeInit
     /tmp/ccmu43FC.s:109    .text.HAL_DeInit:0000000000000028 $d
     /tmp/ccmu43FC.s:114    .text.HAL_InitTick:0000000000000000 $t
     /tmp/ccmu43FC.s:120    .text.HAL_InitTick:0000000000000000 HAL_InitTick
     /tmp/ccmu43FC.s:183    .text.HAL_InitTick:0000000000000040 $d
     /tmp/ccmu43FC.s:190    .text.HAL_Init:0000000000000000 $t
     /tmp/ccmu43FC.s:196    .text.HAL_Init:0000000000000000 HAL_Init
     /tmp/ccmu43FC.s:238    .text.HAL_Init:0000000000000030 $d
     /tmp/ccmu43FC.s:243    .text.HAL_IncTick:0000000000000000 $t
     /tmp/ccmu43FC.s:249    .text.HAL_IncTick:0000000000000000 HAL_IncTick
     /tmp/ccmu43FC.s:269    .text.HAL_IncTick:0000000000000010 $d
     /tmp/ccmu43FC.s:275    .text.HAL_GetTick:0000000000000000 $t
     /tmp/ccmu43FC.s:281    .text.HAL_GetTick:0000000000000000 HAL_GetTick
     /tmp/ccmu43FC.s:297    .text.HAL_GetTick:0000000000000008 $d
     /tmp/ccmu43FC.s:302    .text.HAL_GetTickPrio:0000000000000000 $t
     /tmp/ccmu43FC.s:308    .text.HAL_GetTickPrio:0000000000000000 HAL_GetTickPrio
     /tmp/ccmu43FC.s:323    .text.HAL_GetTickPrio:0000000000000008 $d
     /tmp/ccmu43FC.s:328    .text.HAL_SetTickFreq:0000000000000000 $t
     /tmp/ccmu43FC.s:334    .text.HAL_SetTickFreq:0000000000000000 HAL_SetTickFreq
     /tmp/ccmu43FC.s:383    .text.HAL_SetTickFreq:000000000000001c $d
     /tmp/ccmu43FC.s:389    .text.HAL_GetTickFreq:0000000000000000 $t
     /tmp/ccmu43FC.s:395    .text.HAL_GetTickFreq:0000000000000000 HAL_GetTickFreq
     /tmp/ccmu43FC.s:410    .text.HAL_GetTickFreq:0000000000000008 $d
     /tmp/ccmu43FC.s:415    .text.HAL_Delay:0000000000000000 $t
     /tmp/ccmu43FC.s:421    .text.HAL_Delay:0000000000000000 HAL_Delay
     /tmp/ccmu43FC.s:474    .text.HAL_Delay:0000000000000024 $d
     /tmp/ccmu43FC.s:479    .text.HAL_SuspendTick:0000000000000000 $t
     /tmp/ccmu43FC.s:485    .text.HAL_SuspendTick:0000000000000000 HAL_SuspendTick
     /tmp/ccmu43FC.s:504    .text.HAL_ResumeTick:0000000000000000 $t
     /tmp/ccmu43FC.s:510    .text.HAL_ResumeTick:0000000000000000 HAL_ResumeTick
     /tmp/ccmu43FC.s:529    .text.HAL_GetHalVersion:0000000000000000 $t
     /tmp/ccmu43FC.s:535    .text.HAL_GetHalVersion:0000000000000000 HAL_GetHalVersion
     /tmp/ccmu43FC.s:549    .text.HAL_GetHalVersion:0000000000000004 $d
     /tmp/ccmu43FC.s:554    .text.HAL_GetREVID:0000000000000000 $t
     /tmp/ccmu43FC.s:560    .text.HAL_GetREVID:0000000000000000 HAL_GetREVID
     /tmp/ccmu43FC.s:577    .text.HAL_GetREVID:0000000000000008 $d
     /tmp/ccmu43FC.s:582    .text.HAL_GetDEVID:0000000000000000 $t
     /tmp/ccmu43FC.s:588    .text.HAL_GetDEVID:0000000000000000 HAL_GetDEVID
     /tmp/ccmu43FC.s:605    .text.HAL_GetDEVID:000000000000000c $d
     /tmp/ccmu43FC.s:610    .text.HAL_DBGMCU_EnableDBGSleepMode:0000000000000000 $t
     /tmp/ccmu43FC.s:616    .text.HAL_DBGMCU_EnableDBGSleepMode:0000000000000000 HAL_DBGMCU_EnableDBGSleepMode
     /tmp/ccmu43FC.s:633    .text.HAL_DBGMCU_EnableDBGSleepMode:000000000000000c $d
     /tmp/ccmu43FC.s:638    .text.HAL_DBGMCU_DisableDBGSleepMode:0000000000000000 $t
     /tmp/ccmu43FC.s:644    .text.HAL_DBGMCU_DisableDBGSleepMode:0000000000000000 HAL_DBGMCU_DisableDBGSleepMode
     /tmp/ccmu43FC.s:661    .text.HAL_DBGMCU_DisableDBGSleepMode:000000000000000c $d
     /tmp/ccmu43FC.s:666    .text.HAL_DBGMCU_EnableDBGStopMode:0000000000000000 $t
     /tmp/ccmu43FC.s:672    .text.HAL_DBGMCU_EnableDBGStopMode:0000000000000000 HAL_DBGMCU_EnableDBGStopMode
     /tmp/ccmu43FC.s:689    .text.HAL_DBGMCU_EnableDBGStopMode:000000000000000c $d
     /tmp/ccmu43FC.s:694    .text.HAL_DBGMCU_DisableDBGStopMode:0000000000000000 $t
     /tmp/ccmu43FC.s:700    .text.HAL_DBGMCU_DisableDBGStopMode:0000000000000000 HAL_DBGMCU_DisableDBGStopMode
ARM GAS  /tmp/ccmu43FC.s 			page 28


     /tmp/ccmu43FC.s:717    .text.HAL_DBGMCU_DisableDBGStopMode:000000000000000c $d
     /tmp/ccmu43FC.s:722    .text.HAL_DBGMCU_EnableDBGStandbyMode:0000000000000000 $t
     /tmp/ccmu43FC.s:728    .text.HAL_DBGMCU_EnableDBGStandbyMode:0000000000000000 HAL_DBGMCU_EnableDBGStandbyMode
     /tmp/ccmu43FC.s:745    .text.HAL_DBGMCU_EnableDBGStandbyMode:000000000000000c $d
     /tmp/ccmu43FC.s:750    .text.HAL_DBGMCU_DisableDBGStandbyMode:0000000000000000 $t
     /tmp/ccmu43FC.s:756    .text.HAL_DBGMCU_DisableDBGStandbyMode:0000000000000000 HAL_DBGMCU_DisableDBGStandbyMode
     /tmp/ccmu43FC.s:773    .text.HAL_DBGMCU_DisableDBGStandbyMode:000000000000000c $d
     /tmp/ccmu43FC.s:778    .text.HAL_EnableCompensationCell:0000000000000000 $t
     /tmp/ccmu43FC.s:784    .text.HAL_EnableCompensationCell:0000000000000000 HAL_EnableCompensationCell
     /tmp/ccmu43FC.s:801    .text.HAL_EnableCompensationCell:000000000000000c $d
     /tmp/ccmu43FC.s:806    .text.HAL_DisableCompensationCell:0000000000000000 $t
     /tmp/ccmu43FC.s:812    .text.HAL_DisableCompensationCell:0000000000000000 HAL_DisableCompensationCell
     /tmp/ccmu43FC.s:829    .text.HAL_DisableCompensationCell:000000000000000c $d
     /tmp/ccmu43FC.s:834    .text.HAL_GetUID:0000000000000000 $t
     /tmp/ccmu43FC.s:840    .text.HAL_GetUID:0000000000000000 HAL_GetUID
     /tmp/ccmu43FC.s:869    .text.HAL_GetUID:0000000000000018 $d
     /tmp/ccmu43FC.s:887    .data.uwTickFreq:0000000000000000 uwTickFreq
     /tmp/ccmu43FC.s:894    .data.uwTickPrio:0000000000000000 uwTickPrio
     /tmp/ccmu43FC.s:881    .bss.uwTick:0000000000000000 uwTick
     /tmp/ccmu43FC.s:877    .bss.uwTick:0000000000000000 $d
     /tmp/ccmu43FC.s:890    .data.uwTickPrio:0000000000000000 $d

UNDEFINED SYMBOLS
HAL_SYSTICK_Config
HAL_NVIC_SetPriority
SystemCoreClock
HAL_NVIC_SetPriorityGrouping
