ARM GAS  /tmp/ccdULAW9.s 			page 1


   1              		.cpu cortex-m4
   2              		.arch armv7e-m
   3              		.fpu fpv4-sp-d16
   4              		.eabi_attribute 27, 1
   5              		.eabi_attribute 28, 1
   6              		.eabi_attribute 20, 1
   7              		.eabi_attribute 21, 1
   8              		.eabi_attribute 23, 3
   9              		.eabi_attribute 24, 1
  10              		.eabi_attribute 25, 1
  11              		.eabi_attribute 26, 1
  12              		.eabi_attribute 30, 1
  13              		.eabi_attribute 34, 1
  14              		.eabi_attribute 18, 4
  15              		.file	"stm32_system.cpp"
  16              		.text
  17              	.Ltext0:
  18              		.cfi_sections	.debug_frame
  19              		.global	irq_counters
  20              		.section	.bss.irq_counters,"aw",%nobits
  21              		.align	2
  24              	irq_counters:
  25 0000 00000000 		.space	1016
  25      00000000 
  25      00000000 
  25      00000000 
  25      00000000 
  26              		.text
  27              	.Letext0:
  28              		.file 1 "/opt/gcc-arm-none-eabi/arm-none-eabi/include/machine/_default_types.h"
  29              		.file 2 "/opt/gcc-arm-none-eabi/arm-none-eabi/include/sys/_stdint.h"
  30              		.file 3 "Drivers/STM32/stm32_system.cpp"
ARM GAS  /tmp/ccdULAW9.s 			page 2


DEFINED SYMBOLS
                            *ABS*:0000000000000000 stm32_system.cpp
     /tmp/ccdULAW9.s:24     .bss.irq_counters:0000000000000000 irq_counters
     /tmp/ccdULAW9.s:21     .bss.irq_counters:0000000000000000 $d

NO UNDEFINED SYMBOLS
