ARM GAS  /tmp/ccf7vMEB.s 			page 1


   1              		.cpu cortex-m4
   2              		.arch armv7e-m
   3              		.fpu fpv4-sp-d16
   4              		.eabi_attribute 27, 1
   5              		.eabi_attribute 28, 1
   6              		.eabi_attribute 20, 1
   7              		.eabi_attribute 21, 1
   8              		.eabi_attribute 23, 3
   9              		.eabi_attribute 24, 1
  10              		.eabi_attribute 25, 1
  11              		.eabi_attribute 26, 1
  12              		.eabi_attribute 30, 1
  13              		.eabi_attribute 34, 1
  14              		.eabi_attribute 18, 4
  15              		.file	"usb_device.c"
  16              		.text
  17              	.Ltext0:
  18              		.cfi_sections	.debug_frame
  19              		.section	.text.MX_USB_DEVICE_Init,"ax",%progbits
  20              		.align	1
  21              		.global	MX_USB_DEVICE_Init
  22              		.syntax unified
  23              		.thumb
  24              		.thumb_func
  26              	MX_USB_DEVICE_Init:
  27              	.LFB134:
  28              		.file 1 "Board/v3/Src/usb_device.c"
   1:Board/v3/Src/usb_device.c **** /**
   2:Board/v3/Src/usb_device.c ****   ******************************************************************************
   3:Board/v3/Src/usb_device.c ****   * @file           : usb_device.c
   4:Board/v3/Src/usb_device.c ****   * @version        : v1.0_Cube
   5:Board/v3/Src/usb_device.c ****   * @brief          : This file implements the USB Device
   6:Board/v3/Src/usb_device.c ****   ******************************************************************************
   7:Board/v3/Src/usb_device.c ****   * This notice applies to any and all portions of this file
   8:Board/v3/Src/usb_device.c ****   * that are not between comment pairs USER CODE BEGIN and
   9:Board/v3/Src/usb_device.c ****   * USER CODE END. Other portions of this file, whether 
  10:Board/v3/Src/usb_device.c ****   * inserted by the user or by software development tools
  11:Board/v3/Src/usb_device.c ****   * are owned by their respective copyright owners.
  12:Board/v3/Src/usb_device.c ****   *
  13:Board/v3/Src/usb_device.c ****   * Copyright (c) 2018 STMicroelectronics International N.V. 
  14:Board/v3/Src/usb_device.c ****   * All rights reserved.
  15:Board/v3/Src/usb_device.c ****   *
  16:Board/v3/Src/usb_device.c ****   * Redistribution and use in source and binary forms, with or without 
  17:Board/v3/Src/usb_device.c ****   * modification, are permitted, provided that the following conditions are met:
  18:Board/v3/Src/usb_device.c ****   *
  19:Board/v3/Src/usb_device.c ****   * 1. Redistribution of source code must retain the above copyright notice, 
  20:Board/v3/Src/usb_device.c ****   *    this list of conditions and the following disclaimer.
  21:Board/v3/Src/usb_device.c ****   * 2. Redistributions in binary form must reproduce the above copyright notice,
  22:Board/v3/Src/usb_device.c ****   *    this list of conditions and the following disclaimer in the documentation
  23:Board/v3/Src/usb_device.c ****   *    and/or other materials provided with the distribution.
  24:Board/v3/Src/usb_device.c ****   * 3. Neither the name of STMicroelectronics nor the names of other 
  25:Board/v3/Src/usb_device.c ****   *    contributors to this software may be used to endorse or promote products 
  26:Board/v3/Src/usb_device.c ****   *    derived from this software without specific written permission.
  27:Board/v3/Src/usb_device.c ****   * 4. This software, including modifications and/or derivative works of this 
  28:Board/v3/Src/usb_device.c ****   *    software, must execute solely and exclusively on microcontroller or
  29:Board/v3/Src/usb_device.c ****   *    microprocessor devices manufactured by or for STMicroelectronics.
  30:Board/v3/Src/usb_device.c ****   * 5. Redistribution and use of this software other than as permitted under 
ARM GAS  /tmp/ccf7vMEB.s 			page 2


  31:Board/v3/Src/usb_device.c ****   *    this license is void and will automatically terminate your rights under 
  32:Board/v3/Src/usb_device.c ****   *    this license. 
  33:Board/v3/Src/usb_device.c ****   *
  34:Board/v3/Src/usb_device.c ****   * THIS SOFTWARE IS PROVIDED BY STMICROELECTRONICS AND CONTRIBUTORS "AS IS" 
  35:Board/v3/Src/usb_device.c ****   * AND ANY EXPRESS, IMPLIED OR STATUTORY WARRANTIES, INCLUDING, BUT NOT 
  36:Board/v3/Src/usb_device.c ****   * LIMITED TO, THE IMPLIED WARRANTIES OF MERCHANTABILITY, FITNESS FOR A 
  37:Board/v3/Src/usb_device.c ****   * PARTICULAR PURPOSE AND NON-INFRINGEMENT OF THIRD PARTY INTELLECTUAL PROPERTY
  38:Board/v3/Src/usb_device.c ****   * RIGHTS ARE DISCLAIMED TO THE FULLEST EXTENT PERMITTED BY LAW. IN NO EVENT 
  39:Board/v3/Src/usb_device.c ****   * SHALL STMICROELECTRONICS OR CONTRIBUTORS BE LIABLE FOR ANY DIRECT, INDIRECT,
  40:Board/v3/Src/usb_device.c ****   * INCIDENTAL, SPECIAL, EXEMPLARY, OR CONSEQUENTIAL DAMAGES (INCLUDING, BUT NOT
  41:Board/v3/Src/usb_device.c ****   * LIMITED TO, PROCUREMENT OF SUBSTITUTE GOODS OR SERVICES; LOSS OF USE, DATA, 
  42:Board/v3/Src/usb_device.c ****   * OR PROFITS; OR BUSINESS INTERRUPTION) HOWEVER CAUSED AND ON ANY THEORY OF 
  43:Board/v3/Src/usb_device.c ****   * LIABILITY, WHETHER IN CONTRACT, STRICT LIABILITY, OR TORT (INCLUDING 
  44:Board/v3/Src/usb_device.c ****   * NEGLIGENCE OR OTHERWISE) ARISING IN ANY WAY OUT OF THE USE OF THIS SOFTWARE,
  45:Board/v3/Src/usb_device.c ****   * EVEN IF ADVISED OF THE POSSIBILITY OF SUCH DAMAGE.
  46:Board/v3/Src/usb_device.c ****   *
  47:Board/v3/Src/usb_device.c ****   ******************************************************************************
  48:Board/v3/Src/usb_device.c ****   */
  49:Board/v3/Src/usb_device.c **** 
  50:Board/v3/Src/usb_device.c **** /* Includes ------------------------------------------------------------------*/
  51:Board/v3/Src/usb_device.c **** 
  52:Board/v3/Src/usb_device.c **** #include "usb_device.h"
  53:Board/v3/Src/usb_device.c **** #include "usbd_core.h"
  54:Board/v3/Src/usb_device.c **** #include "usbd_desc.h"
  55:Board/v3/Src/usb_device.c **** #include "usbd_cdc.h"
  56:Board/v3/Src/usb_device.c **** #include "usbd_cdc_if.h"
  57:Board/v3/Src/usb_device.c **** 
  58:Board/v3/Src/usb_device.c **** /* USER CODE BEGIN Includes */
  59:Board/v3/Src/usb_device.c **** 
  60:Board/v3/Src/usb_device.c **** /* USER CODE END Includes */
  61:Board/v3/Src/usb_device.c **** 
  62:Board/v3/Src/usb_device.c **** /* USER CODE BEGIN PV */
  63:Board/v3/Src/usb_device.c **** /* Private variables ---------------------------------------------------------*/
  64:Board/v3/Src/usb_device.c **** 
  65:Board/v3/Src/usb_device.c **** /* USER CODE END PV */
  66:Board/v3/Src/usb_device.c **** 
  67:Board/v3/Src/usb_device.c **** /* USER CODE BEGIN PFP */
  68:Board/v3/Src/usb_device.c **** /* Private function prototypes -----------------------------------------------*/
  69:Board/v3/Src/usb_device.c **** 
  70:Board/v3/Src/usb_device.c **** /* USER CODE END PFP */
  71:Board/v3/Src/usb_device.c **** 
  72:Board/v3/Src/usb_device.c **** /* USB Device Core handle declaration. */
  73:Board/v3/Src/usb_device.c **** USBD_HandleTypeDef hUsbDeviceFS;
  74:Board/v3/Src/usb_device.c **** 
  75:Board/v3/Src/usb_device.c **** /*
  76:Board/v3/Src/usb_device.c ****  * -- Insert your variables declaration here --
  77:Board/v3/Src/usb_device.c ****  */
  78:Board/v3/Src/usb_device.c **** /* USER CODE BEGIN 0 */
  79:Board/v3/Src/usb_device.c **** 
  80:Board/v3/Src/usb_device.c **** /* USER CODE END 0 */
  81:Board/v3/Src/usb_device.c **** 
  82:Board/v3/Src/usb_device.c **** /*
  83:Board/v3/Src/usb_device.c ****  * -- Insert your external function declaration here --
  84:Board/v3/Src/usb_device.c ****  */
  85:Board/v3/Src/usb_device.c **** /* USER CODE BEGIN 1 */
  86:Board/v3/Src/usb_device.c **** 
  87:Board/v3/Src/usb_device.c **** /* USER CODE END 1 */
ARM GAS  /tmp/ccf7vMEB.s 			page 3


  88:Board/v3/Src/usb_device.c **** 
  89:Board/v3/Src/usb_device.c **** /**
  90:Board/v3/Src/usb_device.c ****   * Init USB device Library, add supported class and start the library
  91:Board/v3/Src/usb_device.c ****   * @retval None
  92:Board/v3/Src/usb_device.c ****   */
  93:Board/v3/Src/usb_device.c **** void MX_USB_DEVICE_Init(void)
  94:Board/v3/Src/usb_device.c **** {
  29              		.loc 1 94 1 view -0
  30              		.cfi_startproc
  31              		@ args = 0, pretend = 0, frame = 0
  32              		@ frame_needed = 0, uses_anonymous_args = 0
  33 0000 10B5     		push	{r4, lr}
  34              	.LCFI0:
  35              		.cfi_def_cfa_offset 8
  36              		.cfi_offset 4, -8
  37              		.cfi_offset 14, -4
  95:Board/v3/Src/usb_device.c ****   /* USER CODE BEGIN USB_DEVICE_Init_PreTreatment */
  96:Board/v3/Src/usb_device.c ****   
  97:Board/v3/Src/usb_device.c ****   /* USER CODE END USB_DEVICE_Init_PreTreatment */
  98:Board/v3/Src/usb_device.c ****   
  99:Board/v3/Src/usb_device.c ****   /* Init Device Library, add supported class and start the library. */
 100:Board/v3/Src/usb_device.c ****   USBD_Init(&hUsbDeviceFS, &FS_Desc, DEVICE_FS);
  38              		.loc 1 100 3 view .LVU1
  39 0002 094C     		ldr	r4, .L3
  40 0004 0022     		movs	r2, #0
  41 0006 0949     		ldr	r1, .L3+4
  42 0008 2046     		mov	r0, r4
  43 000a FFF7FEFF 		bl	USBD_Init
  44              	.LVL0:
 101:Board/v3/Src/usb_device.c **** 
 102:Board/v3/Src/usb_device.c ****   USBD_RegisterClass(&hUsbDeviceFS, &USBD_CDC);
  45              		.loc 1 102 3 view .LVU2
  46 000e 0849     		ldr	r1, .L3+8
  47 0010 2046     		mov	r0, r4
  48 0012 FFF7FEFF 		bl	USBD_RegisterClass
  49              	.LVL1:
 103:Board/v3/Src/usb_device.c **** 
 104:Board/v3/Src/usb_device.c ****   USBD_CDC_RegisterInterface(&hUsbDeviceFS, &USBD_Interface_fops_FS);
  50              		.loc 1 104 3 view .LVU3
  51 0016 0749     		ldr	r1, .L3+12
  52 0018 2046     		mov	r0, r4
  53 001a FFF7FEFF 		bl	USBD_CDC_RegisterInterface
  54              	.LVL2:
 105:Board/v3/Src/usb_device.c **** 
 106:Board/v3/Src/usb_device.c ****   USBD_Start(&hUsbDeviceFS);
  55              		.loc 1 106 3 view .LVU4
  56 001e 2046     		mov	r0, r4
  57 0020 FFF7FEFF 		bl	USBD_Start
  58              	.LVL3:
 107:Board/v3/Src/usb_device.c **** 
 108:Board/v3/Src/usb_device.c ****   /* USER CODE BEGIN USB_DEVICE_Init_PostTreatment */
 109:Board/v3/Src/usb_device.c ****   
 110:Board/v3/Src/usb_device.c ****   /* USER CODE END USB_DEVICE_Init_PostTreatment */
 111:Board/v3/Src/usb_device.c **** }
  59              		.loc 1 111 1 is_stmt 0 view .LVU5
  60 0024 10BD     		pop	{r4, pc}
  61              	.L4:
ARM GAS  /tmp/ccf7vMEB.s 			page 4


  62 0026 00BF     		.align	2
  63              	.L3:
  64 0028 00000000 		.word	.LANCHOR0
  65 002c 00000000 		.word	FS_Desc
  66 0030 00000000 		.word	USBD_CDC
  67 0034 00000000 		.word	USBD_Interface_fops_FS
  68              		.cfi_endproc
  69              	.LFE134:
  71              		.global	hUsbDeviceFS
  72              		.section	.bss.hUsbDeviceFS,"aw",%nobits
  73              		.align	2
  74              		.set	.LANCHOR0,. + 0
  77              	hUsbDeviceFS:
  78 0000 00000000 		.space	720
  78      00000000 
  78      00000000 
  78      00000000 
  78      00000000 
  79              		.text
  80              	.Letext0:
  81              		.file 2 "/opt/gcc-arm-none-eabi/arm-none-eabi/include/machine/_default_types.h"
  82              		.file 3 "/opt/gcc-arm-none-eabi/arm-none-eabi/include/sys/_stdint.h"
  83              		.file 4 "ThirdParty/STM32_USB_Device_Library/Core/Inc/usbd_def.h"
  84              		.file 5 "Board/v3/Inc/usb_device.h"
  85              		.file 6 "Board/v3/Inc/usbd_desc.h"
  86              		.file 7 "ThirdParty/STM32_USB_Device_Library/Class/CDC/Inc/usbd_cdc.h"
  87              		.file 8 "Board/v3/Inc/usbd_cdc_if.h"
  88              		.file 9 "ThirdParty/STM32_USB_Device_Library/Core/Inc/usbd_core.h"
ARM GAS  /tmp/ccf7vMEB.s 			page 5


DEFINED SYMBOLS
                            *ABS*:0000000000000000 usb_device.c
     /tmp/ccf7vMEB.s:20     .text.MX_USB_DEVICE_Init:0000000000000000 $t
     /tmp/ccf7vMEB.s:26     .text.MX_USB_DEVICE_Init:0000000000000000 MX_USB_DEVICE_Init
     /tmp/ccf7vMEB.s:64     .text.MX_USB_DEVICE_Init:0000000000000028 $d
     /tmp/ccf7vMEB.s:77     .bss.hUsbDeviceFS:0000000000000000 hUsbDeviceFS
     /tmp/ccf7vMEB.s:73     .bss.hUsbDeviceFS:0000000000000000 $d

UNDEFINED SYMBOLS
USBD_Init
USBD_RegisterClass
USBD_CDC_RegisterInterface
USBD_Start
FS_Desc
USBD_CDC
USBD_Interface_fops_FS
