ARM GAS  /tmp/ccVhTbYr.s 			page 1


   1              		.cpu cortex-m4
   2              		.arch armv7e-m
   3              		.fpu fpv4-sp-d16
   4              		.eabi_attribute 27, 1
   5              		.eabi_attribute 28, 1
   6              		.eabi_attribute 20, 1
   7              		.eabi_attribute 21, 1
   8              		.eabi_attribute 23, 3
   9              		.eabi_attribute 24, 1
  10              		.eabi_attribute 25, 1
  11              		.eabi_attribute 26, 1
  12              		.eabi_attribute 30, 1
  13              		.eabi_attribute 34, 1
  14              		.eabi_attribute 18, 4
  15              		.file	"usbd_ioreq.c"
  16              		.text
  17              	.Ltext0:
  18              		.cfi_sections	.debug_frame
  19              		.section	.text.USBD_CtlSendData,"ax",%progbits
  20              		.align	1
  21              		.global	USBD_CtlSendData
  22              		.syntax unified
  23              		.thumb
  24              		.thumb_func
  26              	USBD_CtlSendData:
  27              	.LVL0:
  28              	.LFB134:
  29              		.file 1 "ThirdParty/STM32_USB_Device_Library/Core/Src/usbd_ioreq.c"
   1:ThirdParty/STM32_USB_Device_Library/Core/Src/usbd_ioreq.c **** /**
   2:ThirdParty/STM32_USB_Device_Library/Core/Src/usbd_ioreq.c ****   ******************************************************************************
   3:ThirdParty/STM32_USB_Device_Library/Core/Src/usbd_ioreq.c ****   * @file    usbd_ioreq.c
   4:ThirdParty/STM32_USB_Device_Library/Core/Src/usbd_ioreq.c ****   * @author  MCD Application Team
   5:ThirdParty/STM32_USB_Device_Library/Core/Src/usbd_ioreq.c ****   * @brief   This file provides the IO requests APIs for control endpoints.
   6:ThirdParty/STM32_USB_Device_Library/Core/Src/usbd_ioreq.c ****   ******************************************************************************
   7:ThirdParty/STM32_USB_Device_Library/Core/Src/usbd_ioreq.c ****   * @attention
   8:ThirdParty/STM32_USB_Device_Library/Core/Src/usbd_ioreq.c ****   *
   9:ThirdParty/STM32_USB_Device_Library/Core/Src/usbd_ioreq.c ****   * <h2><center>&copy; Copyright (c) 2015 STMicroelectronics.
  10:ThirdParty/STM32_USB_Device_Library/Core/Src/usbd_ioreq.c ****   * All rights reserved.</center></h2>
  11:ThirdParty/STM32_USB_Device_Library/Core/Src/usbd_ioreq.c ****   *
  12:ThirdParty/STM32_USB_Device_Library/Core/Src/usbd_ioreq.c ****   * This software component is licensed by ST under Ultimate Liberty license
  13:ThirdParty/STM32_USB_Device_Library/Core/Src/usbd_ioreq.c ****   * SLA0044, the "License"; You may not use this file except in compliance with
  14:ThirdParty/STM32_USB_Device_Library/Core/Src/usbd_ioreq.c ****   * the License. You may obtain a copy of the License at:
  15:ThirdParty/STM32_USB_Device_Library/Core/Src/usbd_ioreq.c ****   *                      www.st.com/SLA0044
  16:ThirdParty/STM32_USB_Device_Library/Core/Src/usbd_ioreq.c ****   *
  17:ThirdParty/STM32_USB_Device_Library/Core/Src/usbd_ioreq.c ****   ******************************************************************************
  18:ThirdParty/STM32_USB_Device_Library/Core/Src/usbd_ioreq.c ****   */
  19:ThirdParty/STM32_USB_Device_Library/Core/Src/usbd_ioreq.c **** 
  20:ThirdParty/STM32_USB_Device_Library/Core/Src/usbd_ioreq.c **** /* Includes ------------------------------------------------------------------*/
  21:ThirdParty/STM32_USB_Device_Library/Core/Src/usbd_ioreq.c **** #include "usbd_ioreq.h"
  22:ThirdParty/STM32_USB_Device_Library/Core/Src/usbd_ioreq.c **** 
  23:ThirdParty/STM32_USB_Device_Library/Core/Src/usbd_ioreq.c **** /** @addtogroup STM32_USB_DEVICE_LIBRARY
  24:ThirdParty/STM32_USB_Device_Library/Core/Src/usbd_ioreq.c ****   * @{
  25:ThirdParty/STM32_USB_Device_Library/Core/Src/usbd_ioreq.c ****   */
  26:ThirdParty/STM32_USB_Device_Library/Core/Src/usbd_ioreq.c **** 
  27:ThirdParty/STM32_USB_Device_Library/Core/Src/usbd_ioreq.c **** 
  28:ThirdParty/STM32_USB_Device_Library/Core/Src/usbd_ioreq.c **** /** @defgroup USBD_IOREQ
  29:ThirdParty/STM32_USB_Device_Library/Core/Src/usbd_ioreq.c ****   * @brief control I/O requests module
ARM GAS  /tmp/ccVhTbYr.s 			page 2


  30:ThirdParty/STM32_USB_Device_Library/Core/Src/usbd_ioreq.c ****   * @{
  31:ThirdParty/STM32_USB_Device_Library/Core/Src/usbd_ioreq.c ****   */
  32:ThirdParty/STM32_USB_Device_Library/Core/Src/usbd_ioreq.c **** 
  33:ThirdParty/STM32_USB_Device_Library/Core/Src/usbd_ioreq.c **** /** @defgroup USBD_IOREQ_Private_TypesDefinitions
  34:ThirdParty/STM32_USB_Device_Library/Core/Src/usbd_ioreq.c ****   * @{
  35:ThirdParty/STM32_USB_Device_Library/Core/Src/usbd_ioreq.c ****   */
  36:ThirdParty/STM32_USB_Device_Library/Core/Src/usbd_ioreq.c **** /**
  37:ThirdParty/STM32_USB_Device_Library/Core/Src/usbd_ioreq.c ****   * @}
  38:ThirdParty/STM32_USB_Device_Library/Core/Src/usbd_ioreq.c ****   */
  39:ThirdParty/STM32_USB_Device_Library/Core/Src/usbd_ioreq.c **** 
  40:ThirdParty/STM32_USB_Device_Library/Core/Src/usbd_ioreq.c **** 
  41:ThirdParty/STM32_USB_Device_Library/Core/Src/usbd_ioreq.c **** /** @defgroup USBD_IOREQ_Private_Defines
  42:ThirdParty/STM32_USB_Device_Library/Core/Src/usbd_ioreq.c ****   * @{
  43:ThirdParty/STM32_USB_Device_Library/Core/Src/usbd_ioreq.c ****   */
  44:ThirdParty/STM32_USB_Device_Library/Core/Src/usbd_ioreq.c **** 
  45:ThirdParty/STM32_USB_Device_Library/Core/Src/usbd_ioreq.c **** /**
  46:ThirdParty/STM32_USB_Device_Library/Core/Src/usbd_ioreq.c ****   * @}
  47:ThirdParty/STM32_USB_Device_Library/Core/Src/usbd_ioreq.c ****   */
  48:ThirdParty/STM32_USB_Device_Library/Core/Src/usbd_ioreq.c **** 
  49:ThirdParty/STM32_USB_Device_Library/Core/Src/usbd_ioreq.c **** 
  50:ThirdParty/STM32_USB_Device_Library/Core/Src/usbd_ioreq.c **** /** @defgroup USBD_IOREQ_Private_Macros
  51:ThirdParty/STM32_USB_Device_Library/Core/Src/usbd_ioreq.c ****   * @{
  52:ThirdParty/STM32_USB_Device_Library/Core/Src/usbd_ioreq.c ****   */
  53:ThirdParty/STM32_USB_Device_Library/Core/Src/usbd_ioreq.c **** /**
  54:ThirdParty/STM32_USB_Device_Library/Core/Src/usbd_ioreq.c ****   * @}
  55:ThirdParty/STM32_USB_Device_Library/Core/Src/usbd_ioreq.c ****   */
  56:ThirdParty/STM32_USB_Device_Library/Core/Src/usbd_ioreq.c **** 
  57:ThirdParty/STM32_USB_Device_Library/Core/Src/usbd_ioreq.c **** 
  58:ThirdParty/STM32_USB_Device_Library/Core/Src/usbd_ioreq.c **** /** @defgroup USBD_IOREQ_Private_Variables
  59:ThirdParty/STM32_USB_Device_Library/Core/Src/usbd_ioreq.c ****   * @{
  60:ThirdParty/STM32_USB_Device_Library/Core/Src/usbd_ioreq.c ****   */
  61:ThirdParty/STM32_USB_Device_Library/Core/Src/usbd_ioreq.c **** 
  62:ThirdParty/STM32_USB_Device_Library/Core/Src/usbd_ioreq.c **** /**
  63:ThirdParty/STM32_USB_Device_Library/Core/Src/usbd_ioreq.c ****   * @}
  64:ThirdParty/STM32_USB_Device_Library/Core/Src/usbd_ioreq.c ****   */
  65:ThirdParty/STM32_USB_Device_Library/Core/Src/usbd_ioreq.c **** 
  66:ThirdParty/STM32_USB_Device_Library/Core/Src/usbd_ioreq.c **** 
  67:ThirdParty/STM32_USB_Device_Library/Core/Src/usbd_ioreq.c **** /** @defgroup USBD_IOREQ_Private_FunctionPrototypes
  68:ThirdParty/STM32_USB_Device_Library/Core/Src/usbd_ioreq.c ****   * @{
  69:ThirdParty/STM32_USB_Device_Library/Core/Src/usbd_ioreq.c ****   */
  70:ThirdParty/STM32_USB_Device_Library/Core/Src/usbd_ioreq.c **** /**
  71:ThirdParty/STM32_USB_Device_Library/Core/Src/usbd_ioreq.c ****   * @}
  72:ThirdParty/STM32_USB_Device_Library/Core/Src/usbd_ioreq.c ****   */
  73:ThirdParty/STM32_USB_Device_Library/Core/Src/usbd_ioreq.c **** 
  74:ThirdParty/STM32_USB_Device_Library/Core/Src/usbd_ioreq.c **** 
  75:ThirdParty/STM32_USB_Device_Library/Core/Src/usbd_ioreq.c **** /** @defgroup USBD_IOREQ_Private_Functions
  76:ThirdParty/STM32_USB_Device_Library/Core/Src/usbd_ioreq.c ****   * @{
  77:ThirdParty/STM32_USB_Device_Library/Core/Src/usbd_ioreq.c ****   */
  78:ThirdParty/STM32_USB_Device_Library/Core/Src/usbd_ioreq.c **** 
  79:ThirdParty/STM32_USB_Device_Library/Core/Src/usbd_ioreq.c **** /**
  80:ThirdParty/STM32_USB_Device_Library/Core/Src/usbd_ioreq.c **** * @brief  USBD_CtlSendData
  81:ThirdParty/STM32_USB_Device_Library/Core/Src/usbd_ioreq.c **** *         send data on the ctl pipe
  82:ThirdParty/STM32_USB_Device_Library/Core/Src/usbd_ioreq.c **** * @param  pdev: device instance
  83:ThirdParty/STM32_USB_Device_Library/Core/Src/usbd_ioreq.c **** * @param  buff: pointer to data buffer
  84:ThirdParty/STM32_USB_Device_Library/Core/Src/usbd_ioreq.c **** * @param  len: length of data to be sent
  85:ThirdParty/STM32_USB_Device_Library/Core/Src/usbd_ioreq.c **** * @retval status
  86:ThirdParty/STM32_USB_Device_Library/Core/Src/usbd_ioreq.c **** */
ARM GAS  /tmp/ccVhTbYr.s 			page 3


  87:ThirdParty/STM32_USB_Device_Library/Core/Src/usbd_ioreq.c **** USBD_StatusTypeDef USBD_CtlSendData(USBD_HandleTypeDef *pdev,
  88:ThirdParty/STM32_USB_Device_Library/Core/Src/usbd_ioreq.c ****                                     uint8_t *pbuf, uint32_t len)
  89:ThirdParty/STM32_USB_Device_Library/Core/Src/usbd_ioreq.c **** {
  30              		.loc 1 89 1 view -0
  31              		.cfi_startproc
  32              		@ args = 0, pretend = 0, frame = 0
  33              		@ frame_needed = 0, uses_anonymous_args = 0
  34              		.loc 1 89 1 is_stmt 0 view .LVU1
  35 0000 08B5     		push	{r3, lr}
  36              	.LCFI0:
  37              		.cfi_def_cfa_offset 8
  38              		.cfi_offset 3, -8
  39              		.cfi_offset 14, -4
  40 0002 1346     		mov	r3, r2
  90:ThirdParty/STM32_USB_Device_Library/Core/Src/usbd_ioreq.c ****   /* Set EP0 State */
  91:ThirdParty/STM32_USB_Device_Library/Core/Src/usbd_ioreq.c ****   pdev->ep0_state = USBD_EP0_DATA_IN;
  41              		.loc 1 91 3 is_stmt 1 view .LVU2
  42              		.loc 1 91 19 is_stmt 0 view .LVU3
  43 0004 0222     		movs	r2, #2
  44              	.LVL1:
  45              		.loc 1 91 19 view .LVU4
  46 0006 C0F89422 		str	r2, [r0, #660]
  92:ThirdParty/STM32_USB_Device_Library/Core/Src/usbd_ioreq.c ****   pdev->ep_in[0].total_length = len;
  47              		.loc 1 92 3 is_stmt 1 view .LVU5
  48              		.loc 1 92 31 is_stmt 0 view .LVU6
  49 000a 8361     		str	r3, [r0, #24]
  93:ThirdParty/STM32_USB_Device_Library/Core/Src/usbd_ioreq.c ****   pdev->ep_in[0].rem_length = len;
  50              		.loc 1 93 3 is_stmt 1 view .LVU7
  51              		.loc 1 93 29 is_stmt 0 view .LVU8
  52 000c C361     		str	r3, [r0, #28]
  94:ThirdParty/STM32_USB_Device_Library/Core/Src/usbd_ioreq.c **** 
  95:ThirdParty/STM32_USB_Device_Library/Core/Src/usbd_ioreq.c ****   /* Start the transfer */
  96:ThirdParty/STM32_USB_Device_Library/Core/Src/usbd_ioreq.c ****   (void)USBD_LL_Transmit(pdev, 0x00U, pbuf, len);
  53              		.loc 1 96 3 is_stmt 1 view .LVU9
  54              		.loc 1 96 9 is_stmt 0 view .LVU10
  55 000e 0A46     		mov	r2, r1
  56 0010 0021     		movs	r1, #0
  57              	.LVL2:
  58              		.loc 1 96 9 view .LVU11
  59 0012 FFF7FEFF 		bl	USBD_LL_Transmit
  60              	.LVL3:
  97:ThirdParty/STM32_USB_Device_Library/Core/Src/usbd_ioreq.c **** 
  98:ThirdParty/STM32_USB_Device_Library/Core/Src/usbd_ioreq.c ****   return USBD_OK;
  61              		.loc 1 98 3 is_stmt 1 view .LVU12
  99:ThirdParty/STM32_USB_Device_Library/Core/Src/usbd_ioreq.c **** }
  62              		.loc 1 99 1 is_stmt 0 view .LVU13
  63 0016 0020     		movs	r0, #0
  64 0018 08BD     		pop	{r3, pc}
  65              		.cfi_endproc
  66              	.LFE134:
  68              		.section	.text.USBD_CtlContinueSendData,"ax",%progbits
  69              		.align	1
  70              		.global	USBD_CtlContinueSendData
  71              		.syntax unified
  72              		.thumb
  73              		.thumb_func
  75              	USBD_CtlContinueSendData:
ARM GAS  /tmp/ccVhTbYr.s 			page 4


  76              	.LVL4:
  77              	.LFB135:
 100:ThirdParty/STM32_USB_Device_Library/Core/Src/usbd_ioreq.c **** 
 101:ThirdParty/STM32_USB_Device_Library/Core/Src/usbd_ioreq.c **** /**
 102:ThirdParty/STM32_USB_Device_Library/Core/Src/usbd_ioreq.c **** * @brief  USBD_CtlContinueSendData
 103:ThirdParty/STM32_USB_Device_Library/Core/Src/usbd_ioreq.c **** *         continue sending data on the ctl pipe
 104:ThirdParty/STM32_USB_Device_Library/Core/Src/usbd_ioreq.c **** * @param  pdev: device instance
 105:ThirdParty/STM32_USB_Device_Library/Core/Src/usbd_ioreq.c **** * @param  buff: pointer to data buffer
 106:ThirdParty/STM32_USB_Device_Library/Core/Src/usbd_ioreq.c **** * @param  len: length of data to be sent
 107:ThirdParty/STM32_USB_Device_Library/Core/Src/usbd_ioreq.c **** * @retval status
 108:ThirdParty/STM32_USB_Device_Library/Core/Src/usbd_ioreq.c **** */
 109:ThirdParty/STM32_USB_Device_Library/Core/Src/usbd_ioreq.c **** USBD_StatusTypeDef USBD_CtlContinueSendData(USBD_HandleTypeDef *pdev,
 110:ThirdParty/STM32_USB_Device_Library/Core/Src/usbd_ioreq.c ****                                             uint8_t *pbuf, uint32_t len)
 111:ThirdParty/STM32_USB_Device_Library/Core/Src/usbd_ioreq.c **** {
  78              		.loc 1 111 1 is_stmt 1 view -0
  79              		.cfi_startproc
  80              		@ args = 0, pretend = 0, frame = 0
  81              		@ frame_needed = 0, uses_anonymous_args = 0
  82              		.loc 1 111 1 is_stmt 0 view .LVU15
  83 0000 08B5     		push	{r3, lr}
  84              	.LCFI1:
  85              		.cfi_def_cfa_offset 8
  86              		.cfi_offset 3, -8
  87              		.cfi_offset 14, -4
  88 0002 1346     		mov	r3, r2
 112:ThirdParty/STM32_USB_Device_Library/Core/Src/usbd_ioreq.c ****   /* Start the next transfer */
 113:ThirdParty/STM32_USB_Device_Library/Core/Src/usbd_ioreq.c ****   (void)USBD_LL_Transmit(pdev, 0x00U, pbuf, len);
  89              		.loc 1 113 3 is_stmt 1 view .LVU16
  90              		.loc 1 113 9 is_stmt 0 view .LVU17
  91 0004 0A46     		mov	r2, r1
  92              	.LVL5:
  93              		.loc 1 113 9 view .LVU18
  94 0006 0021     		movs	r1, #0
  95              	.LVL6:
  96              		.loc 1 113 9 view .LVU19
  97 0008 FFF7FEFF 		bl	USBD_LL_Transmit
  98              	.LVL7:
 114:ThirdParty/STM32_USB_Device_Library/Core/Src/usbd_ioreq.c **** 
 115:ThirdParty/STM32_USB_Device_Library/Core/Src/usbd_ioreq.c ****   return USBD_OK;
  99              		.loc 1 115 3 is_stmt 1 view .LVU20
 116:ThirdParty/STM32_USB_Device_Library/Core/Src/usbd_ioreq.c **** }
 100              		.loc 1 116 1 is_stmt 0 view .LVU21
 101 000c 0020     		movs	r0, #0
 102 000e 08BD     		pop	{r3, pc}
 103              		.cfi_endproc
 104              	.LFE135:
 106              		.section	.text.USBD_CtlPrepareRx,"ax",%progbits
 107              		.align	1
 108              		.global	USBD_CtlPrepareRx
 109              		.syntax unified
 110              		.thumb
 111              		.thumb_func
 113              	USBD_CtlPrepareRx:
 114              	.LVL8:
 115              	.LFB136:
 117:ThirdParty/STM32_USB_Device_Library/Core/Src/usbd_ioreq.c **** 
 118:ThirdParty/STM32_USB_Device_Library/Core/Src/usbd_ioreq.c **** /**
ARM GAS  /tmp/ccVhTbYr.s 			page 5


 119:ThirdParty/STM32_USB_Device_Library/Core/Src/usbd_ioreq.c **** * @brief  USBD_CtlPrepareRx
 120:ThirdParty/STM32_USB_Device_Library/Core/Src/usbd_ioreq.c **** *         receive data on the ctl pipe
 121:ThirdParty/STM32_USB_Device_Library/Core/Src/usbd_ioreq.c **** * @param  pdev: device instance
 122:ThirdParty/STM32_USB_Device_Library/Core/Src/usbd_ioreq.c **** * @param  buff: pointer to data buffer
 123:ThirdParty/STM32_USB_Device_Library/Core/Src/usbd_ioreq.c **** * @param  len: length of data to be received
 124:ThirdParty/STM32_USB_Device_Library/Core/Src/usbd_ioreq.c **** * @retval status
 125:ThirdParty/STM32_USB_Device_Library/Core/Src/usbd_ioreq.c **** */
 126:ThirdParty/STM32_USB_Device_Library/Core/Src/usbd_ioreq.c **** USBD_StatusTypeDef USBD_CtlPrepareRx(USBD_HandleTypeDef *pdev,
 127:ThirdParty/STM32_USB_Device_Library/Core/Src/usbd_ioreq.c ****                                      uint8_t *pbuf, uint32_t len)
 128:ThirdParty/STM32_USB_Device_Library/Core/Src/usbd_ioreq.c **** {
 116              		.loc 1 128 1 is_stmt 1 view -0
 117              		.cfi_startproc
 118              		@ args = 0, pretend = 0, frame = 0
 119              		@ frame_needed = 0, uses_anonymous_args = 0
 120              		.loc 1 128 1 is_stmt 0 view .LVU23
 121 0000 08B5     		push	{r3, lr}
 122              	.LCFI2:
 123              		.cfi_def_cfa_offset 8
 124              		.cfi_offset 3, -8
 125              		.cfi_offset 14, -4
 126 0002 1346     		mov	r3, r2
 129:ThirdParty/STM32_USB_Device_Library/Core/Src/usbd_ioreq.c ****   /* Set EP0 State */
 130:ThirdParty/STM32_USB_Device_Library/Core/Src/usbd_ioreq.c ****   pdev->ep0_state = USBD_EP0_DATA_OUT;
 127              		.loc 1 130 3 is_stmt 1 view .LVU24
 128              		.loc 1 130 19 is_stmt 0 view .LVU25
 129 0004 0322     		movs	r2, #3
 130              	.LVL9:
 131              		.loc 1 130 19 view .LVU26
 132 0006 C0F89422 		str	r2, [r0, #660]
 131:ThirdParty/STM32_USB_Device_Library/Core/Src/usbd_ioreq.c ****   pdev->ep_out[0].total_length = len;
 133              		.loc 1 131 3 is_stmt 1 view .LVU27
 134              		.loc 1 131 32 is_stmt 0 view .LVU28
 135 000a C0F85831 		str	r3, [r0, #344]
 132:ThirdParty/STM32_USB_Device_Library/Core/Src/usbd_ioreq.c ****   pdev->ep_out[0].rem_length = len;
 136              		.loc 1 132 3 is_stmt 1 view .LVU29
 137              		.loc 1 132 30 is_stmt 0 view .LVU30
 138 000e C0F85C31 		str	r3, [r0, #348]
 133:ThirdParty/STM32_USB_Device_Library/Core/Src/usbd_ioreq.c **** 
 134:ThirdParty/STM32_USB_Device_Library/Core/Src/usbd_ioreq.c ****   /* Start the transfer */
 135:ThirdParty/STM32_USB_Device_Library/Core/Src/usbd_ioreq.c ****   (void)USBD_LL_PrepareReceive(pdev, 0U, pbuf, len);
 139              		.loc 1 135 3 is_stmt 1 view .LVU31
 140              		.loc 1 135 9 is_stmt 0 view .LVU32
 141 0012 0A46     		mov	r2, r1
 142 0014 0021     		movs	r1, #0
 143              	.LVL10:
 144              		.loc 1 135 9 view .LVU33
 145 0016 FFF7FEFF 		bl	USBD_LL_PrepareReceive
 146              	.LVL11:
 136:ThirdParty/STM32_USB_Device_Library/Core/Src/usbd_ioreq.c **** 
 137:ThirdParty/STM32_USB_Device_Library/Core/Src/usbd_ioreq.c ****   return USBD_OK;
 147              		.loc 1 137 3 is_stmt 1 view .LVU34
 138:ThirdParty/STM32_USB_Device_Library/Core/Src/usbd_ioreq.c **** }
 148              		.loc 1 138 1 is_stmt 0 view .LVU35
 149 001a 0020     		movs	r0, #0
 150 001c 08BD     		pop	{r3, pc}
 151              		.cfi_endproc
 152              	.LFE136:
ARM GAS  /tmp/ccVhTbYr.s 			page 6


 154              		.section	.text.USBD_CtlContinueRx,"ax",%progbits
 155              		.align	1
 156              		.global	USBD_CtlContinueRx
 157              		.syntax unified
 158              		.thumb
 159              		.thumb_func
 161              	USBD_CtlContinueRx:
 162              	.LVL12:
 163              	.LFB137:
 139:ThirdParty/STM32_USB_Device_Library/Core/Src/usbd_ioreq.c **** 
 140:ThirdParty/STM32_USB_Device_Library/Core/Src/usbd_ioreq.c **** /**
 141:ThirdParty/STM32_USB_Device_Library/Core/Src/usbd_ioreq.c **** * @brief  USBD_CtlContinueRx
 142:ThirdParty/STM32_USB_Device_Library/Core/Src/usbd_ioreq.c **** *         continue receive data on the ctl pipe
 143:ThirdParty/STM32_USB_Device_Library/Core/Src/usbd_ioreq.c **** * @param  pdev: device instance
 144:ThirdParty/STM32_USB_Device_Library/Core/Src/usbd_ioreq.c **** * @param  buff: pointer to data buffer
 145:ThirdParty/STM32_USB_Device_Library/Core/Src/usbd_ioreq.c **** * @param  len: length of data to be received
 146:ThirdParty/STM32_USB_Device_Library/Core/Src/usbd_ioreq.c **** * @retval status
 147:ThirdParty/STM32_USB_Device_Library/Core/Src/usbd_ioreq.c **** */
 148:ThirdParty/STM32_USB_Device_Library/Core/Src/usbd_ioreq.c **** USBD_StatusTypeDef USBD_CtlContinueRx(USBD_HandleTypeDef *pdev,
 149:ThirdParty/STM32_USB_Device_Library/Core/Src/usbd_ioreq.c ****                                       uint8_t *pbuf, uint32_t len)
 150:ThirdParty/STM32_USB_Device_Library/Core/Src/usbd_ioreq.c **** {
 164              		.loc 1 150 1 is_stmt 1 view -0
 165              		.cfi_startproc
 166              		@ args = 0, pretend = 0, frame = 0
 167              		@ frame_needed = 0, uses_anonymous_args = 0
 168              		.loc 1 150 1 is_stmt 0 view .LVU37
 169 0000 08B5     		push	{r3, lr}
 170              	.LCFI3:
 171              		.cfi_def_cfa_offset 8
 172              		.cfi_offset 3, -8
 173              		.cfi_offset 14, -4
 174 0002 1346     		mov	r3, r2
 151:ThirdParty/STM32_USB_Device_Library/Core/Src/usbd_ioreq.c ****   (void)USBD_LL_PrepareReceive(pdev, 0U, pbuf, len);
 175              		.loc 1 151 3 is_stmt 1 view .LVU38
 176              		.loc 1 151 9 is_stmt 0 view .LVU39
 177 0004 0A46     		mov	r2, r1
 178              	.LVL13:
 179              		.loc 1 151 9 view .LVU40
 180 0006 0021     		movs	r1, #0
 181              	.LVL14:
 182              		.loc 1 151 9 view .LVU41
 183 0008 FFF7FEFF 		bl	USBD_LL_PrepareReceive
 184              	.LVL15:
 152:ThirdParty/STM32_USB_Device_Library/Core/Src/usbd_ioreq.c **** 
 153:ThirdParty/STM32_USB_Device_Library/Core/Src/usbd_ioreq.c ****   return USBD_OK;
 185              		.loc 1 153 3 is_stmt 1 view .LVU42
 154:ThirdParty/STM32_USB_Device_Library/Core/Src/usbd_ioreq.c **** }
 186              		.loc 1 154 1 is_stmt 0 view .LVU43
 187 000c 0020     		movs	r0, #0
 188 000e 08BD     		pop	{r3, pc}
 189              		.cfi_endproc
 190              	.LFE137:
 192              		.section	.text.USBD_CtlSendStatus,"ax",%progbits
 193              		.align	1
 194              		.global	USBD_CtlSendStatus
 195              		.syntax unified
 196              		.thumb
ARM GAS  /tmp/ccVhTbYr.s 			page 7


 197              		.thumb_func
 199              	USBD_CtlSendStatus:
 200              	.LVL16:
 201              	.LFB138:
 155:ThirdParty/STM32_USB_Device_Library/Core/Src/usbd_ioreq.c **** 
 156:ThirdParty/STM32_USB_Device_Library/Core/Src/usbd_ioreq.c **** /**
 157:ThirdParty/STM32_USB_Device_Library/Core/Src/usbd_ioreq.c **** * @brief  USBD_CtlSendStatus
 158:ThirdParty/STM32_USB_Device_Library/Core/Src/usbd_ioreq.c **** *         send zero lzngth packet on the ctl pipe
 159:ThirdParty/STM32_USB_Device_Library/Core/Src/usbd_ioreq.c **** * @param  pdev: device instance
 160:ThirdParty/STM32_USB_Device_Library/Core/Src/usbd_ioreq.c **** * @retval status
 161:ThirdParty/STM32_USB_Device_Library/Core/Src/usbd_ioreq.c **** */
 162:ThirdParty/STM32_USB_Device_Library/Core/Src/usbd_ioreq.c **** USBD_StatusTypeDef USBD_CtlSendStatus(USBD_HandleTypeDef *pdev)
 163:ThirdParty/STM32_USB_Device_Library/Core/Src/usbd_ioreq.c **** {
 202              		.loc 1 163 1 is_stmt 1 view -0
 203              		.cfi_startproc
 204              		@ args = 0, pretend = 0, frame = 0
 205              		@ frame_needed = 0, uses_anonymous_args = 0
 206              		.loc 1 163 1 is_stmt 0 view .LVU45
 207 0000 08B5     		push	{r3, lr}
 208              	.LCFI4:
 209              		.cfi_def_cfa_offset 8
 210              		.cfi_offset 3, -8
 211              		.cfi_offset 14, -4
 164:ThirdParty/STM32_USB_Device_Library/Core/Src/usbd_ioreq.c ****   /* Set EP0 State */
 165:ThirdParty/STM32_USB_Device_Library/Core/Src/usbd_ioreq.c ****   pdev->ep0_state = USBD_EP0_STATUS_IN;
 212              		.loc 1 165 3 is_stmt 1 view .LVU46
 213              		.loc 1 165 19 is_stmt 0 view .LVU47
 214 0002 0423     		movs	r3, #4
 215 0004 C0F89432 		str	r3, [r0, #660]
 166:ThirdParty/STM32_USB_Device_Library/Core/Src/usbd_ioreq.c **** 
 167:ThirdParty/STM32_USB_Device_Library/Core/Src/usbd_ioreq.c ****   /* Start the transfer */
 168:ThirdParty/STM32_USB_Device_Library/Core/Src/usbd_ioreq.c ****   (void)USBD_LL_Transmit(pdev, 0x00U, NULL, 0U);
 216              		.loc 1 168 3 is_stmt 1 view .LVU48
 217              		.loc 1 168 9 is_stmt 0 view .LVU49
 218 0008 0023     		movs	r3, #0
 219 000a 1A46     		mov	r2, r3
 220 000c 1946     		mov	r1, r3
 221 000e FFF7FEFF 		bl	USBD_LL_Transmit
 222              	.LVL17:
 169:ThirdParty/STM32_USB_Device_Library/Core/Src/usbd_ioreq.c **** 
 170:ThirdParty/STM32_USB_Device_Library/Core/Src/usbd_ioreq.c ****   return USBD_OK;
 223              		.loc 1 170 3 is_stmt 1 view .LVU50
 171:ThirdParty/STM32_USB_Device_Library/Core/Src/usbd_ioreq.c **** }
 224              		.loc 1 171 1 is_stmt 0 view .LVU51
 225 0012 0020     		movs	r0, #0
 226 0014 08BD     		pop	{r3, pc}
 227              		.cfi_endproc
 228              	.LFE138:
 230              		.section	.text.USBD_CtlReceiveStatus,"ax",%progbits
 231              		.align	1
 232              		.global	USBD_CtlReceiveStatus
 233              		.syntax unified
 234              		.thumb
 235              		.thumb_func
 237              	USBD_CtlReceiveStatus:
 238              	.LVL18:
 239              	.LFB139:
ARM GAS  /tmp/ccVhTbYr.s 			page 8


 172:ThirdParty/STM32_USB_Device_Library/Core/Src/usbd_ioreq.c **** 
 173:ThirdParty/STM32_USB_Device_Library/Core/Src/usbd_ioreq.c **** /**
 174:ThirdParty/STM32_USB_Device_Library/Core/Src/usbd_ioreq.c **** * @brief  USBD_CtlReceiveStatus
 175:ThirdParty/STM32_USB_Device_Library/Core/Src/usbd_ioreq.c **** *         receive zero lzngth packet on the ctl pipe
 176:ThirdParty/STM32_USB_Device_Library/Core/Src/usbd_ioreq.c **** * @param  pdev: device instance
 177:ThirdParty/STM32_USB_Device_Library/Core/Src/usbd_ioreq.c **** * @retval status
 178:ThirdParty/STM32_USB_Device_Library/Core/Src/usbd_ioreq.c **** */
 179:ThirdParty/STM32_USB_Device_Library/Core/Src/usbd_ioreq.c **** USBD_StatusTypeDef USBD_CtlReceiveStatus(USBD_HandleTypeDef *pdev)
 180:ThirdParty/STM32_USB_Device_Library/Core/Src/usbd_ioreq.c **** {
 240              		.loc 1 180 1 is_stmt 1 view -0
 241              		.cfi_startproc
 242              		@ args = 0, pretend = 0, frame = 0
 243              		@ frame_needed = 0, uses_anonymous_args = 0
 244              		.loc 1 180 1 is_stmt 0 view .LVU53
 245 0000 08B5     		push	{r3, lr}
 246              	.LCFI5:
 247              		.cfi_def_cfa_offset 8
 248              		.cfi_offset 3, -8
 249              		.cfi_offset 14, -4
 181:ThirdParty/STM32_USB_Device_Library/Core/Src/usbd_ioreq.c ****   /* Set EP0 State */
 182:ThirdParty/STM32_USB_Device_Library/Core/Src/usbd_ioreq.c ****   pdev->ep0_state = USBD_EP0_STATUS_OUT;
 250              		.loc 1 182 3 is_stmt 1 view .LVU54
 251              		.loc 1 182 19 is_stmt 0 view .LVU55
 252 0002 0523     		movs	r3, #5
 253 0004 C0F89432 		str	r3, [r0, #660]
 183:ThirdParty/STM32_USB_Device_Library/Core/Src/usbd_ioreq.c **** 
 184:ThirdParty/STM32_USB_Device_Library/Core/Src/usbd_ioreq.c ****   /* Start the transfer */
 185:ThirdParty/STM32_USB_Device_Library/Core/Src/usbd_ioreq.c ****   (void)USBD_LL_PrepareReceive(pdev, 0U, NULL, 0U);
 254              		.loc 1 185 3 is_stmt 1 view .LVU56
 255              		.loc 1 185 9 is_stmt 0 view .LVU57
 256 0008 0023     		movs	r3, #0
 257 000a 1A46     		mov	r2, r3
 258 000c 1946     		mov	r1, r3
 259 000e FFF7FEFF 		bl	USBD_LL_PrepareReceive
 260              	.LVL19:
 186:ThirdParty/STM32_USB_Device_Library/Core/Src/usbd_ioreq.c **** 
 187:ThirdParty/STM32_USB_Device_Library/Core/Src/usbd_ioreq.c ****   return USBD_OK;
 261              		.loc 1 187 3 is_stmt 1 view .LVU58
 188:ThirdParty/STM32_USB_Device_Library/Core/Src/usbd_ioreq.c **** }
 262              		.loc 1 188 1 is_stmt 0 view .LVU59
 263 0012 0020     		movs	r0, #0
 264 0014 08BD     		pop	{r3, pc}
 265              		.cfi_endproc
 266              	.LFE139:
 268              		.section	.text.USBD_GetRxCount,"ax",%progbits
 269              		.align	1
 270              		.global	USBD_GetRxCount
 271              		.syntax unified
 272              		.thumb
 273              		.thumb_func
 275              	USBD_GetRxCount:
 276              	.LVL20:
 277              	.LFB140:
 189:ThirdParty/STM32_USB_Device_Library/Core/Src/usbd_ioreq.c **** 
 190:ThirdParty/STM32_USB_Device_Library/Core/Src/usbd_ioreq.c **** /**
 191:ThirdParty/STM32_USB_Device_Library/Core/Src/usbd_ioreq.c **** * @brief  USBD_GetRxCount
 192:ThirdParty/STM32_USB_Device_Library/Core/Src/usbd_ioreq.c **** *         returns the received data length
ARM GAS  /tmp/ccVhTbYr.s 			page 9


 193:ThirdParty/STM32_USB_Device_Library/Core/Src/usbd_ioreq.c **** * @param  pdev: device instance
 194:ThirdParty/STM32_USB_Device_Library/Core/Src/usbd_ioreq.c **** * @param  ep_addr: endpoint address
 195:ThirdParty/STM32_USB_Device_Library/Core/Src/usbd_ioreq.c **** * @retval Rx Data blength
 196:ThirdParty/STM32_USB_Device_Library/Core/Src/usbd_ioreq.c **** */
 197:ThirdParty/STM32_USB_Device_Library/Core/Src/usbd_ioreq.c **** uint32_t USBD_GetRxCount(USBD_HandleTypeDef *pdev, uint8_t ep_addr)
 198:ThirdParty/STM32_USB_Device_Library/Core/Src/usbd_ioreq.c **** {
 278              		.loc 1 198 1 is_stmt 1 view -0
 279              		.cfi_startproc
 280              		@ args = 0, pretend = 0, frame = 0
 281              		@ frame_needed = 0, uses_anonymous_args = 0
 282              		.loc 1 198 1 is_stmt 0 view .LVU61
 283 0000 08B5     		push	{r3, lr}
 284              	.LCFI6:
 285              		.cfi_def_cfa_offset 8
 286              		.cfi_offset 3, -8
 287              		.cfi_offset 14, -4
 199:ThirdParty/STM32_USB_Device_Library/Core/Src/usbd_ioreq.c ****   return USBD_LL_GetRxDataSize(pdev, ep_addr);
 288              		.loc 1 199 3 is_stmt 1 view .LVU62
 289              		.loc 1 199 10 is_stmt 0 view .LVU63
 290 0002 FFF7FEFF 		bl	USBD_LL_GetRxDataSize
 291              	.LVL21:
 200:ThirdParty/STM32_USB_Device_Library/Core/Src/usbd_ioreq.c **** }
 292              		.loc 1 200 1 view .LVU64
 293 0006 08BD     		pop	{r3, pc}
 294              		.cfi_endproc
 295              	.LFE140:
 297              		.text
 298              	.Letext0:
 299              		.file 2 "/opt/gcc-arm-none-eabi/arm-none-eabi/include/machine/_default_types.h"
 300              		.file 3 "/opt/gcc-arm-none-eabi/arm-none-eabi/include/sys/_stdint.h"
 301              		.file 4 "ThirdParty/STM32_USB_Device_Library/Core/Inc/usbd_def.h"
 302              		.file 5 "ThirdParty/STM32_USB_Device_Library/Core/Inc/usbd_core.h"
ARM GAS  /tmp/ccVhTbYr.s 			page 10


DEFINED SYMBOLS
                            *ABS*:0000000000000000 usbd_ioreq.c
     /tmp/ccVhTbYr.s:20     .text.USBD_CtlSendData:0000000000000000 $t
     /tmp/ccVhTbYr.s:26     .text.USBD_CtlSendData:0000000000000000 USBD_CtlSendData
     /tmp/ccVhTbYr.s:69     .text.USBD_CtlContinueSendData:0000000000000000 $t
     /tmp/ccVhTbYr.s:75     .text.USBD_CtlContinueSendData:0000000000000000 USBD_CtlContinueSendData
     /tmp/ccVhTbYr.s:107    .text.USBD_CtlPrepareRx:0000000000000000 $t
     /tmp/ccVhTbYr.s:113    .text.USBD_CtlPrepareRx:0000000000000000 USBD_CtlPrepareRx
     /tmp/ccVhTbYr.s:155    .text.USBD_CtlContinueRx:0000000000000000 $t
     /tmp/ccVhTbYr.s:161    .text.USBD_CtlContinueRx:0000000000000000 USBD_CtlContinueRx
     /tmp/ccVhTbYr.s:193    .text.USBD_CtlSendStatus:0000000000000000 $t
     /tmp/ccVhTbYr.s:199    .text.USBD_CtlSendStatus:0000000000000000 USBD_CtlSendStatus
     /tmp/ccVhTbYr.s:231    .text.USBD_CtlReceiveStatus:0000000000000000 $t
     /tmp/ccVhTbYr.s:237    .text.USBD_CtlReceiveStatus:0000000000000000 USBD_CtlReceiveStatus
     /tmp/ccVhTbYr.s:269    .text.USBD_GetRxCount:0000000000000000 $t
     /tmp/ccVhTbYr.s:275    .text.USBD_GetRxCount:0000000000000000 USBD_GetRxCount

UNDEFINED SYMBOLS
USBD_LL_Transmit
USBD_LL_PrepareReceive
USBD_LL_GetRxDataSize
